# JRE version: 7.0_11-b21
# Java VM: Java HotSpot(TM) Client VM (23.6-b04 mixed mode windows-x86 )
Heap
 def new generation   total 24704K, used 9636K [0x102e0000, 0x11da0000, 0x1dce0000)
  eden space 22016K,  35% used [0x102e0000, 0x10a98108, 0x11860000)
  from space 2688K,  64% used [0x11860000, 0x11a10f28, 0x11b00000)
  to   space 2688K,   0% used [0x11b00000, 0x11b00000, 0x11da0000)
 tenured generation   total 82004K, used 55382K [0x1dce0000, 0x22cf5000, 0x46ae0000)
   the space 82004K,  67% used [0x1dce0000, 0x212f5b48, 0x212f5c00, 0x22cf5000)
 compacting perm gen  total 40960K, used 40885K [0x46ae0000, 0x492e0000, 0x4cae0000)
   the space 40960K,  99% used [0x46ae0000, 0x492cd490, 0x492cd600, 0x492e0000)
GC Heap History (10 events):
Event: 10210.088 GC heap before
{Heap before GC invocations=315 (full 2):
 def new generation   total 24704K, used 22404K [0x102e0000, 0x11da0000, 0x1dce0000)
  eden space 22016K, 100% used [0x102e0000, 0x11860000, 0x11860000)
  from space 2688K,  14% used [0x11b00000, 0x11b613d0, 0x11da0000)
  to   space 2688K,   0% used [0x11860000, 0x11860000, 0x11b00000)
 tenured generation   total 82004K, used 54558K [0x1dce0000, 0x22cf5000, 0x46ae0000)
   the space 82004K,  66% used [0x1dce0000, 0x21227bc0, 0x21227c00, 0x22cf5000)
 compacting perm gen  total 40960K, used 40711K [0x46ae0000, 0x492e0000, 0x4cae0000)
   the space 40960K,  99% used [0x46ae0000, 0x492a1f58, 0x492a2000, 0x492e0000)
No shared spaces configured.
Event: 10210.093 GC heap after
Heap after GC invocations=316 (full 2):
 def new generation   total 24704K, used 338K [0x102e0000, 0x11da0000, 0x1dce0000)
  eden space 22016K,   0% used [0x102e0000, 0x102e0000, 0x11860000)
  from space 2688K,  12% used [0x11860000, 0x118b4a80, 0x11b00000)
  to   space 2688K,   0% used [0x11b00000, 0x11b00000, 0x11da0000)
 tenured generation   total 82004K, used 54590K [0x1dce0000, 0x22cf5000, 0x46ae0000)
   the space 82004K,  66% used [0x1dce0000, 0x2122f870, 0x2122fa00, 0x22cf5000)
 compacting perm gen  total 40960K, used 40711K [0x46ae0000, 0x492e0000, 0x4cae0000)
   the space 40960K,  99% used [0x46ae0000, 0x492a1f58, 0x492a2000, 0x492e0000)
No shared spaces configured.
}
Event: 10470.870 GC heap before
{Heap before GC invocations=316 (full 2):
 def new generation   total 24704K, used 22354K [0x102e0000, 0x11da0000, 0x1dce0000)
  eden space 22016K, 100% used [0x102e0000, 0x11860000, 0x11860000)
  from space 2688K,  12% used [0x11860000, 0x118b4a80, 0x11b00000)
  to   space 2688K,   0% used [0x11b00000, 0x11b00000, 0x11da0000)
 tenured generation   total 82004K, used 54590K [0x1dce0000, 0x22cf5000, 0x46ae0000)
   the space 82004K,  66% used [0x1dce0000, 0x2122f870, 0x2122fa00, 0x22cf5000)
 compacting perm gen  total 40960K, used 40711K [0x46ae0000, 0x492e0000, 0x4cae0000)
   the space 40960K,  99% used [0x46ae0000, 0x492a1f68, 0x492a2000, 0x492e0000)
No shared spaces configured.
Event: 10470.874 GC heap after
Heap after GC invocations=317 (full 2):
 def new generation   total 24704K, used 71K [0x102e0000, 0x11da0000, 0x1dce0000)
  eden space 22016K,   0% used [0x102e0000, 0x102e0000, 0x11860000)
  from space 2688K,   2% used [0x11b00000, 0x11b11c20, 0x11da0000)
  to   space 2688K,   0% used [0x11860000, 0x11860000, 0x11b00000)
 tenured generation   total 82004K, used 54865K [0x1dce0000, 0x22cf5000, 0x46ae0000)
   the space 82004K,  66% used [0x1dce0000, 0x212745c8, 0x21274600, 0x22cf5000)
 compacting perm gen  total 40960K, used 40711K [0x46ae0000, 0x492e0000, 0x4cae0000)
   the space 40960K,  99% used [0x46ae0000, 0x492a1f68, 0x492a2000, 0x492e0000)
No shared spaces configured.
}
Event: 10565.945 GC heap before
{Heap before GC invocations=317 (full 2):
 def new generation   total 24704K, used 22087K [0x102e0000, 0x11da0000, 0x1dce0000)
  eden space 22016K, 100% used [0x102e0000, 0x11860000, 0x11860000)
  from space 2688K,   2% used [0x11b00000, 0x11b11c20, 0x11da0000)
  to   space 2688K,   0% used [0x11860000, 0x11860000, 0x11b00000)
 tenured generation   total 82004K, used 54865K [0x1dce0000, 0x22cf5000, 0x46ae0000)
   the space 82004K,  66% used [0x1dce0000, 0x212745c8, 0x21274600, 0x22cf5000)
 compacting perm gen  total 40960K, used 40801K [0x46ae0000, 0x492e0000, 0x4cae0000)
   the space 40960K,  99% used [0x46ae0000, 0x492b8618, 0x492b8800, 0x492e0000)
No shared spaces configured.
Event: 10565.972 GC heap after
Heap after GC invocations=318 (full 2):
 def new generation   total 24704K, used 1066K [0x102e0000, 0x11da0000, 0x1dce0000)
  eden space 22016K,   0% used [0x102e0000, 0x102e0000, 0x11860000)
  from space 2688K,  39% used [0x11860000, 0x1196a948, 0x11b00000)
  to   space 2688K,   0% used [0x11b00000, 0x11b00000, 0x11da0000)
 tenured generation   total 82004K, used 54883K [0x1dce0000, 0x22cf5000, 0x46ae0000)
   the space 82004K,  66% used [0x1dce0000, 0x21278eb0, 0x21279000, 0x22cf5000)
 compacting perm gen  total 40960K, used 40801K [0x46ae0000, 0x492e0000, 0x4cae0000)
   the space 40960K,  99% used [0x46ae0000, 0x492b8618, 0x492b8800, 0x492e0000)
No shared spaces configured.
}
Event: 10611.868 GC heap before
{Heap before GC invocations=318 (full 2):
 def new generation   total 24704K, used 23082K [0x102e0000, 0x11da0000, 0x1dce0000)
  eden space 22016K, 100% used [0x102e0000, 0x11860000, 0x11860000)
  from space 2688K,  39% used [0x11860000, 0x1196a948, 0x11b00000)
  to   space 2688K,   0% used [0x11b00000, 0x11b00000, 0x11da0000)
 tenured generation   total 82004K, used 54883K [0x1dce0000, 0x22cf5000, 0x46ae0000)
   the space 82004K,  66% used [0x1dce0000, 0x21278eb0, 0x21279000, 0x22cf5000)
 compacting perm gen  total 40960K, used 40881K [0x46ae0000, 0x492e0000, 0x4cae0000)
   the space 40960K,  99% used [0x46ae0000, 0x492cc580, 0x492cc600, 0x492e0000)
No shared spaces configured.
Event: 10611.875 GC heap after
Heap after GC invocations=319 (full 2):
 def new generation   total 24704K, used 1598K [0x102e0000, 0x11da0000, 0x1dce0000)
  eden space 22016K,   0% used [0x102e0000, 0x102e0000, 0x11860000)
  from space 2688K,  59% used [0x11b00000, 0x11c8fb10, 0x11da0000)
  to   space 2688K,   0% used [0x11860000, 0x11860000, 0x11b00000)
 tenured generation   total 82004K, used 54885K [0x1dce0000, 0x22cf5000, 0x46ae0000)
   the space 82004K,  66% used [0x1dce0000, 0x21279690, 0x21279800, 0x22cf5000)
 compacting perm gen  total 40960K, used 40881K [0x46ae0000, 0x492e0000, 0x4cae0000)
   the space 40960K,  99% used [0x46ae0000, 0x492cc580, 0x492cc600, 0x492e0000)
No shared spaces configured.
}
Event: 10620.828 GC heap before
{Heap before GC invocations=319 (full 2):
 def new generation   total 24704K, used 23614K [0x102e0000, 0x11da0000, 0x1dce0000)
  eden space 22016K, 100% used [0x102e0000, 0x11860000, 0x11860000)
  from space 2688K,  59% used [0x11b00000, 0x11c8fb10, 0x11da0000)
  to   space 2688K,   0% used [0x11860000, 0x11860000, 0x11b00000)
 tenured generation   total 82004K, used 54885K [0x1dce0000, 0x22cf5000, 0x46ae0000)
   the space 82004K,  66% used [0x1dce0000, 0x21279690, 0x21279800, 0x22cf5000)
 compacting perm gen  total 40960K, used 40885K [0x46ae0000, 0x492e0000, 0x4cae0000)
   the space 40960K,  99% used [0x46ae0000, 0x492cd470, 0x492cd600, 0x492e0000)
No shared spaces configured.
Event: 10620.852 GC heap after
Heap after GC invocations=320 (full 2):
 def new generation   total 24704K, used 1731K [0x102e0000, 0x11da0000, 0x1dce0000)
  eden space 22016K,   0% used [0x102e0000, 0x102e0000, 0x11860000)
  from space 2688K,  64% used [0x11860000, 0x11a10f28, 0x11b00000)
  to   space 2688K,   0% used [0x11b00000, 0x11b00000, 0x11da0000)
 tenured generation   total 82004K, used 55382K [0x1dce0000, 0x22cf5000, 0x46ae0000)
   the space 82004K,  67% used [0x1dce0000, 0x212f5b48, 0x212f5c00, 0x22cf5000)
 compacting perm gen  total 40960K, used 40885K [0x46ae0000, 0x492e0000, 0x4cae0000)
   the space 40960K,  99% used [0x46ae0000, 0x492cd470, 0x492cd600, 0x492e0000)
No shared spaces configured.
}

