# JRE version: 7.0_11-b21
# Java VM: Java HotSpot(TM) Client VM (23.6-b04 mixed mode windows-x86 )
Heap
 def new generation   total 21696K, used 1419K [0x102e0000, 0x11a60000, 0x1dce0000)
  eden space 19328K,   0% used [0x102e0000, 0x102e0000, 0x115c0000)
  from space 2368K,  59% used [0x11810000, 0x11972ea0, 0x11a60000)
  to   space 2368K,   0% used [0x115c0000, 0x115c0000, 0x11810000)
 tenured generation   total 72280K, used 72212K [0x1dce0000, 0x22376000, 0x46ae0000)
   the space 72280K,  99% used [0x1dce0000, 0x22365360, 0x20fdbe00, 0x22376000)
 compacting perm gen  total 38144K, used 37976K [0x46ae0000, 0x49020000, 0x4cae0000)
   the space 38144K,  99% used [0x46ae0000, 0x48ff6090, 0x48ff6200, 0x49020000)
GC Heap History (10 events):
Event: 9839.104 GC heap before
{Heap before GC invocations=306 (full 2):
 def new generation   total 21696K, used 20490K [0x102e0000, 0x11a60000, 0x1dce0000)
  eden space 19328K, 100% used [0x102e0000, 0x115c0000, 0x115c0000)
  from space 2368K,  49% used [0x11810000, 0x11932ab8, 0x11a60000)
  to   space 2368K,   0% used [0x115c0000, 0x115c0000, 0x11810000)
 tenured generation   total 72024K, used 65085K [0x1dce0000, 0x22336000, 0x46ae0000)
   the space 72024K,  90% used [0x1dce0000, 0x21c6f730, 0x21c6f800, 0x22336000)
 compacting perm gen  total 36864K, used 36806K [0x46ae0000, 0x48ee0000, 0x4cae0000)
   the space 36864K,  99% used [0x46ae0000, 0x48ed1b08, 0x48ed1c00, 0x48ee0000)
No shared spaces configured.
Event: 9839.107 GC heap after
Heap after GC invocations=307 (full 2):
 def new generation   total 21696K, used 1144K [0x102e0000, 0x11a60000, 0x1dce0000)
  eden space 19328K,   0% used [0x102e0000, 0x102e0000, 0x115c0000)
  from space 2368K,  48% used [0x115c0000, 0x116de220, 0x11810000)
  to   space 2368K,   0% used [0x11810000, 0x11810000, 0x11a60000)
 tenured generation   total 72024K, used 65085K [0x1dce0000, 0x22336000, 0x46ae0000)
   the space 72024K,  90% used [0x1dce0000, 0x21c6f730, 0x21c6f800, 0x22336000)
 compacting perm gen  total 36864K, used 36806K [0x46ae0000, 0x48ee0000, 0x4cae0000)
   the space 36864K,  99% used [0x46ae0000, 0x48ed1b08, 0x48ed1c00, 0x48ee0000)
No shared spaces configured.
}
Event: 9934.887 GC heap before
{Heap before GC invocations=307 (full 2):
 def new generation   total 21696K, used 20434K [0x102e0000, 0x11a60000, 0x1dce0000)
  eden space 19328K,  99% used [0x102e0000, 0x115b6758, 0x115c0000)
  from space 2368K,  48% used [0x115c0000, 0x116de220, 0x11810000)
  to   space 2368K,   0% used [0x11810000, 0x11810000, 0x11a60000)
 tenured generation   total 72024K, used 65085K [0x1dce0000, 0x22336000, 0x46ae0000)
   the space 72024K,  90% used [0x1dce0000, 0x21c6f730, 0x21c6f800, 0x22336000)
 compacting perm gen  total 36864K, used 36806K [0x46ae0000, 0x48ee0000, 0x4cae0000)
   the space 36864K,  99% used [0x46ae0000, 0x48ed1b28, 0x48ed1c00, 0x48ee0000)
No shared spaces configured.
Event: 9934.891 GC heap after
Heap after GC invocations=308 (full 2):
 def new generation   total 21696K, used 1314K [0x102e0000, 0x11a60000, 0x1dce0000)
  eden space 19328K,   0% used [0x102e0000, 0x102e0000, 0x115c0000)
  from space 2368K,  55% used [0x11810000, 0x11958b20, 0x11a60000)
  to   space 2368K,   0% used [0x115c0000, 0x115c0000, 0x11810000)
 tenured generation   total 72024K, used 65085K [0x1dce0000, 0x22336000, 0x46ae0000)
   the space 72024K,  90% used [0x1dce0000, 0x21c6f730, 0x21c6f800, 0x22336000)
 compacting perm gen  total 36864K, used 36806K [0x46ae0000, 0x48ee0000, 0x4cae0000)
   the space 36864K,  99% used [0x46ae0000, 0x48ed1b28, 0x48ed1c00, 0x48ee0000)
No shared spaces configured.
}
Event: 9942.414 GC heap before
{Heap before GC invocations=308 (full 2):
 def new generation   total 21696K, used 20642K [0x102e0000, 0x11a60000, 0x1dce0000)
  eden space 19328K, 100% used [0x102e0000, 0x115c0000, 0x115c0000)
  from space 2368K,  55% used [0x11810000, 0x11958b20, 0x11a60000)
  to   space 2368K,   0% used [0x115c0000, 0x115c0000, 0x11810000)
 tenured generation   total 72024K, used 65085K [0x1dce0000, 0x22336000, 0x46ae0000)
   the space 72024K,  90% used [0x1dce0000, 0x21c6f730, 0x21c6f800, 0x22336000)
 compacting perm gen  total 36864K, used 36806K [0x46ae0000, 0x48ee0000, 0x4cae0000)
   the space 36864K,  99% used [0x46ae0000, 0x48ed1b28, 0x48ed1c00, 0x48ee0000)
No shared spaces configured.
Event: 9942.418 GC heap after
Heap after GC invocations=309 (full 2):
 def new generation   total 21696K, used 455K [0x102e0000, 0x11a60000, 0x1dce0000)
  eden space 19328K,   0% used [0x102e0000, 0x102e0000, 0x115c0000)
  from space 2368K,  19% used [0x115c0000, 0x11631fa8, 0x11810000)
  to   space 2368K,   0% used [0x11810000, 0x11810000, 0x11a60000)
 tenured generation   total 72024K, used 68683K [0x1dce0000, 0x22336000, 0x46ae0000)
   the space 72024K,  95% used [0x1dce0000, 0x21ff2d58, 0x21ff2e00, 0x22336000)
 compacting perm gen  total 36864K, used 36806K [0x46ae0000, 0x48ee0000, 0x4cae0000)
   the space 36864K,  99% used [0x46ae0000, 0x48ed1b28, 0x48ed1c00, 0x48ee0000)
No shared spaces configured.
}
Event: 9942.973 GC heap before
{Heap before GC invocations=309 (full 2):
 def new generation   total 21696K, used 19783K [0x102e0000, 0x11a60000, 0x1dce0000)
  eden space 19328K, 100% used [0x102e0000, 0x115c0000, 0x115c0000)
  from space 2368K,  19% used [0x115c0000, 0x11631fa8, 0x11810000)
  to   space 2368K,   0% used [0x11810000, 0x11810000, 0x11a60000)
 tenured generation   total 72024K, used 68683K [0x1dce0000, 0x22336000, 0x46ae0000)
   the space 72024K,  95% used [0x1dce0000, 0x21ff2d58, 0x21ff2e00, 0x22336000)
 compacting perm gen  total 37120K, used 36878K [0x46ae0000, 0x48f20000, 0x4cae0000)
   the space 37120K,  99% used [0x46ae0000, 0x48ee3880, 0x48ee3a00, 0x48f20000)
No shared spaces configured.
Event: 9942.978 GC heap after
Heap after GC invocations=310 (full 2):
 def new generation   total 21696K, used 836K [0x102e0000, 0x11a60000, 0x1dce0000)
  eden space 19328K,   0% used [0x102e0000, 0x102e0000, 0x115c0000)
  from space 2368K,  35% used [0x11810000, 0x118e1360, 0x11a60000)
  to   space 2368K,   0% used [0x115c0000, 0x115c0000, 0x11810000)
 tenured generation   total 72024K, used 68683K [0x1dce0000, 0x22336000, 0x46ae0000)
   the space 72024K,  95% used [0x1dce0000, 0x21ff2d58, 0x21ff2e00, 0x22336000)
 compacting perm gen  total 37120K, used 36878K [0x46ae0000, 0x48f20000, 0x4cae0000)
   the space 37120K,  99% used [0x46ae0000, 0x48ee3880, 0x48ee3a00, 0x48f20000)
No shared spaces configured.
}
Event: 9945.155 GC heap before
{Heap before GC invocations=310 (full 2):
 def new generation   total 21696K, used 20164K [0x102e0000, 0x11a60000, 0x1dce0000)
  eden space 19328K, 100% used [0x102e0000, 0x115c0000, 0x115c0000)
  from space 2368K,  35% used [0x11810000, 0x118e1360, 0x11a60000)
  to   space 2368K,   0% used [0x115c0000, 0x115c0000, 0x11810000)
 tenured generation   total 72024K, used 68683K [0x1dce0000, 0x22336000, 0x46ae0000)
   the space 72024K,  95% used [0x1dce0000, 0x21ff2d58, 0x21ff2e00, 0x22336000)
 compacting perm gen  total 37376K, used 37174K [0x46ae0000, 0x48f60000, 0x4cae0000)
   the space 37376K,  99% used [0x46ae0000, 0x48f2dbb8, 0x48f2dc00, 0x48f60000)
No shared spaces configured.
Event: 9945.165 GC heap after
Heap after GC invocations=311 (full 2):
 def new generation   total 21696K, used 2368K [0x102e0000, 0x11a60000, 0x1dce0000)
  eden space 19328K,   0% used [0x102e0000, 0x102e0000, 0x115c0000)
  from space 2368K, 100% used [0x115c0000, 0x11810000, 0x11810000)
  to   space 2368K,   0% used [0x11810000, 0x11810000, 0x11a60000)
 tenured generation   total 72024K, used 69847K [0x1dce0000, 0x22336000, 0x46ae0000)
   the space 72024K,  96% used [0x1dce0000, 0x22115e48, 0x22116000, 0x22336000)
 compacting perm gen  total 37376K, used 37174K [0x46ae0000, 0x48f60000, 0x4cae0000)
   the space 37376K,  99% used [0x46ae0000, 0x48f2dbb8, 0x48f2dc00, 0x48f60000)
No shared spaces configured.
}

