# JRE version: 7.0_11-b21
# Java VM: Java HotSpot(TM) Client VM (23.6-b04 mixed mode windows-x86 )
Heap
 def new generation   total 24768K, used 23604K [0x102e0000, 0x11db0000, 0x1dce0000)
  eden space 22080K,  94% used [0x102e0000, 0x1174d108, 0x11870000)
  from space 2688K, 100% used [0x11870000, 0x11b10000, 0x11b10000)
  to   space 2688K,   0% used [0x11b10000, 0x11b10000, 0x11db0000)
 tenured generation   total 82124K, used 61133K [0x1dce0000, 0x22d13000, 0x46ae0000)
   the space 82124K,  74% used [0x1dce0000, 0x218934e0, 0x21893600, 0x22d13000)
 compacting perm gen  total 37888K, used 37807K [0x46ae0000, 0x48fe0000, 0x4cae0000)
   the space 37888K,  99% used [0x46ae0000, 0x48fcbe18, 0x48fcc000, 0x48fe0000)
GC Heap History (10 events):
Event: 2099.324 GC heap before
{Heap before GC invocations=172 (full 1):
 def new generation   total 24768K, used 23395K [0x102e0000, 0x11db0000, 0x1dce0000)
  eden space 22080K, 100% used [0x102e0000, 0x11870000, 0x11870000)
  from space 2688K,  48% used [0x11b10000, 0x11c58c38, 0x11db0000)
  to   space 2688K,   0% used [0x11870000, 0x11870000, 0x11b10000)
 tenured generation   total 82124K, used 60714K [0x1dce0000, 0x22d13000, 0x46ae0000)
   the space 82124K,  73% used [0x1dce0000, 0x2182ab08, 0x2182ac00, 0x22d13000)
 compacting perm gen  total 36864K, used 36686K [0x46ae0000, 0x48ee0000, 0x4cae0000)
   the space 36864K,  99% used [0x46ae0000, 0x48eb3880, 0x48eb3a00, 0x48ee0000)
No shared spaces configured.
Event: 2099.333 GC heap after
Heap after GC invocations=173 (full 1):
 def new generation   total 24768K, used 1318K [0x102e0000, 0x11db0000, 0x1dce0000)
  eden space 22080K,   0% used [0x102e0000, 0x102e0000, 0x11870000)
  from space 2688K,  49% used [0x11870000, 0x119b9958, 0x11b10000)
  to   space 2688K,   0% used [0x11b10000, 0x11b10000, 0x11db0000)
 tenured generation   total 82124K, used 60714K [0x1dce0000, 0x22d13000, 0x46ae0000)
   the space 82124K,  73% used [0x1dce0000, 0x2182ab08, 0x2182ac00, 0x22d13000)
 compacting perm gen  total 36864K, used 36686K [0x46ae0000, 0x48ee0000, 0x4cae0000)
   the space 36864K,  99% used [0x46ae0000, 0x48eb3880, 0x48eb3a00, 0x48ee0000)
No shared spaces configured.
}
Event: 2264.349 GC heap before
{Heap before GC invocations=173 (full 1):
 def new generation   total 24768K, used 23398K [0x102e0000, 0x11db0000, 0x1dce0000)
  eden space 22080K, 100% used [0x102e0000, 0x11870000, 0x11870000)
  from space 2688K,  49% used [0x11870000, 0x119b9958, 0x11b10000)
  to   space 2688K,   0% used [0x11b10000, 0x11b10000, 0x11db0000)
 tenured generation   total 82124K, used 60714K [0x1dce0000, 0x22d13000, 0x46ae0000)
   the space 82124K,  73% used [0x1dce0000, 0x2182ab08, 0x2182ac00, 0x22d13000)
 compacting perm gen  total 36864K, used 36686K [0x46ae0000, 0x48ee0000, 0x4cae0000)
   the space 36864K,  99% used [0x46ae0000, 0x48eb38b0, 0x48eb3a00, 0x48ee0000)
No shared spaces configured.
Event: 2264.357 GC heap after
Heap after GC invocations=174 (full 1):
 def new generation   total 24768K, used 1217K [0x102e0000, 0x11db0000, 0x1dce0000)
  eden space 22080K,   0% used [0x102e0000, 0x102e0000, 0x11870000)
  from space 2688K,  45% used [0x11b10000, 0x11c40410, 0x11db0000)
  to   space 2688K,   0% used [0x11870000, 0x11870000, 0x11b10000)
 tenured generation   total 82124K, used 60759K [0x1dce0000, 0x22d13000, 0x46ae0000)
   the space 82124K,  73% used [0x1dce0000, 0x21835e68, 0x21836000, 0x22d13000)
 compacting perm gen  total 36864K, used 36686K [0x46ae0000, 0x48ee0000, 0x4cae0000)
   the space 36864K,  99% used [0x46ae0000, 0x48eb38b0, 0x48eb3a00, 0x48ee0000)
No shared spaces configured.
}
Event: 2291.478 GC heap before
{Heap before GC invocations=174 (full 1):
 def new generation   total 24768K, used 23297K [0x102e0000, 0x11db0000, 0x1dce0000)
  eden space 22080K, 100% used [0x102e0000, 0x11870000, 0x11870000)
  from space 2688K,  45% used [0x11b10000, 0x11c40410, 0x11db0000)
  to   space 2688K,   0% used [0x11870000, 0x11870000, 0x11b10000)
 tenured generation   total 82124K, used 60759K [0x1dce0000, 0x22d13000, 0x46ae0000)
   the space 82124K,  73% used [0x1dce0000, 0x21835e68, 0x21836000, 0x22d13000)
 compacting perm gen  total 36864K, used 36686K [0x46ae0000, 0x48ee0000, 0x4cae0000)
   the space 36864K,  99% used [0x46ae0000, 0x48eb3910, 0x48eb3a00, 0x48ee0000)
No shared spaces configured.
Event: 2291.486 GC heap after
Heap after GC invocations=175 (full 1):
 def new generation   total 24768K, used 1216K [0x102e0000, 0x11db0000, 0x1dce0000)
  eden space 22080K,   0% used [0x102e0000, 0x102e0000, 0x11870000)
  from space 2688K,  45% used [0x11870000, 0x119a00e0, 0x11b10000)
  to   space 2688K,   0% used [0x11b10000, 0x11b10000, 0x11db0000)
 tenured generation   total 82124K, used 60767K [0x1dce0000, 0x22d13000, 0x46ae0000)
   the space 82124K,  73% used [0x1dce0000, 0x21837c50, 0x21837e00, 0x22d13000)
 compacting perm gen  total 36864K, used 36686K [0x46ae0000, 0x48ee0000, 0x4cae0000)
   the space 36864K,  99% used [0x46ae0000, 0x48eb3910, 0x48eb3a00, 0x48ee0000)
No shared spaces configured.
}
Event: 2369.860 GC heap before
{Heap before GC invocations=175 (full 1):
 def new generation   total 24768K, used 23296K [0x102e0000, 0x11db0000, 0x1dce0000)
  eden space 22080K, 100% used [0x102e0000, 0x11870000, 0x11870000)
  from space 2688K,  45% used [0x11870000, 0x119a00e0, 0x11b10000)
  to   space 2688K,   0% used [0x11b10000, 0x11b10000, 0x11db0000)
 tenured generation   total 82124K, used 60767K [0x1dce0000, 0x22d13000, 0x46ae0000)
   the space 82124K,  73% used [0x1dce0000, 0x21837c50, 0x21837e00, 0x22d13000)
 compacting perm gen  total 36864K, used 36688K [0x46ae0000, 0x48ee0000, 0x4cae0000)
   the space 36864K,  99% used [0x46ae0000, 0x48eb42a0, 0x48eb4400, 0x48ee0000)
No shared spaces configured.
Event: 2369.869 GC heap after
Heap after GC invocations=176 (full 1):
 def new generation   total 24768K, used 1514K [0x102e0000, 0x11db0000, 0x1dce0000)
  eden space 22080K,   0% used [0x102e0000, 0x102e0000, 0x11870000)
  from space 2688K,  56% used [0x11b10000, 0x11c8a860, 0x11db0000)
  to   space 2688K,   0% used [0x11870000, 0x11870000, 0x11b10000)
 tenured generation   total 82124K, used 60770K [0x1dce0000, 0x22d13000, 0x46ae0000)
   the space 82124K,  73% used [0x1dce0000, 0x21838ac0, 0x21838c00, 0x22d13000)
 compacting perm gen  total 36864K, used 36688K [0x46ae0000, 0x48ee0000, 0x4cae0000)
   the space 36864K,  99% used [0x46ae0000, 0x48eb42a0, 0x48eb4400, 0x48ee0000)
No shared spaces configured.
}
Event: 2377.032 GC heap before
{Heap before GC invocations=176 (full 1):
 def new generation   total 24768K, used 23594K [0x102e0000, 0x11db0000, 0x1dce0000)
  eden space 22080K, 100% used [0x102e0000, 0x11870000, 0x11870000)
  from space 2688K,  56% used [0x11b10000, 0x11c8a860, 0x11db0000)
  to   space 2688K,   0% used [0x11870000, 0x11870000, 0x11b10000)
 tenured generation   total 82124K, used 60770K [0x1dce0000, 0x22d13000, 0x46ae0000)
   the space 82124K,  73% used [0x1dce0000, 0x21838ac0, 0x21838c00, 0x22d13000)
 compacting perm gen  total 37120K, used 36966K [0x46ae0000, 0x48f20000, 0x4cae0000)
   the space 37120K,  99% used [0x46ae0000, 0x48ef9b48, 0x48ef9c00, 0x48f20000)
No shared spaces configured.
Event: 2377.041 GC heap after
Heap after GC invocations=177 (full 1):
 def new generation   total 24768K, used 2688K [0x102e0000, 0x11db0000, 0x1dce0000)
  eden space 22080K,   0% used [0x102e0000, 0x102e0000, 0x11870000)
  from space 2688K, 100% used [0x11870000, 0x11b10000, 0x11b10000)
  to   space 2688K,   0% used [0x11b10000, 0x11b10000, 0x11db0000)
 tenured generation   total 82124K, used 61133K [0x1dce0000, 0x22d13000, 0x46ae0000)
   the space 82124K,  74% used [0x1dce0000, 0x218934e0, 0x21893600, 0x22d13000)
 compacting perm gen  total 37120K, used 36966K [0x46ae0000, 0x48f20000, 0x4cae0000)
   the space 37120K,  99% used [0x46ae0000, 0x48ef9b48, 0x48ef9c00, 0x48f20000)
No shared spaces configured.
}

