# JRE version: 7.0_11-b21
# Java VM: Java HotSpot(TM) Client VM (23.6-b04 mixed mode windows-x86 )
Heap
 def new generation   total 23424K, used 4124K [0x102e0000, 0x11c40000, 0x1dce0000)
  eden space 20864K,  16% used [0x102e0000, 0x1063bb28, 0x11740000)
  from space 2560K,  26% used [0x11740000, 0x117eb670, 0x119c0000)
  to   space 2560K,   0% used [0x119c0000, 0x119c0000, 0x11c40000)
 tenured generation   total 77700K, used 47784K [0x1dce0000, 0x228c1000, 0x46ae0000)
   the space 77700K,  61% used [0x1dce0000, 0x20b8a330, 0x20b8a400, 0x228c1000)
 compacting perm gen  total 39168K, used 39042K [0x46ae0000, 0x49120000, 0x4cae0000)
   the space 39168K,  99% used [0x46ae0000, 0x49100b88, 0x49100c00, 0x49120000)
GC Heap History (10 events):
Event: 1668.535 GC heap before
{Heap before GC invocations=174 (full 2):
 def new generation   total 23424K, used 22711K [0x102e0000, 0x11c40000, 0x1dce0000)
  eden space 20864K, 100% used [0x102e0000, 0x11740000, 0x11740000)
  from space 2560K,  72% used [0x119c0000, 0x11b8de20, 0x11c40000)
  to   space 2560K,   0% used [0x11740000, 0x11740000, 0x119c0000)
 tenured generation   total 77700K, used 45830K [0x1dce0000, 0x228c1000, 0x46ae0000)
   the space 77700K,  58% used [0x1dce0000, 0x209a1a30, 0x209a1c00, 0x228c1000)
 compacting perm gen  total 38656K, used 38567K [0x46ae0000, 0x490a0000, 0x4cae0000)
   the space 38656K,  99% used [0x46ae0000, 0x49089f60, 0x4908a000, 0x490a0000)
No shared spaces configured.
Event: 1668.541 GC heap after
Heap after GC invocations=175 (full 2):
 def new generation   total 23424K, used 887K [0x102e0000, 0x11c40000, 0x1dce0000)
  eden space 20864K,   0% used [0x102e0000, 0x102e0000, 0x11740000)
  from space 2560K,  34% used [0x11740000, 0x1181dca0, 0x119c0000)
  to   space 2560K,   0% used [0x119c0000, 0x119c0000, 0x11c40000)
 tenured generation   total 77700K, used 46514K [0x1dce0000, 0x228c1000, 0x46ae0000)
   the space 77700K,  59% used [0x1dce0000, 0x20a4cae0, 0x20a4cc00, 0x228c1000)
 compacting perm gen  total 38656K, used 38567K [0x46ae0000, 0x490a0000, 0x4cae0000)
   the space 38656K,  99% used [0x46ae0000, 0x49089f60, 0x4908a000, 0x490a0000)
No shared spaces configured.
}
Event: 1669.211 GC heap before
{Heap before GC invocations=175 (full 2):
 def new generation   total 23424K, used 21751K [0x102e0000, 0x11c40000, 0x1dce0000)
  eden space 20864K, 100% used [0x102e0000, 0x11740000, 0x11740000)
  from space 2560K,  34% used [0x11740000, 0x1181dca0, 0x119c0000)
  to   space 2560K,   0% used [0x119c0000, 0x119c0000, 0x11c40000)
 tenured generation   total 77700K, used 46514K [0x1dce0000, 0x228c1000, 0x46ae0000)
   the space 77700K,  59% used [0x1dce0000, 0x20a4cae0, 0x20a4cc00, 0x228c1000)
 compacting perm gen  total 38656K, used 38627K [0x46ae0000, 0x490a0000, 0x4cae0000)
   the space 38656K,  99% used [0x46ae0000, 0x49098df8, 0x49098e00, 0x490a0000)
No shared spaces configured.
Event: 1669.214 GC heap after
Heap after GC invocations=176 (full 2):
 def new generation   total 23424K, used 843K [0x102e0000, 0x11c40000, 0x1dce0000)
  eden space 20864K,   0% used [0x102e0000, 0x102e0000, 0x11740000)
  from space 2560K,  32% used [0x119c0000, 0x11a92ed0, 0x11c40000)
  to   space 2560K,   0% used [0x11740000, 0x11740000, 0x119c0000)
 tenured generation   total 77700K, used 46514K [0x1dce0000, 0x228c1000, 0x46ae0000)
   the space 77700K,  59% used [0x1dce0000, 0x20a4cae0, 0x20a4cc00, 0x228c1000)
 compacting perm gen  total 38656K, used 38627K [0x46ae0000, 0x490a0000, 0x4cae0000)
   the space 38656K,  99% used [0x46ae0000, 0x49098df8, 0x49098e00, 0x490a0000)
No shared spaces configured.
}
Event: 1680.038 GC heap before
{Heap before GC invocations=176 (full 2):
 def new generation   total 23424K, used 21707K [0x102e0000, 0x11c40000, 0x1dce0000)
  eden space 20864K, 100% used [0x102e0000, 0x11740000, 0x11740000)
  from space 2560K,  32% used [0x119c0000, 0x11a92ed0, 0x11c40000)
  to   space 2560K,   0% used [0x11740000, 0x11740000, 0x119c0000)
 tenured generation   total 77700K, used 46514K [0x1dce0000, 0x228c1000, 0x46ae0000)
   the space 77700K,  59% used [0x1dce0000, 0x20a4cae0, 0x20a4cc00, 0x228c1000)
 compacting perm gen  total 39168K, used 39033K [0x46ae0000, 0x49120000, 0x4cae0000)
   the space 39168K,  99% used [0x46ae0000, 0x490fe4e8, 0x490fe600, 0x49120000)
No shared spaces configured.
Event: 1680.043 GC heap after
Heap after GC invocations=177 (full 2):
 def new generation   total 23424K, used 1586K [0x102e0000, 0x11c40000, 0x1dce0000)
  eden space 20864K,   0% used [0x102e0000, 0x102e0000, 0x11740000)
  from space 2560K,  61% used [0x11740000, 0x118cc870, 0x119c0000)
  to   space 2560K,   0% used [0x119c0000, 0x119c0000, 0x11c40000)
 tenured generation   total 77700K, used 46514K [0x1dce0000, 0x228c1000, 0x46ae0000)
   the space 77700K,  59% used [0x1dce0000, 0x20a4cae0, 0x20a4cc00, 0x228c1000)
 compacting perm gen  total 39168K, used 39033K [0x46ae0000, 0x49120000, 0x4cae0000)
   the space 39168K,  99% used [0x46ae0000, 0x490fe4e8, 0x490fe600, 0x49120000)
No shared spaces configured.
}
Event: 1713.765 GC heap before
{Heap before GC invocations=177 (full 2):
 def new generation   total 23424K, used 22450K [0x102e0000, 0x11c40000, 0x1dce0000)
  eden space 20864K, 100% used [0x102e0000, 0x11740000, 0x11740000)
  from space 2560K,  61% used [0x11740000, 0x118cc870, 0x119c0000)
  to   space 2560K,   0% used [0x119c0000, 0x119c0000, 0x11c40000)
 tenured generation   total 77700K, used 46514K [0x1dce0000, 0x228c1000, 0x46ae0000)
   the space 77700K,  59% used [0x1dce0000, 0x20a4cae0, 0x20a4cc00, 0x228c1000)
 compacting perm gen  total 39168K, used 39042K [0x46ae0000, 0x49120000, 0x4cae0000)
   the space 39168K,  99% used [0x46ae0000, 0x49100b18, 0x49100c00, 0x49120000)
No shared spaces configured.
Event: 1713.775 GC heap after
Heap after GC invocations=178 (full 2):
 def new generation   total 23424K, used 1488K [0x102e0000, 0x11c40000, 0x1dce0000)
  eden space 20864K,   0% used [0x102e0000, 0x102e0000, 0x11740000)
  from space 2560K,  58% used [0x119c0000, 0x11b34000, 0x11c40000)
  to   space 2560K,   0% used [0x11740000, 0x11740000, 0x119c0000)
 tenured generation   total 77700K, used 47239K [0x1dce0000, 0x228c1000, 0x46ae0000)
   the space 77700K,  60% used [0x1dce0000, 0x20b01d40, 0x20b01e00, 0x228c1000)
 compacting perm gen  total 39168K, used 39042K [0x46ae0000, 0x49120000, 0x4cae0000)
   the space 39168K,  99% used [0x46ae0000, 0x49100b18, 0x49100c00, 0x49120000)
No shared spaces configured.
}
Event: 1769.187 GC heap before
{Heap before GC invocations=178 (full 2):
 def new generation   total 23424K, used 22352K [0x102e0000, 0x11c40000, 0x1dce0000)
  eden space 20864K, 100% used [0x102e0000, 0x11740000, 0x11740000)
  from space 2560K,  58% used [0x119c0000, 0x11b34000, 0x11c40000)
  to   space 2560K,   0% used [0x11740000, 0x11740000, 0x119c0000)
 tenured generation   total 77700K, used 47239K [0x1dce0000, 0x228c1000, 0x46ae0000)
   the space 77700K,  60% used [0x1dce0000, 0x20b01d40, 0x20b01e00, 0x228c1000)
 compacting perm gen  total 39168K, used 39042K [0x46ae0000, 0x49120000, 0x4cae0000)
   the space 39168K,  99% used [0x46ae0000, 0x49100b88, 0x49100c00, 0x49120000)
No shared spaces configured.
Event: 1769.195 GC heap after
Heap after GC invocations=179 (full 2):
 def new generation   total 23424K, used 685K [0x102e0000, 0x11c40000, 0x1dce0000)
  eden space 20864K,   0% used [0x102e0000, 0x102e0000, 0x11740000)
  from space 2560K,  26% used [0x11740000, 0x117eb670, 0x119c0000)
  to   space 2560K,   0% used [0x119c0000, 0x119c0000, 0x11c40000)
 tenured generation   total 77700K, used 47784K [0x1dce0000, 0x228c1000, 0x46ae0000)
   the space 77700K,  61% used [0x1dce0000, 0x20b8a330, 0x20b8a400, 0x228c1000)
 compacting perm gen  total 39168K, used 39042K [0x46ae0000, 0x49120000, 0x4cae0000)
   the space 39168K,  99% used [0x46ae0000, 0x49100b88, 0x49100c00, 0x49120000)
No shared spaces configured.
}

