# JRE version: 7.0_11-b21
# Java VM: Java HotSpot(TM) Client VM (23.6-b04 mixed mode windows-x86 )
Heap
 def new generation   total 22976K, used 13291K [0x102e0000, 0x11bc0000, 0x1dce0000)
  eden space 20480K,  52% used [0x102e0000, 0x10d6aca8, 0x116e0000)
  from space 2496K, 100% used [0x11950000, 0x11bc0000, 0x11bc0000)
  to   space 2496K,   0% used [0x116e0000, 0x116e0000, 0x11950000)
 tenured generation   total 76260K, used 54519K [0x1dce0000, 0x22759000, 0x46ae0000)
   the space 76260K,  71% used [0x1dce0000, 0x2121dd20, 0x2121de00, 0x22759000)
 compacting perm gen  total 38144K, used 38057K [0x46ae0000, 0x49020000, 0x4cae0000)
   the space 38144K,  99% used [0x46ae0000, 0x4900a780, 0x4900a800, 0x49020000)
GC Heap History (10 events):
Event: 273.502 GC heap before
{Heap before GC invocations=169 (full 1):
 def new generation   total 22976K, used 22001K [0x102e0000, 0x11bc0000, 0x1dce0000)
  eden space 20480K, 100% used [0x102e0000, 0x116e0000, 0x116e0000)
  from space 2496K,  60% used [0x116e0000, 0x1185c7b8, 0x11950000)
  to   space 2496K,   0% used [0x11950000, 0x11950000, 0x11bc0000)
 tenured generation   total 76260K, used 52973K [0x1dce0000, 0x22759000, 0x46ae0000)
   the space 76260K,  69% used [0x1dce0000, 0x2109b658, 0x2109b800, 0x22759000)
 compacting perm gen  total 37120K, used 36930K [0x46ae0000, 0x48f20000, 0x4cae0000)
   the space 37120K,  99% used [0x46ae0000, 0x48ef0a08, 0x48ef0c00, 0x48f20000)
No shared spaces configured.
Event: 273.506 GC heap after
Heap after GC invocations=170 (full 1):
 def new generation   total 22976K, used 995K [0x102e0000, 0x11bc0000, 0x1dce0000)
  eden space 20480K,   0% used [0x102e0000, 0x102e0000, 0x116e0000)
  from space 2496K,  39% used [0x11950000, 0x11a48e68, 0x11bc0000)
  to   space 2496K,   0% used [0x116e0000, 0x116e0000, 0x11950000)
 tenured generation   total 76260K, used 53116K [0x1dce0000, 0x22759000, 0x46ae0000)
   the space 76260K,  69% used [0x1dce0000, 0x210bf078, 0x210bf200, 0x22759000)
 compacting perm gen  total 37120K, used 36930K [0x46ae0000, 0x48f20000, 0x4cae0000)
   the space 37120K,  99% used [0x46ae0000, 0x48ef0a08, 0x48ef0c00, 0x48f20000)
No shared spaces configured.
}
Event: 289.413 GC heap before
{Heap before GC invocations=170 (full 1):
 def new generation   total 22976K, used 21475K [0x102e0000, 0x11bc0000, 0x1dce0000)
  eden space 20480K, 100% used [0x102e0000, 0x116e0000, 0x116e0000)
  from space 2496K,  39% used [0x11950000, 0x11a48e68, 0x11bc0000)
  to   space 2496K,   0% used [0x116e0000, 0x116e0000, 0x11950000)
 tenured generation   total 76260K, used 53116K [0x1dce0000, 0x22759000, 0x46ae0000)
   the space 76260K,  69% used [0x1dce0000, 0x210bf078, 0x210bf200, 0x22759000)
 compacting perm gen  total 37120K, used 36934K [0x46ae0000, 0x48f20000, 0x4cae0000)
   the space 37120K,  99% used [0x46ae0000, 0x48ef1a38, 0x48ef1c00, 0x48f20000)
No shared spaces configured.
Event: 289.418 GC heap after
Heap after GC invocations=171 (full 1):
 def new generation   total 22976K, used 1333K [0x102e0000, 0x11bc0000, 0x1dce0000)
  eden space 20480K,   0% used [0x102e0000, 0x102e0000, 0x116e0000)
  from space 2496K,  53% used [0x116e0000, 0x1182d640, 0x11950000)
  to   space 2496K,   0% used [0x11950000, 0x11950000, 0x11bc0000)
 tenured generation   total 76260K, used 53116K [0x1dce0000, 0x22759000, 0x46ae0000)
   the space 76260K,  69% used [0x1dce0000, 0x210bf078, 0x210bf200, 0x22759000)
 compacting perm gen  total 37120K, used 36934K [0x46ae0000, 0x48f20000, 0x4cae0000)
   the space 37120K,  99% used [0x46ae0000, 0x48ef1a38, 0x48ef1c00, 0x48f20000)
No shared spaces configured.
}
Event: 314.483 GC heap before
{Heap before GC invocations=171 (full 1):
 def new generation   total 22976K, used 21813K [0x102e0000, 0x11bc0000, 0x1dce0000)
  eden space 20480K, 100% used [0x102e0000, 0x116e0000, 0x116e0000)
  from space 2496K,  53% used [0x116e0000, 0x1182d640, 0x11950000)
  to   space 2496K,   0% used [0x11950000, 0x11950000, 0x11bc0000)
 tenured generation   total 76260K, used 53116K [0x1dce0000, 0x22759000, 0x46ae0000)
   the space 76260K,  69% used [0x1dce0000, 0x210bf078, 0x210bf200, 0x22759000)
 compacting perm gen  total 37120K, used 36934K [0x46ae0000, 0x48f20000, 0x4cae0000)
   the space 37120K,  99% used [0x46ae0000, 0x48ef1a58, 0x48ef1c00, 0x48f20000)
No shared spaces configured.
Event: 314.487 GC heap after
Heap after GC invocations=172 (full 1):
 def new generation   total 22976K, used 1359K [0x102e0000, 0x11bc0000, 0x1dce0000)
  eden space 20480K,   0% used [0x102e0000, 0x102e0000, 0x116e0000)
  from space 2496K,  54% used [0x11950000, 0x11aa3c58, 0x11bc0000)
  to   space 2496K,   0% used [0x116e0000, 0x116e0000, 0x11950000)
 tenured generation   total 76260K, used 53209K [0x1dce0000, 0x22759000, 0x46ae0000)
   the space 76260K,  69% used [0x1dce0000, 0x210d64f0, 0x210d6600, 0x22759000)
 compacting perm gen  total 37120K, used 36934K [0x46ae0000, 0x48f20000, 0x4cae0000)
   the space 37120K,  99% used [0x46ae0000, 0x48ef1a58, 0x48ef1c00, 0x48f20000)
No shared spaces configured.
}
Event: 337.476 GC heap before
{Heap before GC invocations=172 (full 1):
 def new generation   total 22976K, used 21839K [0x102e0000, 0x11bc0000, 0x1dce0000)
  eden space 20480K, 100% used [0x102e0000, 0x116e0000, 0x116e0000)
  from space 2496K,  54% used [0x11950000, 0x11aa3c58, 0x11bc0000)
  to   space 2496K,   0% used [0x116e0000, 0x116e0000, 0x11950000)
 tenured generation   total 76260K, used 53209K [0x1dce0000, 0x22759000, 0x46ae0000)
   the space 76260K,  69% used [0x1dce0000, 0x210d64f0, 0x210d6600, 0x22759000)
 compacting perm gen  total 37120K, used 37069K [0x46ae0000, 0x48f20000, 0x4cae0000)
   the space 37120K,  99% used [0x46ae0000, 0x48f13468, 0x48f13600, 0x48f20000)
No shared spaces configured.
Event: 337.481 GC heap after
Heap after GC invocations=173 (full 1):
 def new generation   total 22976K, used 1203K [0x102e0000, 0x11bc0000, 0x1dce0000)
  eden space 20480K,   0% used [0x102e0000, 0x102e0000, 0x116e0000)
  from space 2496K,  48% used [0x116e0000, 0x1180cfd0, 0x11950000)
  to   space 2496K,   0% used [0x11950000, 0x11950000, 0x11bc0000)
 tenured generation   total 76260K, used 53717K [0x1dce0000, 0x22759000, 0x46ae0000)
   the space 76260K,  70% used [0x1dce0000, 0x211557a8, 0x21155800, 0x22759000)
 compacting perm gen  total 37120K, used 37069K [0x46ae0000, 0x48f20000, 0x4cae0000)
   the space 37120K,  99% used [0x46ae0000, 0x48f13468, 0x48f13600, 0x48f20000)
No shared spaces configured.
}
Event: 339.005 GC heap before
{Heap before GC invocations=173 (full 1):
 def new generation   total 22976K, used 21683K [0x102e0000, 0x11bc0000, 0x1dce0000)
  eden space 20480K, 100% used [0x102e0000, 0x116e0000, 0x116e0000)
  from space 2496K,  48% used [0x116e0000, 0x1180cfd0, 0x11950000)
  to   space 2496K,   0% used [0x11950000, 0x11950000, 0x11bc0000)
 tenured generation   total 76260K, used 53717K [0x1dce0000, 0x22759000, 0x46ae0000)
   the space 76260K,  70% used [0x1dce0000, 0x211557a8, 0x21155800, 0x22759000)
 compacting perm gen  total 37632K, used 37508K [0x46ae0000, 0x48fa0000, 0x4cae0000)
   the space 37632K,  99% used [0x46ae0000, 0x48f81360, 0x48f81400, 0x48fa0000)
No shared spaces configured.
Event: 339.016 GC heap after
Heap after GC invocations=174 (full 1):
 def new generation   total 22976K, used 2496K [0x102e0000, 0x11bc0000, 0x1dce0000)
  eden space 20480K,   0% used [0x102e0000, 0x102e0000, 0x116e0000)
  from space 2496K, 100% used [0x11950000, 0x11bc0000, 0x11bc0000)
  to   space 2496K,   0% used [0x116e0000, 0x116e0000, 0x11950000)
 tenured generation   total 76260K, used 54519K [0x1dce0000, 0x22759000, 0x46ae0000)
   the space 76260K,  71% used [0x1dce0000, 0x2121dd20, 0x2121de00, 0x22759000)
 compacting perm gen  total 37632K, used 37508K [0x46ae0000, 0x48fa0000, 0x4cae0000)
   the space 37632K,  99% used [0x46ae0000, 0x48f81360, 0x48f81400, 0x48fa0000)
No shared spaces configured.
}

