# JRE version: 7.0_11-b21
# Java VM: Java HotSpot(TM) Client VM (23.6-b04 mixed mode windows-x86 )
Heap
 def new generation   total 24832K, used 14745K [0x102e0000, 0x11dd0000, 0x1dce0000)
  eden space 22080K,  60% used [0x102e0000, 0x10ff01b8, 0x11870000)
  from space 2752K,  49% used [0x11b20000, 0x11c763d0, 0x11dd0000)
  to   space 2752K,   0% used [0x11870000, 0x11870000, 0x11b20000)
 tenured generation   total 82552K, used 57630K [0x1dce0000, 0x22d7e000, 0x46ae0000)
   the space 82552K,  69% used [0x1dce0000, 0x21527bc0, 0x21527c00, 0x22d7e000)
 compacting perm gen  total 40192K, used 40127K [0x46ae0000, 0x49220000, 0x4cae0000)
   the space 40192K,  99% used [0x46ae0000, 0x4920fe08, 0x49210000, 0x49220000)
GC Heap History (10 events):
Event: 2369.031 GC heap before
{Heap before GC invocations=269 (full 2):
 def new generation   total 24832K, used 22774K [0x102e0000, 0x11dd0000, 0x1dce0000)
  eden space 22080K, 100% used [0x102e0000, 0x11870000, 0x11870000)
  from space 2752K,  25% used [0x11870000, 0x1191dba8, 0x11b20000)
  to   space 2752K,   0% used [0x11b20000, 0x11b20000, 0x11dd0000)
 tenured generation   total 82552K, used 57499K [0x1dce0000, 0x22d7e000, 0x46ae0000)
   the space 82552K,  69% used [0x1dce0000, 0x21506c50, 0x21506e00, 0x22d7e000)
 compacting perm gen  total 40192K, used 39995K [0x46ae0000, 0x49220000, 0x4cae0000)
   the space 40192K,  99% used [0x46ae0000, 0x491eeeb8, 0x491ef000, 0x49220000)
No shared spaces configured.
Event: 2369.037 GC heap after
Heap after GC invocations=270 (full 2):
 def new generation   total 24832K, used 504K [0x102e0000, 0x11dd0000, 0x1dce0000)
  eden space 22080K,   0% used [0x102e0000, 0x102e0000, 0x11870000)
  from space 2752K,  18% used [0x11b20000, 0x11b9e268, 0x11dd0000)
  to   space 2752K,   0% used [0x11870000, 0x11870000, 0x11b20000)
 tenured generation   total 82552K, used 57624K [0x1dce0000, 0x22d7e000, 0x46ae0000)
   the space 82552K,  69% used [0x1dce0000, 0x215261a0, 0x21526200, 0x22d7e000)
 compacting perm gen  total 40192K, used 39995K [0x46ae0000, 0x49220000, 0x4cae0000)
   the space 40192K,  99% used [0x46ae0000, 0x491eeeb8, 0x491ef000, 0x49220000)
No shared spaces configured.
}
Event: 2397.446 GC heap before
{Heap before GC invocations=270 (full 2):
 def new generation   total 24832K, used 22584K [0x102e0000, 0x11dd0000, 0x1dce0000)
  eden space 22080K, 100% used [0x102e0000, 0x11870000, 0x11870000)
  from space 2752K,  18% used [0x11b20000, 0x11b9e268, 0x11dd0000)
  to   space 2752K,   0% used [0x11870000, 0x11870000, 0x11b20000)
 tenured generation   total 82552K, used 57624K [0x1dce0000, 0x22d7e000, 0x46ae0000)
   the space 82552K,  69% used [0x1dce0000, 0x215261a0, 0x21526200, 0x22d7e000)
 compacting perm gen  total 40192K, used 39995K [0x46ae0000, 0x49220000, 0x4cae0000)
   the space 40192K,  99% used [0x46ae0000, 0x491eeeb8, 0x491ef000, 0x49220000)
No shared spaces configured.
Event: 2397.452 GC heap after
Heap after GC invocations=271 (full 2):
 def new generation   total 24832K, used 597K [0x102e0000, 0x11dd0000, 0x1dce0000)
  eden space 22080K,   0% used [0x102e0000, 0x102e0000, 0x11870000)
  from space 2752K,  21% used [0x11870000, 0x11905400, 0x11b20000)
  to   space 2752K,   0% used [0x11b20000, 0x11b20000, 0x11dd0000)
 tenured generation   total 82552K, used 57625K [0x1dce0000, 0x22d7e000, 0x46ae0000)
   the space 82552K,  69% used [0x1dce0000, 0x215267e8, 0x21526800, 0x22d7e000)
 compacting perm gen  total 40192K, used 39995K [0x46ae0000, 0x49220000, 0x4cae0000)
   the space 40192K,  99% used [0x46ae0000, 0x491eeeb8, 0x491ef000, 0x49220000)
No shared spaces configured.
}
Event: 2424.239 GC heap before
{Heap before GC invocations=271 (full 2):
 def new generation   total 24832K, used 22677K [0x102e0000, 0x11dd0000, 0x1dce0000)
  eden space 22080K, 100% used [0x102e0000, 0x11870000, 0x11870000)
  from space 2752K,  21% used [0x11870000, 0x11905400, 0x11b20000)
  to   space 2752K,   0% used [0x11b20000, 0x11b20000, 0x11dd0000)
 tenured generation   total 82552K, used 57625K [0x1dce0000, 0x22d7e000, 0x46ae0000)
   the space 82552K,  69% used [0x1dce0000, 0x215267e8, 0x21526800, 0x22d7e000)
 compacting perm gen  total 40192K, used 39995K [0x46ae0000, 0x49220000, 0x4cae0000)
   the space 40192K,  99% used [0x46ae0000, 0x491eeec8, 0x491ef000, 0x49220000)
No shared spaces configured.
Event: 2424.245 GC heap after
Heap after GC invocations=272 (full 2):
 def new generation   total 24832K, used 499K [0x102e0000, 0x11dd0000, 0x1dce0000)
  eden space 22080K,   0% used [0x102e0000, 0x102e0000, 0x11870000)
  from space 2752K,  18% used [0x11b20000, 0x11b9cc00, 0x11dd0000)
  to   space 2752K,   0% used [0x11870000, 0x11870000, 0x11b20000)
 tenured generation   total 82552K, used 57630K [0x1dce0000, 0x22d7e000, 0x46ae0000)
   the space 82552K,  69% used [0x1dce0000, 0x21527bc0, 0x21527c00, 0x22d7e000)
 compacting perm gen  total 40192K, used 39995K [0x46ae0000, 0x49220000, 0x4cae0000)
   the space 40192K,  99% used [0x46ae0000, 0x491eeec8, 0x491ef000, 0x49220000)
No shared spaces configured.
}
Event: 2441.939 GC heap before
{Heap before GC invocations=272 (full 2):
 def new generation   total 24832K, used 22579K [0x102e0000, 0x11dd0000, 0x1dce0000)
  eden space 22080K, 100% used [0x102e0000, 0x11870000, 0x11870000)
  from space 2752K,  18% used [0x11b20000, 0x11b9cc00, 0x11dd0000)
  to   space 2752K,   0% used [0x11870000, 0x11870000, 0x11b20000)
 tenured generation   total 82552K, used 57630K [0x1dce0000, 0x22d7e000, 0x46ae0000)
   the space 82552K,  69% used [0x1dce0000, 0x21527bc0, 0x21527c00, 0x22d7e000)
 compacting perm gen  total 40192K, used 40050K [0x46ae0000, 0x49220000, 0x4cae0000)
   the space 40192K,  99% used [0x46ae0000, 0x491fca80, 0x491fcc00, 0x49220000)
No shared spaces configured.
Event: 2441.942 GC heap after
Heap after GC invocations=273 (full 2):
 def new generation   total 24832K, used 1350K [0x102e0000, 0x11dd0000, 0x1dce0000)
  eden space 22080K,   0% used [0x102e0000, 0x102e0000, 0x11870000)
  from space 2752K,  49% used [0x11870000, 0x119c1b20, 0x11b20000)
  to   space 2752K,   0% used [0x11b20000, 0x11b20000, 0x11dd0000)
 tenured generation   total 82552K, used 57630K [0x1dce0000, 0x22d7e000, 0x46ae0000)
   the space 82552K,  69% used [0x1dce0000, 0x21527bc0, 0x21527c00, 0x22d7e000)
 compacting perm gen  total 40192K, used 40050K [0x46ae0000, 0x49220000, 0x4cae0000)
   the space 40192K,  99% used [0x46ae0000, 0x491fca80, 0x491fcc00, 0x49220000)
No shared spaces configured.
}
Event: 2443.998 GC heap before
{Heap before GC invocations=273 (full 2):
 def new generation   total 24832K, used 23430K [0x102e0000, 0x11dd0000, 0x1dce0000)
  eden space 22080K, 100% used [0x102e0000, 0x11870000, 0x11870000)
  from space 2752K,  49% used [0x11870000, 0x119c1b20, 0x11b20000)
  to   space 2752K,   0% used [0x11b20000, 0x11b20000, 0x11dd0000)
 tenured generation   total 82552K, used 57630K [0x1dce0000, 0x22d7e000, 0x46ae0000)
   the space 82552K,  69% used [0x1dce0000, 0x21527bc0, 0x21527c00, 0x22d7e000)
 compacting perm gen  total 40192K, used 40127K [0x46ae0000, 0x49220000, 0x4cae0000)
   the space 40192K,  99% used [0x46ae0000, 0x4920fe08, 0x49210000, 0x49220000)
No shared spaces configured.
Event: 2444.002 GC heap after
Heap after GC invocations=274 (full 2):
 def new generation   total 24832K, used 1368K [0x102e0000, 0x11dd0000, 0x1dce0000)
  eden space 22080K,   0% used [0x102e0000, 0x102e0000, 0x11870000)
  from space 2752K,  49% used [0x11b20000, 0x11c763d0, 0x11dd0000)
  to   space 2752K,   0% used [0x11870000, 0x11870000, 0x11b20000)
 tenured generation   total 82552K, used 57630K [0x1dce0000, 0x22d7e000, 0x46ae0000)
   the space 82552K,  69% used [0x1dce0000, 0x21527bc0, 0x21527c00, 0x22d7e000)
 compacting perm gen  total 40192K, used 40127K [0x46ae0000, 0x49220000, 0x4cae0000)
   the space 40192K,  99% used [0x46ae0000, 0x4920fe08, 0x49210000, 0x49220000)
No shared spaces configured.
}

