# JRE version: 7.0_11-b21
# Java VM: Java HotSpot(TM) Client VM (23.6-b04 mixed mode windows-x86 )
Heap
 def new generation   total 28224K, used 5418K [0x102e0000, 0x12170000, 0x1dce0000)
  eden space 25152K,  15% used [0x102e0000, 0x106c3150, 0x11b70000)
  from space 3072K,  46% used [0x11b70000, 0x11cd7918, 0x11e70000)
  to   space 3072K,   0% used [0x11e70000, 0x11e70000, 0x12170000)
 tenured generation   total 93772K, used 57209K [0x1dce0000, 0x23873000, 0x46ae0000)
   the space 93772K,  61% used [0x1dce0000, 0x214be500, 0x214be600, 0x23873000)
 compacting perm gen  total 41984K, used 41834K [0x46ae0000, 0x493e0000, 0x4cae0000)
   the space 41984K,  99% used [0x46ae0000, 0x493ba878, 0x493baa00, 0x493e0000)
GC Heap History (10 events):
Event: 59.251 GC heap before
{Heap before GC invocations=168 (full 2):
 def new generation   total 27328K, used 8779K [0x102e0000, 0x12080000, 0x1dce0000)
  eden space 24320K,  33% used [0x102e0000, 0x10ac4090, 0x11aa0000)
  from space 3008K,  23% used [0x11aa0000, 0x11b4eb80, 0x11d90000)
  to   space 3008K,   0% used [0x11d90000, 0x11d90000, 0x12080000)
 tenured generation   total 90912K, used 62377K [0x1dce0000, 0x235a8000, 0x46ae0000)
   the space 90912K,  68% used [0x1dce0000, 0x219ca478, 0x219ca600, 0x235a8000)
 compacting perm gen  total 40960K, used 40959K [0x46ae0000, 0x492e0000, 0x4cae0000)
   the space 40960K,  99% used [0x46ae0000, 0x492dffd0, 0x492e0000, 0x492e0000)
No shared spaces configured.
Event: 59.379 GC heap after
Heap after GC invocations=169 (full 3):
 def new generation   total 28224K, used 0K [0x102e0000, 0x12170000, 0x1dce0000)
  eden space 25152K,   0% used [0x102e0000, 0x102e0000, 0x11b70000)
  from space 3072K,   0% used [0x11b70000, 0x11b70000, 0x11e70000)
  to   space 3072K,   0% used [0x11e70000, 0x11e70000, 0x12170000)
 tenured generation   total 93772K, used 56261K [0x1dce0000, 0x23873000, 0x46ae0000)
   the space 93772K,  59% used [0x1dce0000, 0x213d16c0, 0x213d1800, 0x23873000)
 compacting perm gen  total 40960K, used 40959K [0x46ae0000, 0x492e0000, 0x4cae0000)
   the space 40960K,  99% used [0x46ae0000, 0x492dffd0, 0x492e0000, 0x492e0000)
No shared spaces configured.
}
Event: 59.512 GC heap before
{Heap before GC invocations=169 (full 3):
 def new generation   total 28224K, used 25152K [0x102e0000, 0x12170000, 0x1dce0000)
  eden space 25152K, 100% used [0x102e0000, 0x11b70000, 0x11b70000)
  from space 3072K,   0% used [0x11b70000, 0x11b70000, 0x11e70000)
  to   space 3072K,   0% used [0x11e70000, 0x11e70000, 0x12170000)
 tenured generation   total 93772K, used 56261K [0x1dce0000, 0x23873000, 0x46ae0000)
   the space 93772K,  59% used [0x1dce0000, 0x213d16c0, 0x213d1800, 0x23873000)
 compacting perm gen  total 41472K, used 41449K [0x46ae0000, 0x49360000, 0x4cae0000)
   the space 41472K,  99% used [0x46ae0000, 0x4935a500, 0x4935a600, 0x49360000)
No shared spaces configured.
Event: 59.516 GC heap after
Heap after GC invocations=170 (full 3):
 def new generation   total 28224K, used 1574K [0x102e0000, 0x12170000, 0x1dce0000)
  eden space 25152K,   0% used [0x102e0000, 0x102e0000, 0x11b70000)
  from space 3072K,  51% used [0x11e70000, 0x11ff9b08, 0x12170000)
  to   space 3072K,   0% used [0x11b70000, 0x11b70000, 0x11e70000)
 tenured generation   total 93772K, used 56261K [0x1dce0000, 0x23873000, 0x46ae0000)
   the space 93772K,  59% used [0x1dce0000, 0x213d16c0, 0x213d1800, 0x23873000)
 compacting perm gen  total 41472K, used 41449K [0x46ae0000, 0x49360000, 0x4cae0000)
   the space 41472K,  99% used [0x46ae0000, 0x4935a500, 0x4935a600, 0x49360000)
No shared spaces configured.
}
Event: 60.059 GC heap before
{Heap before GC invocations=170 (full 3):
 def new generation   total 28224K, used 26726K [0x102e0000, 0x12170000, 0x1dce0000)
  eden space 25152K, 100% used [0x102e0000, 0x11b70000, 0x11b70000)
  from space 3072K,  51% used [0x11e70000, 0x11ff9b08, 0x12170000)
  to   space 3072K,   0% used [0x11b70000, 0x11b70000, 0x11e70000)
 tenured generation   total 93772K, used 56261K [0x1dce0000, 0x23873000, 0x46ae0000)
   the space 93772K,  59% used [0x1dce0000, 0x213d16c0, 0x213d1800, 0x23873000)
 compacting perm gen  total 41728K, used 41718K [0x46ae0000, 0x493a0000, 0x4cae0000)
   the space 41728K,  99% used [0x46ae0000, 0x4939d9b8, 0x4939da00, 0x493a0000)
No shared spaces configured.
Event: 60.065 GC heap after
Heap after GC invocations=171 (full 3):
 def new generation   total 28224K, used 671K [0x102e0000, 0x12170000, 0x1dce0000)
  eden space 25152K,   0% used [0x102e0000, 0x102e0000, 0x11b70000)
  from space 3072K,  21% used [0x11b70000, 0x11c17c98, 0x11e70000)
  to   space 3072K,   0% used [0x11e70000, 0x11e70000, 0x12170000)
 tenured generation   total 93772K, used 57209K [0x1dce0000, 0x23873000, 0x46ae0000)
   the space 93772K,  61% used [0x1dce0000, 0x214be500, 0x214be600, 0x23873000)
 compacting perm gen  total 41728K, used 41718K [0x46ae0000, 0x493a0000, 0x4cae0000)
   the space 41728K,  99% used [0x46ae0000, 0x4939d9b8, 0x4939da00, 0x493a0000)
No shared spaces configured.
}
Event: 69.561 GC heap before
{Heap before GC invocations=171 (full 3):
 def new generation   total 28224K, used 25823K [0x102e0000, 0x12170000, 0x1dce0000)
  eden space 25152K, 100% used [0x102e0000, 0x11b70000, 0x11b70000)
  from space 3072K,  21% used [0x11b70000, 0x11c17c98, 0x11e70000)
  to   space 3072K,   0% used [0x11e70000, 0x11e70000, 0x12170000)
 tenured generation   total 93772K, used 57209K [0x1dce0000, 0x23873000, 0x46ae0000)
   the space 93772K,  61% used [0x1dce0000, 0x214be500, 0x214be600, 0x23873000)
 compacting perm gen  total 41984K, used 41803K [0x46ae0000, 0x493e0000, 0x4cae0000)
   the space 41984K,  99% used [0x46ae0000, 0x493b2df8, 0x493b2e00, 0x493e0000)
No shared spaces configured.
Event: 69.565 GC heap after
Heap after GC invocations=172 (full 3):
 def new generation   total 28224K, used 1462K [0x102e0000, 0x12170000, 0x1dce0000)
  eden space 25152K,   0% used [0x102e0000, 0x102e0000, 0x11b70000)
  from space 3072K,  47% used [0x11e70000, 0x11fdd828, 0x12170000)
  to   space 3072K,   0% used [0x11b70000, 0x11b70000, 0x11e70000)
 tenured generation   total 93772K, used 57209K [0x1dce0000, 0x23873000, 0x46ae0000)
   the space 93772K,  61% used [0x1dce0000, 0x214be500, 0x214be600, 0x23873000)
 compacting perm gen  total 41984K, used 41803K [0x46ae0000, 0x493e0000, 0x4cae0000)
   the space 41984K,  99% used [0x46ae0000, 0x493b2df8, 0x493b2e00, 0x493e0000)
No shared spaces configured.
}
Event: 69.980 GC heap before
{Heap before GC invocations=172 (full 3):
 def new generation   total 28224K, used 26614K [0x102e0000, 0x12170000, 0x1dce0000)
  eden space 25152K, 100% used [0x102e0000, 0x11b70000, 0x11b70000)
  from space 3072K,  47% used [0x11e70000, 0x11fdd828, 0x12170000)
  to   space 3072K,   0% used [0x11b70000, 0x11b70000, 0x11e70000)
 tenured generation   total 93772K, used 57209K [0x1dce0000, 0x23873000, 0x46ae0000)
   the space 93772K,  61% used [0x1dce0000, 0x214be500, 0x214be600, 0x23873000)
 compacting perm gen  total 41984K, used 41803K [0x46ae0000, 0x493e0000, 0x4cae0000)
   the space 41984K,  99% used [0x46ae0000, 0x493b2df8, 0x493b2e00, 0x493e0000)
No shared spaces configured.
Event: 69.984 GC heap after
Heap after GC invocations=173 (full 3):
 def new generation   total 28224K, used 1438K [0x102e0000, 0x12170000, 0x1dce0000)
  eden space 25152K,   0% used [0x102e0000, 0x102e0000, 0x11b70000)
  from space 3072K,  46% used [0x11b70000, 0x11cd7918, 0x11e70000)
  to   space 3072K,   0% used [0x11e70000, 0x11e70000, 0x12170000)
 tenured generation   total 93772K, used 57209K [0x1dce0000, 0x23873000, 0x46ae0000)
   the space 93772K,  61% used [0x1dce0000, 0x214be500, 0x214be600, 0x23873000)
 compacting perm gen  total 41984K, used 41803K [0x46ae0000, 0x493e0000, 0x4cae0000)
   the space 41984K,  99% used [0x46ae0000, 0x493b2df8, 0x493b2e00, 0x493e0000)
No shared spaces configured.
}

