# JRE version: 7.0_11-b21
# Java VM: Java HotSpot(TM) Client VM (23.6-b04 mixed mode windows-x86 )
Heap
 def new generation   total 29696K, used 19223K [0x102e0000, 0x12310000, 0x1dce0000)
  eden space 26432K,  66% used [0x102e0000, 0x114290e8, 0x11cb0000)
  from space 3264K,  46% used [0x11cb0000, 0x11e2cc28, 0x11fe0000)
  to   space 3264K,   0% used [0x11fe0000, 0x11fe0000, 0x12310000)
 tenured generation   total 98716K, used 62611K [0x1dce0000, 0x23d47000, 0x46ae0000)
   the space 98716K,  63% used [0x1dce0000, 0x21a04c68, 0x21a04e00, 0x23d47000)
 compacting perm gen  total 40192K, used 40108K [0x46ae0000, 0x49220000, 0x4cae0000)
   the space 40192K,  99% used [0x46ae0000, 0x4920b3b8, 0x4920b400, 0x49220000)
GC Heap History (10 events):
Event: 4204.541 GC heap before
{Heap before GC invocations=254 (full 2):
 def new generation   total 29696K, used 28025K [0x102e0000, 0x12310000, 0x1dce0000)
  eden space 26432K, 100% used [0x102e0000, 0x11cb0000, 0x11cb0000)
  from space 3264K,  48% used [0x11fe0000, 0x1216e578, 0x12310000)
  to   space 3264K,   0% used [0x11cb0000, 0x11cb0000, 0x11fe0000)
 tenured generation   total 98716K, used 61543K [0x1dce0000, 0x23d47000, 0x46ae0000)
   the space 98716K,  62% used [0x1dce0000, 0x218f9f00, 0x218fa000, 0x23d47000)
 compacting perm gen  total 40192K, used 40089K [0x46ae0000, 0x49220000, 0x4cae0000)
   the space 40192K,  99% used [0x46ae0000, 0x49206760, 0x49206800, 0x49220000)
No shared spaces configured.
Event: 4204.549 GC heap after
Heap after GC invocations=255 (full 2):
 def new generation   total 29696K, used 1767K [0x102e0000, 0x12310000, 0x1dce0000)
  eden space 26432K,   0% used [0x102e0000, 0x102e0000, 0x11cb0000)
  from space 3264K,  54% used [0x11cb0000, 0x11e69e60, 0x11fe0000)
  to   space 3264K,   0% used [0x11fe0000, 0x11fe0000, 0x12310000)
 tenured generation   total 98716K, used 61543K [0x1dce0000, 0x23d47000, 0x46ae0000)
   the space 98716K,  62% used [0x1dce0000, 0x218f9f00, 0x218fa000, 0x23d47000)
 compacting perm gen  total 40192K, used 40089K [0x46ae0000, 0x49220000, 0x4cae0000)
   the space 40192K,  99% used [0x46ae0000, 0x49206760, 0x49206800, 0x49220000)
No shared spaces configured.
}
Event: 4222.425 GC heap before
{Heap before GC invocations=255 (full 2):
 def new generation   total 29696K, used 28199K [0x102e0000, 0x12310000, 0x1dce0000)
  eden space 26432K, 100% used [0x102e0000, 0x11cb0000, 0x11cb0000)
  from space 3264K,  54% used [0x11cb0000, 0x11e69e60, 0x11fe0000)
  to   space 3264K,   0% used [0x11fe0000, 0x11fe0000, 0x12310000)
 tenured generation   total 98716K, used 61543K [0x1dce0000, 0x23d47000, 0x46ae0000)
   the space 98716K,  62% used [0x1dce0000, 0x218f9f00, 0x218fa000, 0x23d47000)
 compacting perm gen  total 40192K, used 40089K [0x46ae0000, 0x49220000, 0x4cae0000)
   the space 40192K,  99% used [0x46ae0000, 0x49206780, 0x49206800, 0x49220000)
No shared spaces configured.
Event: 4222.433 GC heap after
Heap after GC invocations=256 (full 2):
 def new generation   total 29696K, used 1901K [0x102e0000, 0x12310000, 0x1dce0000)
  eden space 26432K,   0% used [0x102e0000, 0x102e0000, 0x11cb0000)
  from space 3264K,  58% used [0x11fe0000, 0x121bb658, 0x12310000)
  to   space 3264K,   0% used [0x11cb0000, 0x11cb0000, 0x11fe0000)
 tenured generation   total 98716K, used 61720K [0x1dce0000, 0x23d47000, 0x46ae0000)
   the space 98716K,  62% used [0x1dce0000, 0x21926348, 0x21926400, 0x23d47000)
 compacting perm gen  total 40192K, used 40089K [0x46ae0000, 0x49220000, 0x4cae0000)
   the space 40192K,  99% used [0x46ae0000, 0x49206780, 0x49206800, 0x49220000)
No shared spaces configured.
}
Event: 4243.423 GC heap before
{Heap before GC invocations=256 (full 2):
 def new generation   total 29696K, used 28333K [0x102e0000, 0x12310000, 0x1dce0000)
  eden space 26432K, 100% used [0x102e0000, 0x11cb0000, 0x11cb0000)
  from space 3264K,  58% used [0x11fe0000, 0x121bb658, 0x12310000)
  to   space 3264K,   0% used [0x11cb0000, 0x11cb0000, 0x11fe0000)
 tenured generation   total 98716K, used 61720K [0x1dce0000, 0x23d47000, 0x46ae0000)
   the space 98716K,  62% used [0x1dce0000, 0x21926348, 0x21926400, 0x23d47000)
 compacting perm gen  total 40192K, used 40091K [0x46ae0000, 0x49220000, 0x4cae0000)
   the space 40192K,  99% used [0x46ae0000, 0x49206c28, 0x49206e00, 0x49220000)
No shared spaces configured.
Event: 4243.427 GC heap after
Heap after GC invocations=257 (full 2):
 def new generation   total 29696K, used 1853K [0x102e0000, 0x12310000, 0x1dce0000)
  eden space 26432K,   0% used [0x102e0000, 0x102e0000, 0x11cb0000)
  from space 3264K,  56% used [0x11cb0000, 0x11e7f6a8, 0x11fe0000)
  to   space 3264K,   0% used [0x11fe0000, 0x11fe0000, 0x12310000)
 tenured generation   total 98716K, used 62116K [0x1dce0000, 0x23d47000, 0x46ae0000)
   the space 98716K,  62% used [0x1dce0000, 0x219891d8, 0x21989200, 0x23d47000)
 compacting perm gen  total 40192K, used 40091K [0x46ae0000, 0x49220000, 0x4cae0000)
   the space 40192K,  99% used [0x46ae0000, 0x49206c28, 0x49206e00, 0x49220000)
No shared spaces configured.
}
Event: 4250.289 GC heap before
{Heap before GC invocations=257 (full 2):
 def new generation   total 29696K, used 28285K [0x102e0000, 0x12310000, 0x1dce0000)
  eden space 26432K, 100% used [0x102e0000, 0x11cb0000, 0x11cb0000)
  from space 3264K,  56% used [0x11cb0000, 0x11e7f6a8, 0x11fe0000)
  to   space 3264K,   0% used [0x11fe0000, 0x11fe0000, 0x12310000)
 tenured generation   total 98716K, used 62116K [0x1dce0000, 0x23d47000, 0x46ae0000)
   the space 98716K,  62% used [0x1dce0000, 0x219891d8, 0x21989200, 0x23d47000)
 compacting perm gen  total 40192K, used 40091K [0x46ae0000, 0x49220000, 0x4cae0000)
   the space 40192K,  99% used [0x46ae0000, 0x49206c28, 0x49206e00, 0x49220000)
No shared spaces configured.
Event: 4250.296 GC heap after
Heap after GC invocations=258 (full 2):
 def new generation   total 29696K, used 1437K [0x102e0000, 0x12310000, 0x1dce0000)
  eden space 26432K,   0% used [0x102e0000, 0x102e0000, 0x11cb0000)
  from space 3264K,  44% used [0x11fe0000, 0x12147798, 0x12310000)
  to   space 3264K,   0% used [0x11cb0000, 0x11cb0000, 0x11fe0000)
 tenured generation   total 98716K, used 62611K [0x1dce0000, 0x23d47000, 0x46ae0000)
   the space 98716K,  63% used [0x1dce0000, 0x21a04c68, 0x21a04e00, 0x23d47000)
 compacting perm gen  total 40192K, used 40091K [0x46ae0000, 0x49220000, 0x4cae0000)
   the space 40192K,  99% used [0x46ae0000, 0x49206c28, 0x49206e00, 0x49220000)
No shared spaces configured.
}
Event: 4251.879 GC heap before
{Heap before GC invocations=258 (full 2):
 def new generation   total 29696K, used 27869K [0x102e0000, 0x12310000, 0x1dce0000)
  eden space 26432K, 100% used [0x102e0000, 0x11cb0000, 0x11cb0000)
  from space 3264K,  44% used [0x11fe0000, 0x12147798, 0x12310000)
  to   space 3264K,   0% used [0x11cb0000, 0x11cb0000, 0x11fe0000)
 tenured generation   total 98716K, used 62611K [0x1dce0000, 0x23d47000, 0x46ae0000)
   the space 98716K,  63% used [0x1dce0000, 0x21a04c68, 0x21a04e00, 0x23d47000)
 compacting perm gen  total 40192K, used 40092K [0x46ae0000, 0x49220000, 0x4cae0000)
   the space 40192K,  99% used [0x46ae0000, 0x492070f8, 0x49207200, 0x49220000)
No shared spaces configured.
Event: 4251.882 GC heap after
Heap after GC invocations=259 (full 2):
 def new generation   total 29696K, used 1523K [0x102e0000, 0x12310000, 0x1dce0000)
  eden space 26432K,   0% used [0x102e0000, 0x102e0000, 0x11cb0000)
  from space 3264K,  46% used [0x11cb0000, 0x11e2cc28, 0x11fe0000)
  to   space 3264K,   0% used [0x11fe0000, 0x11fe0000, 0x12310000)
 tenured generation   total 98716K, used 62611K [0x1dce0000, 0x23d47000, 0x46ae0000)
   the space 98716K,  63% used [0x1dce0000, 0x21a04c68, 0x21a04e00, 0x23d47000)
 compacting perm gen  total 40192K, used 40092K [0x46ae0000, 0x49220000, 0x4cae0000)
   the space 40192K,  99% used [0x46ae0000, 0x492070f8, 0x49207200, 0x49220000)
No shared spaces configured.
}

