# JRE version: 7.0_11-b21
# Java VM: Java HotSpot(TM) Client VM (23.6-b04 mixed mode windows-x86 )
Heap
 def new generation   total 24768K, used 8749K [0x102e0000, 0x11db0000, 0x1dce0000)
  eden space 22080K,  31% used [0x102e0000, 0x109c4748, 0x11870000)
  from space 2688K,  62% used [0x11870000, 0x11a16f10, 0x11b10000)
  to   space 2688K,   0% used [0x11b10000, 0x11b10000, 0x11db0000)
 tenured generation   total 82136K, used 49196K [0x1dce0000, 0x22d16000, 0x46ae0000)
   the space 82136K,  59% used [0x1dce0000, 0x20ceb188, 0x20ceb200, 0x22d16000)
 compacting perm gen  total 39936K, used 39802K [0x46ae0000, 0x491e0000, 0x4cae0000)
   the space 39936K,  99% used [0x46ae0000, 0x491be890, 0x491bea00, 0x491e0000)
GC Heap History (10 events):
Event: 75.887 GC heap before
{Heap before GC invocations=144 (full 2):
 def new generation   total 24768K, used 23404K [0x102e0000, 0x11db0000, 0x1dce0000)
  eden space 22080K, 100% used [0x102e0000, 0x11870000, 0x11870000)
  from space 2688K,  49% used [0x11b10000, 0x11c5b3f8, 0x11db0000)
  to   space 2688K,   0% used [0x11870000, 0x11870000, 0x11b10000)
 tenured generation   total 82136K, used 48302K [0x1dce0000, 0x22d16000, 0x46ae0000)
   the space 82136K,  58% used [0x1dce0000, 0x20c0bab8, 0x20c0bc00, 0x22d16000)
 compacting perm gen  total 38912K, used 38903K [0x46ae0000, 0x490e0000, 0x4cae0000)
   the space 38912K,  99% used [0x46ae0000, 0x490ddff0, 0x490de000, 0x490e0000)
No shared spaces configured.
Event: 75.895 GC heap after
Heap after GC invocations=145 (full 2):
 def new generation   total 24768K, used 998K [0x102e0000, 0x11db0000, 0x1dce0000)
  eden space 22080K,   0% used [0x102e0000, 0x102e0000, 0x11870000)
  from space 2688K,  37% used [0x11870000, 0x11969b18, 0x11b10000)
  to   space 2688K,   0% used [0x11b10000, 0x11b10000, 0x11db0000)
 tenured generation   total 82136K, used 48302K [0x1dce0000, 0x22d16000, 0x46ae0000)
   the space 82136K,  58% used [0x1dce0000, 0x20c0bab8, 0x20c0bc00, 0x22d16000)
 compacting perm gen  total 38912K, used 38903K [0x46ae0000, 0x490e0000, 0x4cae0000)
   the space 38912K,  99% used [0x46ae0000, 0x490ddff0, 0x490de000, 0x490e0000)
No shared spaces configured.
}
Event: 112.390 GC heap before
{Heap before GC invocations=145 (full 2):
 def new generation   total 24768K, used 23078K [0x102e0000, 0x11db0000, 0x1dce0000)
  eden space 22080K, 100% used [0x102e0000, 0x11870000, 0x11870000)
  from space 2688K,  37% used [0x11870000, 0x11969b18, 0x11b10000)
  to   space 2688K,   0% used [0x11b10000, 0x11b10000, 0x11db0000)
 tenured generation   total 82136K, used 48302K [0x1dce0000, 0x22d16000, 0x46ae0000)
   the space 82136K,  58% used [0x1dce0000, 0x20c0bab8, 0x20c0bc00, 0x22d16000)
 compacting perm gen  total 39168K, used 38913K [0x46ae0000, 0x49120000, 0x4cae0000)
   the space 39168K,  99% used [0x46ae0000, 0x490e05b8, 0x490e0600, 0x49120000)
No shared spaces configured.
Event: 112.398 GC heap after
Heap after GC invocations=146 (full 2):
 def new generation   total 24768K, used 1203K [0x102e0000, 0x11db0000, 0x1dce0000)
  eden space 22080K,   0% used [0x102e0000, 0x102e0000, 0x11870000)
  from space 2688K,  44% used [0x11b10000, 0x11c3cd60, 0x11db0000)
  to   space 2688K,   0% used [0x11870000, 0x11870000, 0x11b10000)
 tenured generation   total 82136K, used 48302K [0x1dce0000, 0x22d16000, 0x46ae0000)
   the space 82136K,  58% used [0x1dce0000, 0x20c0bab8, 0x20c0bc00, 0x22d16000)
 compacting perm gen  total 39168K, used 38913K [0x46ae0000, 0x49120000, 0x4cae0000)
   the space 39168K,  99% used [0x46ae0000, 0x490e05b8, 0x490e0600, 0x49120000)
No shared spaces configured.
}
Event: 120.256 GC heap before
{Heap before GC invocations=146 (full 2):
 def new generation   total 24768K, used 23283K [0x102e0000, 0x11db0000, 0x1dce0000)
  eden space 22080K, 100% used [0x102e0000, 0x11870000, 0x11870000)
  from space 2688K,  44% used [0x11b10000, 0x11c3cd60, 0x11db0000)
  to   space 2688K,   0% used [0x11870000, 0x11870000, 0x11b10000)
 tenured generation   total 82136K, used 48302K [0x1dce0000, 0x22d16000, 0x46ae0000)
   the space 82136K,  58% used [0x1dce0000, 0x20c0bab8, 0x20c0bc00, 0x22d16000)
 compacting perm gen  total 39168K, used 39007K [0x46ae0000, 0x49120000, 0x4cae0000)
   the space 39168K,  99% used [0x46ae0000, 0x490f7cd8, 0x490f7e00, 0x49120000)
No shared spaces configured.
Event: 120.262 GC heap after
Heap after GC invocations=147 (full 2):
 def new generation   total 24768K, used 2003K [0x102e0000, 0x11db0000, 0x1dce0000)
  eden space 22080K,   0% used [0x102e0000, 0x102e0000, 0x11870000)
  from space 2688K,  74% used [0x11870000, 0x11a64ca8, 0x11b10000)
  to   space 2688K,   0% used [0x11b10000, 0x11b10000, 0x11db0000)
 tenured generation   total 82136K, used 48302K [0x1dce0000, 0x22d16000, 0x46ae0000)
   the space 82136K,  58% used [0x1dce0000, 0x20c0bab8, 0x20c0bc00, 0x22d16000)
 compacting perm gen  total 39168K, used 39007K [0x46ae0000, 0x49120000, 0x4cae0000)
   the space 39168K,  99% used [0x46ae0000, 0x490f7cd8, 0x490f7e00, 0x49120000)
No shared spaces configured.
}
Event: 120.414 GC heap before
{Heap before GC invocations=147 (full 2):
 def new generation   total 24768K, used 24083K [0x102e0000, 0x11db0000, 0x1dce0000)
  eden space 22080K, 100% used [0x102e0000, 0x11870000, 0x11870000)
  from space 2688K,  74% used [0x11870000, 0x11a64ca8, 0x11b10000)
  to   space 2688K,   0% used [0x11b10000, 0x11b10000, 0x11db0000)
 tenured generation   total 82136K, used 48302K [0x1dce0000, 0x22d16000, 0x46ae0000)
   the space 82136K,  58% used [0x1dce0000, 0x20c0bab8, 0x20c0bc00, 0x22d16000)
 compacting perm gen  total 39680K, used 39561K [0x46ae0000, 0x491a0000, 0x4cae0000)
   the space 39680K,  99% used [0x46ae0000, 0x49182698, 0x49182800, 0x491a0000)
No shared spaces configured.
Event: 120.419 GC heap after
Heap after GC invocations=148 (full 2):
 def new generation   total 24768K, used 1198K [0x102e0000, 0x11db0000, 0x1dce0000)
  eden space 22080K,   0% used [0x102e0000, 0x102e0000, 0x11870000)
  from space 2688K,  44% used [0x11b10000, 0x11c3b860, 0x11db0000)
  to   space 2688K,   0% used [0x11870000, 0x11870000, 0x11b10000)
 tenured generation   total 82136K, used 49196K [0x1dce0000, 0x22d16000, 0x46ae0000)
   the space 82136K,  59% used [0x1dce0000, 0x20ceb188, 0x20ceb200, 0x22d16000)
 compacting perm gen  total 39680K, used 39561K [0x46ae0000, 0x491a0000, 0x4cae0000)
   the space 39680K,  99% used [0x46ae0000, 0x49182698, 0x49182800, 0x491a0000)
No shared spaces configured.
}
Event: 125.688 GC heap before
{Heap before GC invocations=148 (full 2):
 def new generation   total 24768K, used 23278K [0x102e0000, 0x11db0000, 0x1dce0000)
  eden space 22080K, 100% used [0x102e0000, 0x11870000, 0x11870000)
  from space 2688K,  44% used [0x11b10000, 0x11c3b860, 0x11db0000)
  to   space 2688K,   0% used [0x11870000, 0x11870000, 0x11b10000)
 tenured generation   total 82136K, used 49196K [0x1dce0000, 0x22d16000, 0x46ae0000)
   the space 82136K,  59% used [0x1dce0000, 0x20ceb188, 0x20ceb200, 0x22d16000)
 compacting perm gen  total 39936K, used 39802K [0x46ae0000, 0x491e0000, 0x4cae0000)
   the space 39936K,  99% used [0x46ae0000, 0x491be880, 0x491bea00, 0x491e0000)
No shared spaces configured.
Event: 125.694 GC heap after
Heap after GC invocations=149 (full 2):
 def new generation   total 24768K, used 1691K [0x102e0000, 0x11db0000, 0x1dce0000)
  eden space 22080K,   0% used [0x102e0000, 0x102e0000, 0x11870000)
  from space 2688K,  62% used [0x11870000, 0x11a16f10, 0x11b10000)
  to   space 2688K,   0% used [0x11b10000, 0x11b10000, 0x11db0000)
 tenured generation   total 82136K, used 49196K [0x1dce0000, 0x22d16000, 0x46ae0000)
   the space 82136K,  59% used [0x1dce0000, 0x20ceb188, 0x20ceb200, 0x22d16000)
 compacting perm gen  total 39936K, used 39802K [0x46ae0000, 0x491e0000, 0x4cae0000)
   the space 39936K,  99% used [0x46ae0000, 0x491be880, 0x491bea00, 0x491e0000)
No shared spaces configured.
}

