# JRE version: 7.0_11-b21
# Java VM: Java HotSpot(TM) Client VM (23.6-b04 mixed mode windows-x86 )
Heap
 def new generation   total 24768K, used 19907K [0x102e0000, 0x11dc0000, 0x1dce0000)
  eden space 22016K,  81% used [0x102e0000, 0x1147d838, 0x11860000)
  from space 2752K,  67% used [0x11860000, 0x11a33758, 0x11b10000)
  to   space 2752K,   0% used [0x11b10000, 0x11b10000, 0x11dc0000)
 tenured generation   total 82312K, used 64984K [0x1dce0000, 0x22d42000, 0x46ae0000)
   the space 82312K,  78% used [0x1dce0000, 0x21c560b8, 0x21c56200, 0x22d42000)
 compacting perm gen  total 37632K, used 37475K [0x46ae0000, 0x48fa0000, 0x4cae0000)
   the space 37632K,  99% used [0x46ae0000, 0x48f78d38, 0x48f78e00, 0x48fa0000)
GC Heap History (10 events):
Event: 178.177 GC heap before
{Heap before GC invocations=136 (full 1):
 def new generation   total 24768K, used 23172K [0x102e0000, 0x11dc0000, 0x1dce0000)
  eden space 22016K, 100% used [0x102e0000, 0x11860000, 0x11860000)
  from space 2752K,  42% used [0x11b10000, 0x11c31160, 0x11dc0000)
  to   space 2752K,   0% used [0x11860000, 0x11860000, 0x11b10000)
 tenured generation   total 82312K, used 53222K [0x1dce0000, 0x22d42000, 0x46ae0000)
   the space 82312K,  64% used [0x1dce0000, 0x210d9bf0, 0x210d9c00, 0x22d42000)
 compacting perm gen  total 35840K, used 35784K [0x46ae0000, 0x48de0000, 0x4cae0000)
   the space 35840K,  99% used [0x46ae0000, 0x48dd2028, 0x48dd2200, 0x48de0000)
No shared spaces configured.
Event: 178.186 GC heap after
Heap after GC invocations=137 (full 1):
 def new generation   total 24768K, used 2495K [0x102e0000, 0x11dc0000, 0x1dce0000)
  eden space 22016K,   0% used [0x102e0000, 0x102e0000, 0x11860000)
  from space 2752K,  90% used [0x11860000, 0x11acfca0, 0x11b10000)
  to   space 2752K,   0% used [0x11b10000, 0x11b10000, 0x11dc0000)
 tenured generation   total 82312K, used 53222K [0x1dce0000, 0x22d42000, 0x46ae0000)
   the space 82312K,  64% used [0x1dce0000, 0x210d9bf0, 0x210d9c00, 0x22d42000)
 compacting perm gen  total 35840K, used 35784K [0x46ae0000, 0x48de0000, 0x4cae0000)
   the space 35840K,  99% used [0x46ae0000, 0x48dd2028, 0x48dd2200, 0x48de0000)
No shared spaces configured.
}
Event: 178.622 GC heap before
{Heap before GC invocations=137 (full 1):
 def new generation   total 24768K, used 24511K [0x102e0000, 0x11dc0000, 0x1dce0000)
  eden space 22016K, 100% used [0x102e0000, 0x11860000, 0x11860000)
  from space 2752K,  90% used [0x11860000, 0x11acfca0, 0x11b10000)
  to   space 2752K,   0% used [0x11b10000, 0x11b10000, 0x11dc0000)
 tenured generation   total 82312K, used 53222K [0x1dce0000, 0x22d42000, 0x46ae0000)
   the space 82312K,  64% used [0x1dce0000, 0x210d9bf0, 0x210d9c00, 0x22d42000)
 compacting perm gen  total 36352K, used 36206K [0x46ae0000, 0x48e60000, 0x4cae0000)
   the space 36352K,  99% used [0x46ae0000, 0x48e3b910, 0x48e3ba00, 0x48e60000)
No shared spaces configured.
Event: 178.638 GC heap after
Heap after GC invocations=138 (full 1):
 def new generation   total 24768K, used 2752K [0x102e0000, 0x11dc0000, 0x1dce0000)
  eden space 22016K,   0% used [0x102e0000, 0x102e0000, 0x11860000)
  from space 2752K, 100% used [0x11b10000, 0x11dc0000, 0x11dc0000)
  to   space 2752K,   0% used [0x11860000, 0x11860000, 0x11b10000)
 tenured generation   total 82312K, used 59750K [0x1dce0000, 0x22d42000, 0x46ae0000)
   the space 82312K,  72% used [0x1dce0000, 0x21739958, 0x21739a00, 0x22d42000)
 compacting perm gen  total 36352K, used 36206K [0x46ae0000, 0x48e60000, 0x4cae0000)
   the space 36352K,  99% used [0x46ae0000, 0x48e3b910, 0x48e3ba00, 0x48e60000)
No shared spaces configured.
}
Event: 179.368 GC heap before
{Heap before GC invocations=138 (full 1):
 def new generation   total 24768K, used 24764K [0x102e0000, 0x11dc0000, 0x1dce0000)
  eden space 22016K,  99% used [0x102e0000, 0x1185f278, 0x11860000)
  from space 2752K, 100% used [0x11b10000, 0x11dc0000, 0x11dc0000)
  to   space 2752K,   0% used [0x11860000, 0x11860000, 0x11b10000)
 tenured generation   total 82312K, used 59750K [0x1dce0000, 0x22d42000, 0x46ae0000)
   the space 82312K,  72% used [0x1dce0000, 0x21739958, 0x21739a00, 0x22d42000)
 compacting perm gen  total 36352K, used 36263K [0x46ae0000, 0x48e60000, 0x4cae0000)
   the space 36352K,  99% used [0x46ae0000, 0x48e49f48, 0x48e4a000, 0x48e60000)
No shared spaces configured.
Event: 179.376 GC heap after
Heap after GC invocations=139 (full 1):
 def new generation   total 24768K, used 345K [0x102e0000, 0x11dc0000, 0x1dce0000)
  eden space 22016K,   0% used [0x102e0000, 0x102e0000, 0x11860000)
  from space 2752K,  12% used [0x11860000, 0x118b6750, 0x11b10000)
  to   space 2752K,   0% used [0x11b10000, 0x11b10000, 0x11dc0000)
 tenured generation   total 82312K, used 62141K [0x1dce0000, 0x22d42000, 0x46ae0000)
   the space 82312K,  75% used [0x1dce0000, 0x2198f740, 0x2198f800, 0x22d42000)
 compacting perm gen  total 36352K, used 36263K [0x46ae0000, 0x48e60000, 0x4cae0000)
   the space 36352K,  99% used [0x46ae0000, 0x48e49f48, 0x48e4a000, 0x48e60000)
No shared spaces configured.
}
Event: 186.184 GC heap before
{Heap before GC invocations=139 (full 1):
 def new generation   total 24768K, used 22361K [0x102e0000, 0x11dc0000, 0x1dce0000)
  eden space 22016K, 100% used [0x102e0000, 0x11860000, 0x11860000)
  from space 2752K,  12% used [0x11860000, 0x118b6750, 0x11b10000)
  to   space 2752K,   0% used [0x11b10000, 0x11b10000, 0x11dc0000)
 tenured generation   total 82312K, used 62141K [0x1dce0000, 0x22d42000, 0x46ae0000)
   the space 82312K,  75% used [0x1dce0000, 0x2198f740, 0x2198f800, 0x22d42000)
 compacting perm gen  total 36352K, used 36309K [0x46ae0000, 0x48e60000, 0x4cae0000)
   the space 36352K,  99% used [0x46ae0000, 0x48e554b0, 0x48e55600, 0x48e60000)
No shared spaces configured.
Event: 186.190 GC heap after
Heap after GC invocations=140 (full 1):
 def new generation   total 24768K, used 2752K [0x102e0000, 0x11dc0000, 0x1dce0000)
  eden space 22016K,   0% used [0x102e0000, 0x102e0000, 0x11860000)
  from space 2752K, 100% used [0x11b10000, 0x11dc0000, 0x11dc0000)
  to   space 2752K,   0% used [0x11860000, 0x11860000, 0x11b10000)
 tenured generation   total 82312K, used 62235K [0x1dce0000, 0x22d42000, 0x46ae0000)
   the space 82312K,  75% used [0x1dce0000, 0x219a6fd0, 0x219a7000, 0x22d42000)
 compacting perm gen  total 36352K, used 36309K [0x46ae0000, 0x48e60000, 0x4cae0000)
   the space 36352K,  99% used [0x46ae0000, 0x48e554b0, 0x48e55600, 0x48e60000)
No shared spaces configured.
}
Event: 186.377 GC heap before
{Heap before GC invocations=140 (full 1):
 def new generation   total 24768K, used 24768K [0x102e0000, 0x11dc0000, 0x1dce0000)
  eden space 22016K, 100% used [0x102e0000, 0x11860000, 0x11860000)
  from space 2752K, 100% used [0x11b10000, 0x11dc0000, 0x11dc0000)
  to   space 2752K,   0% used [0x11860000, 0x11860000, 0x11b10000)
 tenured generation   total 82312K, used 62235K [0x1dce0000, 0x22d42000, 0x46ae0000)
   the space 82312K,  75% used [0x1dce0000, 0x219a6fd0, 0x219a7000, 0x22d42000)
 compacting perm gen  total 36864K, used 36697K [0x46ae0000, 0x48ee0000, 0x4cae0000)
   the space 36864K,  99% used [0x46ae0000, 0x48eb6530, 0x48eb6600, 0x48ee0000)
No shared spaces configured.
Event: 186.383 GC heap after
Heap after GC invocations=141 (full 1):
 def new generation   total 24768K, used 1869K [0x102e0000, 0x11dc0000, 0x1dce0000)
  eden space 22016K,   0% used [0x102e0000, 0x102e0000, 0x11860000)
  from space 2752K,  67% used [0x11860000, 0x11a33758, 0x11b10000)
  to   space 2752K,   0% used [0x11b10000, 0x11b10000, 0x11dc0000)
 tenured generation   total 82312K, used 64984K [0x1dce0000, 0x22d42000, 0x46ae0000)
   the space 82312K,  78% used [0x1dce0000, 0x21c560b8, 0x21c56200, 0x22d42000)
 compacting perm gen  total 36864K, used 36697K [0x46ae0000, 0x48ee0000, 0x4cae0000)
   the space 36864K,  99% used [0x46ae0000, 0x48eb6530, 0x48eb6600, 0x48ee0000)
No shared spaces configured.
}

