# JRE version: 7.0_11-b21
# Java VM: Java HotSpot(TM) Client VM (23.6-b04 mixed mode windows-x86 )
Heap
 def new generation   total 24960K, used 16908K [0x102e0000, 0x11df0000, 0x1dce0000)
  eden space 22208K,  70% used [0x102e0000, 0x11234e80, 0x11890000)
  from space 2752K,  43% used [0x11890000, 0x119be2c0, 0x11b40000)
  to   space 2752K,   0% used [0x11b40000, 0x11b40000, 0x11df0000)
 tenured generation   total 82940K, used 52345K [0x1dce0000, 0x22ddf000, 0x46ae0000)
   the space 82940K,  63% used [0x1dce0000, 0x20ffe470, 0x20ffe600, 0x22ddf000)
 compacting perm gen  total 39168K, used 39104K [0x46ae0000, 0x49120000, 0x4cae0000)
   the space 39168K,  99% used [0x46ae0000, 0x491102b0, 0x49110400, 0x49120000)
GC Heap History (10 events):
Event: 610.595 GC heap before
{Heap before GC invocations=151 (full 2):
 def new generation   total 24960K, used 23427K [0x102e0000, 0x11df0000, 0x1dce0000)
  eden space 22208K, 100% used [0x102e0000, 0x11890000, 0x11890000)
  from space 2752K,  44% used [0x11b40000, 0x11c70fd0, 0x11df0000)
  to   space 2752K,   0% used [0x11890000, 0x11890000, 0x11b40000)
 tenured generation   total 82940K, used 51566K [0x1dce0000, 0x22ddf000, 0x46ae0000)
   the space 82940K,  62% used [0x1dce0000, 0x20f3b818, 0x20f3ba00, 0x22ddf000)
 compacting perm gen  total 39168K, used 39042K [0x46ae0000, 0x49120000, 0x4cae0000)
   the space 39168K,  99% used [0x46ae0000, 0x49100bd0, 0x49100c00, 0x49120000)
No shared spaces configured.
Event: 610.599 GC heap after
Heap after GC invocations=152 (full 2):
 def new generation   total 24960K, used 1372K [0x102e0000, 0x11df0000, 0x1dce0000)
  eden space 22208K,   0% used [0x102e0000, 0x102e0000, 0x11890000)
  from space 2752K,  49% used [0x11890000, 0x119e7000, 0x11b40000)
  to   space 2752K,   0% used [0x11b40000, 0x11b40000, 0x11df0000)
 tenured generation   total 82940K, used 51566K [0x1dce0000, 0x22ddf000, 0x46ae0000)
   the space 82940K,  62% used [0x1dce0000, 0x20f3b818, 0x20f3ba00, 0x22ddf000)
 compacting perm gen  total 39168K, used 39042K [0x46ae0000, 0x49120000, 0x4cae0000)
   the space 39168K,  99% used [0x46ae0000, 0x49100bd0, 0x49100c00, 0x49120000)
No shared spaces configured.
}
Event: 617.441 GC heap before
{Heap before GC invocations=152 (full 2):
 def new generation   total 24960K, used 23580K [0x102e0000, 0x11df0000, 0x1dce0000)
  eden space 22208K, 100% used [0x102e0000, 0x11890000, 0x11890000)
  from space 2752K,  49% used [0x11890000, 0x119e7000, 0x11b40000)
  to   space 2752K,   0% used [0x11b40000, 0x11b40000, 0x11df0000)
 tenured generation   total 82940K, used 51566K [0x1dce0000, 0x22ddf000, 0x46ae0000)
   the space 82940K,  62% used [0x1dce0000, 0x20f3b818, 0x20f3ba00, 0x22ddf000)
 compacting perm gen  total 39168K, used 39048K [0x46ae0000, 0x49120000, 0x4cae0000)
   the space 39168K,  99% used [0x46ae0000, 0x49102310, 0x49102400, 0x49120000)
No shared spaces configured.
Event: 617.448 GC heap after
Heap after GC invocations=153 (full 2):
 def new generation   total 24960K, used 1474K [0x102e0000, 0x11df0000, 0x1dce0000)
  eden space 22208K,   0% used [0x102e0000, 0x102e0000, 0x11890000)
  from space 2752K,  53% used [0x11b40000, 0x11cb0958, 0x11df0000)
  to   space 2752K,   0% used [0x11890000, 0x11890000, 0x11b40000)
 tenured generation   total 82940K, used 51566K [0x1dce0000, 0x22ddf000, 0x46ae0000)
   the space 82940K,  62% used [0x1dce0000, 0x20f3b818, 0x20f3ba00, 0x22ddf000)
 compacting perm gen  total 39168K, used 39048K [0x46ae0000, 0x49120000, 0x4cae0000)
   the space 39168K,  99% used [0x46ae0000, 0x49102310, 0x49102400, 0x49120000)
No shared spaces configured.
}
Event: 626.340 GC heap before
{Heap before GC invocations=153 (full 2):
 def new generation   total 24960K, used 23682K [0x102e0000, 0x11df0000, 0x1dce0000)
  eden space 22208K, 100% used [0x102e0000, 0x11890000, 0x11890000)
  from space 2752K,  53% used [0x11b40000, 0x11cb0958, 0x11df0000)
  to   space 2752K,   0% used [0x11890000, 0x11890000, 0x11b40000)
 tenured generation   total 82940K, used 51566K [0x1dce0000, 0x22ddf000, 0x46ae0000)
   the space 82940K,  62% used [0x1dce0000, 0x20f3b818, 0x20f3ba00, 0x22ddf000)
 compacting perm gen  total 39168K, used 39086K [0x46ae0000, 0x49120000, 0x4cae0000)
   the space 39168K,  99% used [0x46ae0000, 0x4910b870, 0x4910ba00, 0x49120000)
No shared spaces configured.
Event: 626.348 GC heap after
Heap after GC invocations=154 (full 2):
 def new generation   total 24960K, used 1766K [0x102e0000, 0x11df0000, 0x1dce0000)
  eden space 22208K,   0% used [0x102e0000, 0x102e0000, 0x11890000)
  from space 2752K,  64% used [0x11890000, 0x11a49b90, 0x11b40000)
  to   space 2752K,   0% used [0x11b40000, 0x11b40000, 0x11df0000)
 tenured generation   total 82940K, used 51739K [0x1dce0000, 0x22ddf000, 0x46ae0000)
   the space 82940K,  62% used [0x1dce0000, 0x20f66ff0, 0x20f67000, 0x22ddf000)
 compacting perm gen  total 39168K, used 39086K [0x46ae0000, 0x49120000, 0x4cae0000)
   the space 39168K,  99% used [0x46ae0000, 0x4910b870, 0x4910ba00, 0x49120000)
No shared spaces configured.
}
Event: 633.394 GC heap before
{Heap before GC invocations=154 (full 2):
 def new generation   total 24960K, used 23974K [0x102e0000, 0x11df0000, 0x1dce0000)
  eden space 22208K, 100% used [0x102e0000, 0x11890000, 0x11890000)
  from space 2752K,  64% used [0x11890000, 0x11a49b90, 0x11b40000)
  to   space 2752K,   0% used [0x11b40000, 0x11b40000, 0x11df0000)
 tenured generation   total 82940K, used 51739K [0x1dce0000, 0x22ddf000, 0x46ae0000)
   the space 82940K,  62% used [0x1dce0000, 0x20f66ff0, 0x20f67000, 0x22ddf000)
 compacting perm gen  total 39168K, used 39091K [0x46ae0000, 0x49120000, 0x4cae0000)
   the space 39168K,  99% used [0x46ae0000, 0x4910cdf0, 0x4910ce00, 0x49120000)
No shared spaces configured.
Event: 633.402 GC heap after
Heap after GC invocations=155 (full 2):
 def new generation   total 24960K, used 1070K [0x102e0000, 0x11df0000, 0x1dce0000)
  eden space 22208K,   0% used [0x102e0000, 0x102e0000, 0x11890000)
  from space 2752K,  38% used [0x11b40000, 0x11c4bb08, 0x11df0000)
  to   space 2752K,   0% used [0x11890000, 0x11890000, 0x11b40000)
 tenured generation   total 82940K, used 52345K [0x1dce0000, 0x22ddf000, 0x46ae0000)
   the space 82940K,  63% used [0x1dce0000, 0x20ffe470, 0x20ffe600, 0x22ddf000)
 compacting perm gen  total 39168K, used 39091K [0x46ae0000, 0x49120000, 0x4cae0000)
   the space 39168K,  99% used [0x46ae0000, 0x4910cdf0, 0x4910ce00, 0x49120000)
No shared spaces configured.
}
Event: 665.261 GC heap before
{Heap before GC invocations=155 (full 2):
 def new generation   total 24960K, used 23278K [0x102e0000, 0x11df0000, 0x1dce0000)
  eden space 22208K, 100% used [0x102e0000, 0x11890000, 0x11890000)
  from space 2752K,  38% used [0x11b40000, 0x11c4bb08, 0x11df0000)
  to   space 2752K,   0% used [0x11890000, 0x11890000, 0x11b40000)
 tenured generation   total 82940K, used 52345K [0x1dce0000, 0x22ddf000, 0x46ae0000)
   the space 82940K,  63% used [0x1dce0000, 0x20ffe470, 0x20ffe600, 0x22ddf000)
 compacting perm gen  total 39168K, used 39091K [0x46ae0000, 0x49120000, 0x4cae0000)
   the space 39168K,  99% used [0x46ae0000, 0x4910ce60, 0x4910d000, 0x49120000)
No shared spaces configured.
Event: 665.267 GC heap after
Heap after GC invocations=156 (full 2):
 def new generation   total 24960K, used 1208K [0x102e0000, 0x11df0000, 0x1dce0000)
  eden space 22208K,   0% used [0x102e0000, 0x102e0000, 0x11890000)
  from space 2752K,  43% used [0x11890000, 0x119be2c0, 0x11b40000)
  to   space 2752K,   0% used [0x11b40000, 0x11b40000, 0x11df0000)
 tenured generation   total 82940K, used 52345K [0x1dce0000, 0x22ddf000, 0x46ae0000)
   the space 82940K,  63% used [0x1dce0000, 0x20ffe470, 0x20ffe600, 0x22ddf000)
 compacting perm gen  total 39168K, used 39091K [0x46ae0000, 0x49120000, 0x4cae0000)
   the space 39168K,  99% used [0x46ae0000, 0x4910ce60, 0x4910d000, 0x49120000)
No shared spaces configured.
}

