# JRE version: 7.0_11-b21
# Java VM: Java HotSpot(TM) Client VM (23.6-b04 mixed mode windows-x86 )
Heap
 def new generation   total 21312K, used 13786K [0x102e0000, 0x11a00000, 0x1dce0000)
  eden space 18944K,  60% used [0x102e0000, 0x10e06958, 0x11560000)
  from space 2368K, 100% used [0x117b0000, 0x11a00000, 0x11a00000)
  to   space 2368K,   0% used [0x11560000, 0x11560000, 0x117b0000)
 tenured generation   total 70848K, used 48831K [0x1dce0000, 0x22210000, 0x46ae0000)
   the space 70848K,  68% used [0x1dce0000, 0x20c8fd28, 0x20c8fe00, 0x22210000)
 compacting perm gen  total 38656K, used 38475K [0x46ae0000, 0x490a0000, 0x4cae0000)
   the space 38656K,  99% used [0x46ae0000, 0x49072f90, 0x49073000, 0x490a0000)
GC Heap History (10 events):
Event: 592.008 GC heap before
{Heap before GC invocations=182 (full 2):
 def new generation   total 21312K, used 20392K [0x102e0000, 0x11a00000, 0x1dce0000)
  eden space 18944K, 100% used [0x102e0000, 0x11560000, 0x11560000)
  from space 2368K,  61% used [0x11560000, 0x116ca108, 0x117b0000)
  to   space 2368K,   0% used [0x117b0000, 0x117b0000, 0x11a00000)
 tenured generation   total 70848K, used 44180K [0x1dce0000, 0x22210000, 0x46ae0000)
   the space 70848K,  62% used [0x1dce0000, 0x20805330, 0x20805400, 0x22210000)
 compacting perm gen  total 37376K, used 37355K [0x46ae0000, 0x48f60000, 0x4cae0000)
   the space 37376K,  99% used [0x46ae0000, 0x48f5ac20, 0x48f5ae00, 0x48f60000)
No shared spaces configured.
Event: 592.013 GC heap after
Heap after GC invocations=183 (full 2):
 def new generation   total 21312K, used 612K [0x102e0000, 0x11a00000, 0x1dce0000)
  eden space 18944K,   0% used [0x102e0000, 0x102e0000, 0x11560000)
  from space 2368K,  25% used [0x117b0000, 0x118492c8, 0x11a00000)
  to   space 2368K,   0% used [0x11560000, 0x11560000, 0x117b0000)
 tenured generation   total 70848K, used 45271K [0x1dce0000, 0x22210000, 0x46ae0000)
   the space 70848K,  63% used [0x1dce0000, 0x20915ef0, 0x20916000, 0x22210000)
 compacting perm gen  total 37376K, used 37355K [0x46ae0000, 0x48f60000, 0x4cae0000)
   the space 37376K,  99% used [0x46ae0000, 0x48f5ac20, 0x48f5ae00, 0x48f60000)
No shared spaces configured.
}
Event: 614.372 GC heap before
{Heap before GC invocations=183 (full 2):
 def new generation   total 21312K, used 19556K [0x102e0000, 0x11a00000, 0x1dce0000)
  eden space 18944K, 100% used [0x102e0000, 0x11560000, 0x11560000)
  from space 2368K,  25% used [0x117b0000, 0x118492c8, 0x11a00000)
  to   space 2368K,   0% used [0x11560000, 0x11560000, 0x117b0000)
 tenured generation   total 70848K, used 45271K [0x1dce0000, 0x22210000, 0x46ae0000)
   the space 70848K,  63% used [0x1dce0000, 0x20915ef0, 0x20916000, 0x22210000)
 compacting perm gen  total 37376K, used 37356K [0x46ae0000, 0x48f60000, 0x4cae0000)
   the space 37376K,  99% used [0x46ae0000, 0x48f5b0d8, 0x48f5b200, 0x48f60000)
No shared spaces configured.
Event: 614.377 GC heap after
Heap after GC invocations=184 (full 2):
 def new generation   total 21312K, used 1875K [0x102e0000, 0x11a00000, 0x1dce0000)
  eden space 18944K,   0% used [0x102e0000, 0x102e0000, 0x11560000)
  from space 2368K,  79% used [0x11560000, 0x11734e80, 0x117b0000)
  to   space 2368K,   0% used [0x117b0000, 0x117b0000, 0x11a00000)
 tenured generation   total 70848K, used 45271K [0x1dce0000, 0x22210000, 0x46ae0000)
   the space 70848K,  63% used [0x1dce0000, 0x20915ef0, 0x20916000, 0x22210000)
 compacting perm gen  total 37376K, used 37356K [0x46ae0000, 0x48f60000, 0x4cae0000)
   the space 37376K,  99% used [0x46ae0000, 0x48f5b0d8, 0x48f5b200, 0x48f60000)
No shared spaces configured.
}
Event: 636.615 GC heap before
{Heap before GC invocations=184 (full 2):
 def new generation   total 21312K, used 20819K [0x102e0000, 0x11a00000, 0x1dce0000)
  eden space 18944K, 100% used [0x102e0000, 0x11560000, 0x11560000)
  from space 2368K,  79% used [0x11560000, 0x11734e80, 0x117b0000)
  to   space 2368K,   0% used [0x117b0000, 0x117b0000, 0x11a00000)
 tenured generation   total 70848K, used 45271K [0x1dce0000, 0x22210000, 0x46ae0000)
   the space 70848K,  63% used [0x1dce0000, 0x20915ef0, 0x20916000, 0x22210000)
 compacting perm gen  total 37376K, used 37358K [0x46ae0000, 0x48f60000, 0x4cae0000)
   the space 37376K,  99% used [0x46ae0000, 0x48f5b838, 0x48f5ba00, 0x48f60000)
No shared spaces configured.
Event: 636.619 GC heap after
Heap after GC invocations=185 (full 2):
 def new generation   total 21312K, used 1555K [0x102e0000, 0x11a00000, 0x1dce0000)
  eden space 18944K,   0% used [0x102e0000, 0x102e0000, 0x11560000)
  from space 2368K,  65% used [0x117b0000, 0x11934cb0, 0x11a00000)
  to   space 2368K,   0% used [0x11560000, 0x11560000, 0x117b0000)
 tenured generation   total 70848K, used 46731K [0x1dce0000, 0x22210000, 0x46ae0000)
   the space 70848K,  65% used [0x1dce0000, 0x20a82e38, 0x20a83000, 0x22210000)
 compacting perm gen  total 37376K, used 37358K [0x46ae0000, 0x48f60000, 0x4cae0000)
   the space 37376K,  99% used [0x46ae0000, 0x48f5b838, 0x48f5ba00, 0x48f60000)
No shared spaces configured.
}
Event: 650.329 GC heap before
{Heap before GC invocations=185 (full 2):
 def new generation   total 21312K, used 20491K [0x102e0000, 0x11a00000, 0x1dce0000)
  eden space 18944K,  99% used [0x102e0000, 0x1155e128, 0x11560000)
  from space 2368K,  65% used [0x117b0000, 0x11934cb0, 0x11a00000)
  to   space 2368K,   0% used [0x11560000, 0x11560000, 0x117b0000)
 tenured generation   total 70848K, used 46731K [0x1dce0000, 0x22210000, 0x46ae0000)
   the space 70848K,  65% used [0x1dce0000, 0x20a82e38, 0x20a83000, 0x22210000)
 compacting perm gen  total 37632K, used 37595K [0x46ae0000, 0x48fa0000, 0x4cae0000)
   the space 37632K,  99% used [0x46ae0000, 0x48f96d20, 0x48f96e00, 0x48fa0000)
No shared spaces configured.
Event: 650.334 GC heap after
Heap after GC invocations=186 (full 2):
 def new generation   total 21312K, used 831K [0x102e0000, 0x11a00000, 0x1dce0000)
  eden space 18944K,   0% used [0x102e0000, 0x102e0000, 0x11560000)
  from space 2368K,  35% used [0x11560000, 0x1162fef0, 0x117b0000)
  to   space 2368K,   0% used [0x117b0000, 0x117b0000, 0x11a00000)
 tenured generation   total 70848K, used 48108K [0x1dce0000, 0x22210000, 0x46ae0000)
   the space 70848K,  67% used [0x1dce0000, 0x20bdb2d0, 0x20bdb400, 0x22210000)
 compacting perm gen  total 37632K, used 37595K [0x46ae0000, 0x48fa0000, 0x4cae0000)
   the space 37632K,  99% used [0x46ae0000, 0x48f96d20, 0x48f96e00, 0x48fa0000)
No shared spaces configured.
}
Event: 651.409 GC heap before
{Heap before GC invocations=186 (full 2):
 def new generation   total 21312K, used 19775K [0x102e0000, 0x11a00000, 0x1dce0000)
  eden space 18944K, 100% used [0x102e0000, 0x11560000, 0x11560000)
  from space 2368K,  35% used [0x11560000, 0x1162fef0, 0x117b0000)
  to   space 2368K,   0% used [0x117b0000, 0x117b0000, 0x11a00000)
 tenured generation   total 70848K, used 48108K [0x1dce0000, 0x22210000, 0x46ae0000)
   the space 70848K,  67% used [0x1dce0000, 0x20bdb2d0, 0x20bdb400, 0x22210000)
 compacting perm gen  total 38144K, used 37926K [0x46ae0000, 0x49020000, 0x4cae0000)
   the space 38144K,  99% used [0x46ae0000, 0x48fe9b80, 0x48fe9c00, 0x49020000)
No shared spaces configured.
Event: 651.418 GC heap after
Heap after GC invocations=187 (full 2):
 def new generation   total 21312K, used 2368K [0x102e0000, 0x11a00000, 0x1dce0000)
  eden space 18944K,   0% used [0x102e0000, 0x102e0000, 0x11560000)
  from space 2368K, 100% used [0x117b0000, 0x11a00000, 0x11a00000)
  to   space 2368K,   0% used [0x11560000, 0x11560000, 0x117b0000)
 tenured generation   total 70848K, used 48831K [0x1dce0000, 0x22210000, 0x46ae0000)
   the space 70848K,  68% used [0x1dce0000, 0x20c8fd28, 0x20c8fe00, 0x22210000)
 compacting perm gen  total 38144K, used 37926K [0x46ae0000, 0x49020000, 0x4cae0000)
   the space 38144K,  99% used [0x46ae0000, 0x48fe9b80, 0x48fe9c00, 0x49020000)
No shared spaces configured.
}

