# JRE version: 7.0_11-b21
# Java VM: Java HotSpot(TM) Client VM (23.6-b04 mixed mode windows-x86 )
Heap
 def new generation   total 25088K, used 17610K [0x102e0000, 0x11e10000, 0x1dce0000)
  eden space 22336K,  75% used [0x102e0000, 0x11352a40, 0x118b0000)
  from space 2752K,  27% used [0x11b60000, 0x11c20030, 0x11e10000)
  to   space 2752K,   0% used [0x118b0000, 0x118b0000, 0x11b60000)
 tenured generation   total 83192K, used 58370K [0x1dce0000, 0x22e1e000, 0x46ae0000)
   the space 83192K,  70% used [0x1dce0000, 0x215e0bf0, 0x215e0c00, 0x22e1e000)
 compacting perm gen  total 37376K, used 37351K [0x46ae0000, 0x48f60000, 0x4cae0000)
   the space 37376K,  99% used [0x46ae0000, 0x48f59d80, 0x48f59e00, 0x48f60000)
GC Heap History (10 events):
Event: 791.800 GC heap before
{Heap before GC invocations=174 (full 1):
 def new generation   total 25088K, used 23359K [0x102e0000, 0x11e10000, 0x1dce0000)
  eden space 22336K, 100% used [0x102e0000, 0x118b0000, 0x118b0000)
  from space 2752K,  37% used [0x118b0000, 0x119afcd0, 0x11b60000)
  to   space 2752K,   0% used [0x11b60000, 0x11b60000, 0x11e10000)
 tenured generation   total 83192K, used 56170K [0x1dce0000, 0x22e1e000, 0x46ae0000)
   the space 83192K,  67% used [0x1dce0000, 0x213ba9c0, 0x213baa00, 0x22e1e000)
 compacting perm gen  total 36864K, used 36768K [0x46ae0000, 0x48ee0000, 0x4cae0000)
   the space 36864K,  99% used [0x46ae0000, 0x48ec8258, 0x48ec8400, 0x48ee0000)
No shared spaces configured.
Event: 791.804 GC heap after
Heap after GC invocations=175 (full 1):
 def new generation   total 25088K, used 1435K [0x102e0000, 0x11e10000, 0x1dce0000)
  eden space 22336K,   0% used [0x102e0000, 0x102e0000, 0x118b0000)
  from space 2752K,  52% used [0x11b60000, 0x11cc6c20, 0x11e10000)
  to   space 2752K,   0% used [0x118b0000, 0x118b0000, 0x11b60000)
 tenured generation   total 83192K, used 56186K [0x1dce0000, 0x22e1e000, 0x46ae0000)
   the space 83192K,  67% used [0x1dce0000, 0x213be958, 0x213bea00, 0x22e1e000)
 compacting perm gen  total 36864K, used 36768K [0x46ae0000, 0x48ee0000, 0x4cae0000)
   the space 36864K,  99% used [0x46ae0000, 0x48ec8258, 0x48ec8400, 0x48ee0000)
No shared spaces configured.
}
Event: 797.262 GC heap before
{Heap before GC invocations=175 (full 1):
 def new generation   total 25088K, used 23771K [0x102e0000, 0x11e10000, 0x1dce0000)
  eden space 22336K, 100% used [0x102e0000, 0x118b0000, 0x118b0000)
  from space 2752K,  52% used [0x11b60000, 0x11cc6c20, 0x11e10000)
  to   space 2752K,   0% used [0x118b0000, 0x118b0000, 0x11b60000)
 tenured generation   total 83192K, used 56186K [0x1dce0000, 0x22e1e000, 0x46ae0000)
   the space 83192K,  67% used [0x1dce0000, 0x213be958, 0x213bea00, 0x22e1e000)
 compacting perm gen  total 37120K, used 36887K [0x46ae0000, 0x48f20000, 0x4cae0000)
   the space 37120K,  99% used [0x46ae0000, 0x48ee5f38, 0x48ee6000, 0x48f20000)
No shared spaces configured.
Event: 797.268 GC heap after
Heap after GC invocations=176 (full 1):
 def new generation   total 25088K, used 1823K [0x102e0000, 0x11e10000, 0x1dce0000)
  eden space 22336K,   0% used [0x102e0000, 0x102e0000, 0x118b0000)
  from space 2752K,  66% used [0x118b0000, 0x11a77f58, 0x11b60000)
  to   space 2752K,   0% used [0x11b60000, 0x11b60000, 0x11e10000)
 tenured generation   total 83192K, used 56260K [0x1dce0000, 0x22e1e000, 0x46ae0000)
   the space 83192K,  67% used [0x1dce0000, 0x213d1300, 0x213d1400, 0x22e1e000)
 compacting perm gen  total 37120K, used 36887K [0x46ae0000, 0x48f20000, 0x4cae0000)
   the space 37120K,  99% used [0x46ae0000, 0x48ee5f38, 0x48ee6000, 0x48f20000)
No shared spaces configured.
}
Event: 797.549 GC heap before
{Heap before GC invocations=176 (full 1):
 def new generation   total 25088K, used 24159K [0x102e0000, 0x11e10000, 0x1dce0000)
  eden space 22336K, 100% used [0x102e0000, 0x118b0000, 0x118b0000)
  from space 2752K,  66% used [0x118b0000, 0x11a77f58, 0x11b60000)
  to   space 2752K,   0% used [0x11b60000, 0x11b60000, 0x11e10000)
 tenured generation   total 83192K, used 56260K [0x1dce0000, 0x22e1e000, 0x46ae0000)
   the space 83192K,  67% used [0x1dce0000, 0x213d1300, 0x213d1400, 0x22e1e000)
 compacting perm gen  total 37120K, used 36903K [0x46ae0000, 0x48f20000, 0x4cae0000)
   the space 37120K,  99% used [0x46ae0000, 0x48ee9f00, 0x48eea000, 0x48f20000)
No shared spaces configured.
Event: 797.554 GC heap after
Heap after GC invocations=177 (full 1):
 def new generation   total 25088K, used 1527K [0x102e0000, 0x11e10000, 0x1dce0000)
  eden space 22336K,   0% used [0x102e0000, 0x102e0000, 0x118b0000)
  from space 2752K,  55% used [0x11b60000, 0x11cddd90, 0x11e10000)
  to   space 2752K,   0% used [0x118b0000, 0x118b0000, 0x11b60000)
 tenured generation   total 83192K, used 57008K [0x1dce0000, 0x22e1e000, 0x46ae0000)
   the space 83192K,  68% used [0x1dce0000, 0x2148c340, 0x2148c400, 0x22e1e000)
 compacting perm gen  total 37120K, used 36903K [0x46ae0000, 0x48f20000, 0x4cae0000)
   the space 37120K,  99% used [0x46ae0000, 0x48ee9f00, 0x48eea000, 0x48f20000)
No shared spaces configured.
}
Event: 801.856 GC heap before
{Heap before GC invocations=177 (full 1):
 def new generation   total 25088K, used 23863K [0x102e0000, 0x11e10000, 0x1dce0000)
  eden space 22336K, 100% used [0x102e0000, 0x118b0000, 0x118b0000)
  from space 2752K,  55% used [0x11b60000, 0x11cddd90, 0x11e10000)
  to   space 2752K,   0% used [0x118b0000, 0x118b0000, 0x11b60000)
 tenured generation   total 83192K, used 57008K [0x1dce0000, 0x22e1e000, 0x46ae0000)
   the space 83192K,  68% used [0x1dce0000, 0x2148c340, 0x2148c400, 0x22e1e000)
 compacting perm gen  total 37120K, used 37010K [0x46ae0000, 0x48f20000, 0x4cae0000)
   the space 37120K,  99% used [0x46ae0000, 0x48f04a38, 0x48f04c00, 0x48f20000)
No shared spaces configured.
Event: 801.860 GC heap after
Heap after GC invocations=178 (full 1):
 def new generation   total 25088K, used 1735K [0x102e0000, 0x11e10000, 0x1dce0000)
  eden space 22336K,   0% used [0x102e0000, 0x102e0000, 0x118b0000)
  from space 2752K,  63% used [0x118b0000, 0x11a61f18, 0x11b60000)
  to   space 2752K,   0% used [0x11b60000, 0x11b60000, 0x11e10000)
 tenured generation   total 83192K, used 57129K [0x1dce0000, 0x22e1e000, 0x46ae0000)
   the space 83192K,  68% used [0x1dce0000, 0x214aa518, 0x214aa600, 0x22e1e000)
 compacting perm gen  total 37120K, used 37010K [0x46ae0000, 0x48f20000, 0x4cae0000)
   the space 37120K,  99% used [0x46ae0000, 0x48f04a38, 0x48f04c00, 0x48f20000)
No shared spaces configured.
}
Event: 841.450 GC heap before
{Heap before GC invocations=178 (full 1):
 def new generation   total 25088K, used 24071K [0x102e0000, 0x11e10000, 0x1dce0000)
  eden space 22336K, 100% used [0x102e0000, 0x118b0000, 0x118b0000)
  from space 2752K,  63% used [0x118b0000, 0x11a61f18, 0x11b60000)
  to   space 2752K,   0% used [0x11b60000, 0x11b60000, 0x11e10000)
 tenured generation   total 83192K, used 57129K [0x1dce0000, 0x22e1e000, 0x46ae0000)
   the space 83192K,  68% used [0x1dce0000, 0x214aa518, 0x214aa600, 0x22e1e000)
 compacting perm gen  total 37120K, used 37061K [0x46ae0000, 0x48f20000, 0x4cae0000)
   the space 37120K,  99% used [0x46ae0000, 0x48f117b8, 0x48f11800, 0x48f20000)
No shared spaces configured.
Event: 841.458 GC heap after
Heap after GC invocations=179 (full 1):
 def new generation   total 25088K, used 768K [0x102e0000, 0x11e10000, 0x1dce0000)
  eden space 22336K,   0% used [0x102e0000, 0x102e0000, 0x118b0000)
  from space 2752K,  27% used [0x11b60000, 0x11c20030, 0x11e10000)
  to   space 2752K,   0% used [0x118b0000, 0x118b0000, 0x11b60000)
 tenured generation   total 83192K, used 58370K [0x1dce0000, 0x22e1e000, 0x46ae0000)
   the space 83192K,  70% used [0x1dce0000, 0x215e0bf0, 0x215e0c00, 0x22e1e000)
 compacting perm gen  total 37120K, used 37061K [0x46ae0000, 0x48f20000, 0x4cae0000)
   the space 37120K,  99% used [0x46ae0000, 0x48f117b8, 0x48f11800, 0x48f20000)
No shared spaces configured.
}

