# JRE version: 7.0_11-b21
# Java VM: Java HotSpot(TM) Client VM (23.6-b04 mixed mode windows-x86 )
Heap
 def new generation   total 22336K, used 1348K [0x102e0000, 0x11b10000, 0x1dce0000)
  eden space 19904K,   6% used [0x102e0000, 0x10431218, 0x11650000)
  from space 2432K,   0% used [0x11650000, 0x11650000, 0x118b0000)
  to   space 2432K,   0% used [0x118b0000, 0x118b0000, 0x11b10000)
 tenured generation   total 74188K, used 44511K [0x1dce0000, 0x22553000, 0x46ae0000)
   the space 74188K,  59% used [0x1dce0000, 0x20857d78, 0x20857e00, 0x22553000)
 compacting perm gen  total 37120K, used 36904K [0x46ae0000, 0x48f20000, 0x4cae0000)
   the space 37120K,  99% used [0x46ae0000, 0x48eea028, 0x48eea200, 0x48f20000)
GC Heap History (10 events):
Event: 30.466 GC heap before
{Heap before GC invocations=137 (full 1):
 def new generation   total 21760K, used 20608K [0x102e0000, 0x11a70000, 0x1dce0000)
  eden space 19392K, 100% used [0x102e0000, 0x115d0000, 0x115d0000)
  from space 2368K,  51% used [0x11820000, 0x119502a8, 0x11a70000)
  to   space 2368K,   0% used [0x115d0000, 0x115d0000, 0x11820000)
 tenured generation   total 72168K, used 49034K [0x1dce0000, 0x2235a000, 0x46ae0000)
   the space 72168K,  67% used [0x1dce0000, 0x20cc2a68, 0x20cc2c00, 0x2235a000)
 compacting perm gen  total 35840K, used 35757K [0x46ae0000, 0x48de0000, 0x4cae0000)
   the space 35840K,  99% used [0x46ae0000, 0x48dcb4b8, 0x48dcb600, 0x48de0000)
No shared spaces configured.
Event: 30.473 GC heap after
Heap after GC invocations=138 (full 1):
 def new generation   total 21760K, used 1532K [0x102e0000, 0x11a70000, 0x1dce0000)
  eden space 19392K,   0% used [0x102e0000, 0x102e0000, 0x115d0000)
  from space 2368K,  64% used [0x115d0000, 0x1174f1f8, 0x11820000)
  to   space 2368K,   0% used [0x11820000, 0x11820000, 0x11a70000)
 tenured generation   total 72168K, used 49068K [0x1dce0000, 0x2235a000, 0x46ae0000)
   the space 72168K,  67% used [0x1dce0000, 0x20ccb370, 0x20ccb400, 0x2235a000)
 compacting perm gen  total 35840K, used 35757K [0x46ae0000, 0x48de0000, 0x4cae0000)
   the space 35840K,  99% used [0x46ae0000, 0x48dcb4b8, 0x48dcb600, 0x48de0000)
No shared spaces configured.
}
Event: 32.612 GC heap before
{Heap before GC invocations=138 (full 1):
 def new generation   total 21760K, used 20784K [0x102e0000, 0x11a70000, 0x1dce0000)
  eden space 19392K,  99% used [0x102e0000, 0x115ace50, 0x115d0000)
  from space 2368K,  64% used [0x115d0000, 0x1174f1f8, 0x11820000)
  to   space 2368K,   0% used [0x11820000, 0x11820000, 0x11a70000)
 tenured generation   total 72168K, used 49068K [0x1dce0000, 0x2235a000, 0x46ae0000)
   the space 72168K,  67% used [0x1dce0000, 0x20ccb370, 0x20ccb400, 0x2235a000)
 compacting perm gen  total 35840K, used 35762K [0x46ae0000, 0x48de0000, 0x4cae0000)
   the space 35840K,  99% used [0x46ae0000, 0x48dcc8e0, 0x48dcca00, 0x48de0000)
No shared spaces configured.
Event: 32.618 GC heap after
Heap after GC invocations=139 (full 1):
 def new generation   total 21760K, used 1120K [0x102e0000, 0x11a70000, 0x1dce0000)
  eden space 19392K,   0% used [0x102e0000, 0x102e0000, 0x115d0000)
  from space 2368K,  47% used [0x11820000, 0x11938240, 0x11a70000)
  to   space 2368K,   0% used [0x115d0000, 0x115d0000, 0x11820000)
 tenured generation   total 72168K, used 49518K [0x1dce0000, 0x2235a000, 0x46ae0000)
   the space 72168K,  68% used [0x1dce0000, 0x20d3bb18, 0x20d3bc00, 0x2235a000)
 compacting perm gen  total 35840K, used 35762K [0x46ae0000, 0x48de0000, 0x4cae0000)
   the space 35840K,  99% used [0x46ae0000, 0x48dcc8e0, 0x48dcca00, 0x48de0000)
No shared spaces configured.
}
Event: 39.476 GC heap before
{Heap before GC invocations=139 (full 1):
 def new generation   total 21760K, used 20512K [0x102e0000, 0x11a70000, 0x1dce0000)
  eden space 19392K, 100% used [0x102e0000, 0x115d0000, 0x115d0000)
  from space 2368K,  47% used [0x11820000, 0x11938240, 0x11a70000)
  to   space 2368K,   0% used [0x115d0000, 0x115d0000, 0x11820000)
 tenured generation   total 72168K, used 49518K [0x1dce0000, 0x2235a000, 0x46ae0000)
   the space 72168K,  68% used [0x1dce0000, 0x20d3bb18, 0x20d3bc00, 0x2235a000)
 compacting perm gen  total 36096K, used 36037K [0x46ae0000, 0x48e20000, 0x4cae0000)
   the space 36096K,  99% used [0x46ae0000, 0x48e11698, 0x48e11800, 0x48e20000)
No shared spaces configured.
Event: 39.486 GC heap after
Heap after GC invocations=140 (full 1):
 def new generation   total 21760K, used 2368K [0x102e0000, 0x11a70000, 0x1dce0000)
  eden space 19392K,   0% used [0x102e0000, 0x102e0000, 0x115d0000)
  from space 2368K, 100% used [0x115d0000, 0x11820000, 0x11820000)
  to   space 2368K,   0% used [0x11820000, 0x11820000, 0x11a70000)
 tenured generation   total 72168K, used 52344K [0x1dce0000, 0x2235a000, 0x46ae0000)
   the space 72168K,  72% used [0x1dce0000, 0x20ffe198, 0x20ffe200, 0x2235a000)
 compacting perm gen  total 36096K, used 36037K [0x46ae0000, 0x48e20000, 0x4cae0000)
   the space 36096K,  99% used [0x46ae0000, 0x48e11698, 0x48e11800, 0x48e20000)
No shared spaces configured.
}
Event: 39.693 GC heap before
{Heap before GC invocations=140 (full 1):
 def new generation   total 21760K, used 21760K [0x102e0000, 0x11a70000, 0x1dce0000)
  eden space 19392K, 100% used [0x102e0000, 0x115d0000, 0x115d0000)
  from space 2368K, 100% used [0x115d0000, 0x11820000, 0x11820000)
  to   space 2368K,   0% used [0x11820000, 0x11820000, 0x11a70000)
 tenured generation   total 72168K, used 52344K [0x1dce0000, 0x2235a000, 0x46ae0000)
   the space 72168K,  72% used [0x1dce0000, 0x20ffe198, 0x20ffe200, 0x2235a000)
 compacting perm gen  total 36864K, used 36803K [0x46ae0000, 0x48ee0000, 0x4cae0000)
   the space 36864K,  99% used [0x46ae0000, 0x48ed0fa8, 0x48ed1000, 0x48ee0000)
No shared spaces configured.
Event: 39.701 GC heap after
Heap after GC invocations=141 (full 1):
 def new generation   total 21760K, used 1480K [0x102e0000, 0x11a70000, 0x1dce0000)
  eden space 19392K,   0% used [0x102e0000, 0x102e0000, 0x115d0000)
  from space 2368K,  62% used [0x11820000, 0x119923c0, 0x11a70000)
  to   space 2368K,   0% used [0x115d0000, 0x115d0000, 0x11820000)
 tenured generation   total 72168K, used 54038K [0x1dce0000, 0x2235a000, 0x46ae0000)
   the space 72168K,  74% used [0x1dce0000, 0x211a5a58, 0x211a5c00, 0x2235a000)
 compacting perm gen  total 36864K, used 36803K [0x46ae0000, 0x48ee0000, 0x4cae0000)
   the space 36864K,  99% used [0x46ae0000, 0x48ed0fa8, 0x48ed1000, 0x48ee0000)
No shared spaces configured.
}
Event: 39.713 GC heap before
{Heap before GC invocations=141 (full 1):
 def new generation   total 21760K, used 3291K [0x102e0000, 0x11a70000, 0x1dce0000)
  eden space 19392K,   9% used [0x102e0000, 0x104a49b0, 0x115d0000)
  from space 2368K,  62% used [0x11820000, 0x119923c0, 0x11a70000)
  to   space 2368K,   0% used [0x115d0000, 0x115d0000, 0x11820000)
 tenured generation   total 72168K, used 54038K [0x1dce0000, 0x2235a000, 0x46ae0000)
   the space 72168K,  74% used [0x1dce0000, 0x211a5a58, 0x211a5c00, 0x2235a000)
 compacting perm gen  total 36864K, used 36863K [0x46ae0000, 0x48ee0000, 0x4cae0000)
   the space 36864K,  99% used [0x46ae0000, 0x48edffc0, 0x48ee0000, 0x48ee0000)
No shared spaces configured.
Event: 39.829 GC heap after
Heap after GC invocations=142 (full 2):
 def new generation   total 22336K, used 0K [0x102e0000, 0x11b10000, 0x1dce0000)
  eden space 19904K,   0% used [0x102e0000, 0x102e0000, 0x11650000)
  from space 2432K,   0% used [0x11650000, 0x11650000, 0x118b0000)
  to   space 2432K,   0% used [0x118b0000, 0x118b0000, 0x11b10000)
 tenured generation   total 74188K, used 44511K [0x1dce0000, 0x22553000, 0x46ae0000)
   the space 74188K,  59% used [0x1dce0000, 0x20857d78, 0x20857e00, 0x22553000)
 compacting perm gen  total 36864K, used 36863K [0x46ae0000, 0x48ee0000, 0x4cae0000)
   the space 36864K,  99% used [0x46ae0000, 0x48edffc0, 0x48ee0000, 0x48ee0000)
No shared spaces configured.
}

