# JRE version: 7.0_11-b21
# Java VM: Java HotSpot(TM) Client VM (23.6-b04 mixed mode windows-x86 )
Heap
 def new generation   total 28800K, used 27166K [0x102e0000, 0x12210000, 0x1dce0000)
  eden space 25664K,  95% used [0x102e0000, 0x11ac90c0, 0x11bf0000)
  from space 3136K,  85% used [0x11bf0000, 0x11e8e8e8, 0x11f00000)
  to   space 3136K,   0% used [0x11f00000, 0x11f00000, 0x12210000)
 tenured generation   total 95552K, used 66036K [0x1dce0000, 0x23a30000, 0x46ae0000)
   the space 95552K,  69% used [0x1dce0000, 0x21d5d018, 0x21d5d200, 0x23a30000)
 compacting perm gen  total 38400K, used 38278K [0x46ae0000, 0x49060000, 0x4cae0000)
   the space 38400K,  99% used [0x46ae0000, 0x49041950, 0x49041a00, 0x49060000)
GC Heap History (10 events):
Event: 14953.646 GC heap before
{Heap before GC invocations=387 (full 3):
 def new generation   total 28800K, used 27104K [0x102e0000, 0x12210000, 0x1dce0000)
  eden space 25664K, 100% used [0x102e0000, 0x11bf0000, 0x11bf0000)
  from space 3136K,  45% used [0x11f00000, 0x12068188, 0x12210000)
  to   space 3136K,   0% used [0x11bf0000, 0x11bf0000, 0x11f00000)
 tenured generation   total 95552K, used 58318K [0x1dce0000, 0x23a30000, 0x46ae0000)
   the space 95552K,  61% used [0x1dce0000, 0x215d3b08, 0x215d3c00, 0x23a30000)
 compacting perm gen  total 38400K, used 38276K [0x46ae0000, 0x49060000, 0x4cae0000)
   the space 38400K,  99% used [0x46ae0000, 0x490411e8, 0x49041200, 0x49060000)
No shared spaces configured.
Event: 14953.656 GC heap after
Heap after GC invocations=388 (full 3):
 def new generation   total 28800K, used 3136K [0x102e0000, 0x12210000, 0x1dce0000)
  eden space 25664K,   0% used [0x102e0000, 0x102e0000, 0x11bf0000)
  from space 3136K, 100% used [0x11bf0000, 0x11f00000, 0x11f00000)
  to   space 3136K,   0% used [0x11f00000, 0x11f00000, 0x12210000)
 tenured generation   total 95552K, used 60514K [0x1dce0000, 0x23a30000, 0x46ae0000)
   the space 95552K,  63% used [0x1dce0000, 0x217f8a48, 0x217f8c00, 0x23a30000)
 compacting perm gen  total 38400K, used 38276K [0x46ae0000, 0x49060000, 0x4cae0000)
   the space 38400K,  99% used [0x46ae0000, 0x490411e8, 0x49041200, 0x49060000)
No shared spaces configured.
}
Event: 14953.809 GC heap before
{Heap before GC invocations=388 (full 3):
 def new generation   total 28800K, used 28800K [0x102e0000, 0x12210000, 0x1dce0000)
  eden space 25664K, 100% used [0x102e0000, 0x11bf0000, 0x11bf0000)
  from space 3136K, 100% used [0x11bf0000, 0x11f00000, 0x11f00000)
  to   space 3136K,   0% used [0x11f00000, 0x11f00000, 0x12210000)
 tenured generation   total 95552K, used 60514K [0x1dce0000, 0x23a30000, 0x46ae0000)
   the space 95552K,  63% used [0x1dce0000, 0x217f8a48, 0x217f8c00, 0x23a30000)
 compacting perm gen  total 38400K, used 38276K [0x46ae0000, 0x49060000, 0x4cae0000)
   the space 38400K,  99% used [0x46ae0000, 0x490411e8, 0x49041200, 0x49060000)
No shared spaces configured.
Event: 14953.817 GC heap after
Heap after GC invocations=389 (full 3):
 def new generation   total 28800K, used 2112K [0x102e0000, 0x12210000, 0x1dce0000)
  eden space 25664K,   0% used [0x102e0000, 0x102e0000, 0x11bf0000)
  from space 3136K,  67% used [0x11f00000, 0x12110380, 0x12210000)
  to   space 3136K,   0% used [0x11bf0000, 0x11bf0000, 0x11f00000)
 tenured generation   total 95552K, used 63208K [0x1dce0000, 0x23a30000, 0x46ae0000)
   the space 95552K,  66% used [0x1dce0000, 0x21a9a288, 0x21a9a400, 0x23a30000)
 compacting perm gen  total 38400K, used 38276K [0x46ae0000, 0x49060000, 0x4cae0000)
   the space 38400K,  99% used [0x46ae0000, 0x490411e8, 0x49041200, 0x49060000)
No shared spaces configured.
}
Event: 14955.340 GC heap before
{Heap before GC invocations=389 (full 3):
 def new generation   total 28800K, used 27776K [0x102e0000, 0x12210000, 0x1dce0000)
  eden space 25664K,  99% used [0x102e0000, 0x11beffe0, 0x11bf0000)
  from space 3136K,  67% used [0x11f00000, 0x12110380, 0x12210000)
  to   space 3136K,   0% used [0x11bf0000, 0x11bf0000, 0x11f00000)
 tenured generation   total 95552K, used 63208K [0x1dce0000, 0x23a30000, 0x46ae0000)
   the space 95552K,  66% used [0x1dce0000, 0x21a9a288, 0x21a9a400, 0x23a30000)
 compacting perm gen  total 38400K, used 38278K [0x46ae0000, 0x49060000, 0x4cae0000)
   the space 38400K,  99% used [0x46ae0000, 0x49041900, 0x49041a00, 0x49060000)
No shared spaces configured.
Event: 14955.347 GC heap after
Heap after GC invocations=390 (full 3):
 def new generation   total 28800K, used 1343K [0x102e0000, 0x12210000, 0x1dce0000)
  eden space 25664K,   0% used [0x102e0000, 0x102e0000, 0x11bf0000)
  from space 3136K,  42% used [0x11bf0000, 0x11d3fe48, 0x11f00000)
  to   space 3136K,   0% used [0x11f00000, 0x11f00000, 0x12210000)
 tenured generation   total 95552K, used 65280K [0x1dce0000, 0x23a30000, 0x46ae0000)
   the space 95552K,  68% used [0x1dce0000, 0x21ca0098, 0x21ca0200, 0x23a30000)
 compacting perm gen  total 38400K, used 38278K [0x46ae0000, 0x49060000, 0x4cae0000)
   the space 38400K,  99% used [0x46ae0000, 0x49041900, 0x49041a00, 0x49060000)
No shared spaces configured.
}
Event: 14990.135 GC heap before
{Heap before GC invocations=390 (full 3):
 def new generation   total 28800K, used 27007K [0x102e0000, 0x12210000, 0x1dce0000)
  eden space 25664K, 100% used [0x102e0000, 0x11bf0000, 0x11bf0000)
  from space 3136K,  42% used [0x11bf0000, 0x11d3fe48, 0x11f00000)
  to   space 3136K,   0% used [0x11f00000, 0x11f00000, 0x12210000)
 tenured generation   total 95552K, used 65280K [0x1dce0000, 0x23a30000, 0x46ae0000)
   the space 95552K,  68% used [0x1dce0000, 0x21ca0098, 0x21ca0200, 0x23a30000)
 compacting perm gen  total 38400K, used 38278K [0x46ae0000, 0x49060000, 0x4cae0000)
   the space 38400K,  99% used [0x46ae0000, 0x49041920, 0x49041a00, 0x49060000)
No shared spaces configured.
Event: 14990.140 GC heap after
Heap after GC invocations=391 (full 3):
 def new generation   total 28800K, used 1870K [0x102e0000, 0x12210000, 0x1dce0000)
  eden space 25664K,   0% used [0x102e0000, 0x102e0000, 0x11bf0000)
  from space 3136K,  59% used [0x11f00000, 0x120d3808, 0x12210000)
  to   space 3136K,   0% used [0x11bf0000, 0x11bf0000, 0x11f00000)
 tenured generation   total 95552K, used 65280K [0x1dce0000, 0x23a30000, 0x46ae0000)
   the space 95552K,  68% used [0x1dce0000, 0x21ca0098, 0x21ca0200, 0x23a30000)
 compacting perm gen  total 38400K, used 38278K [0x46ae0000, 0x49060000, 0x4cae0000)
   the space 38400K,  99% used [0x46ae0000, 0x49041920, 0x49041a00, 0x49060000)
No shared spaces configured.
}
Event: 14990.221 GC heap before
{Heap before GC invocations=391 (full 3):
 def new generation   total 28800K, used 27534K [0x102e0000, 0x12210000, 0x1dce0000)
  eden space 25664K, 100% used [0x102e0000, 0x11bf0000, 0x11bf0000)
  from space 3136K,  59% used [0x11f00000, 0x120d3808, 0x12210000)
  to   space 3136K,   0% used [0x11bf0000, 0x11bf0000, 0x11f00000)
 tenured generation   total 95552K, used 65280K [0x1dce0000, 0x23a30000, 0x46ae0000)
   the space 95552K,  68% used [0x1dce0000, 0x21ca0098, 0x21ca0200, 0x23a30000)
 compacting perm gen  total 38400K, used 38278K [0x46ae0000, 0x49060000, 0x4cae0000)
   the space 38400K,  99% used [0x46ae0000, 0x49041920, 0x49041a00, 0x49060000)
No shared spaces configured.
Event: 14990.228 GC heap after
Heap after GC invocations=392 (full 3):
 def new generation   total 28800K, used 2682K [0x102e0000, 0x12210000, 0x1dce0000)
  eden space 25664K,   0% used [0x102e0000, 0x102e0000, 0x11bf0000)
  from space 3136K,  85% used [0x11bf0000, 0x11e8e8e8, 0x11f00000)
  to   space 3136K,   0% used [0x11f00000, 0x11f00000, 0x12210000)
 tenured generation   total 95552K, used 66036K [0x1dce0000, 0x23a30000, 0x46ae0000)
   the space 95552K,  69% used [0x1dce0000, 0x21d5d018, 0x21d5d200, 0x23a30000)
 compacting perm gen  total 38400K, used 38278K [0x46ae0000, 0x49060000, 0x4cae0000)
   the space 38400K,  99% used [0x46ae0000, 0x49041920, 0x49041a00, 0x49060000)
No shared spaces configured.
}

