# JRE version: 7.0_11-b21
# Java VM: Java HotSpot(TM) Client VM (23.6-b04 mixed mode windows-x86 )
Heap
 def new generation   total 24768K, used 13748K [0x102e0000, 0x11dc0000, 0x1dce0000)
  eden space 22016K,  49% used [0x102e0000, 0x10d9d1c0, 0x11860000)
  from space 2752K, 100% used [0x11b10000, 0x11dc0000, 0x11dc0000)
  to   space 2752K,   0% used [0x11860000, 0x11860000, 0x11b10000)
 tenured generation   total 82316K, used 58951K [0x1dce0000, 0x22d43000, 0x46ae0000)
   the space 82316K,  71% used [0x1dce0000, 0x21671f28, 0x21672000, 0x22d43000)
 compacting perm gen  total 37888K, used 37874K [0x46ae0000, 0x48fe0000, 0x4cae0000)
   the space 37888K,  99% used [0x46ae0000, 0x48fdcbe0, 0x48fdcc00, 0x48fe0000)
GC Heap History (10 events):
Event: 2007.196 GC heap before
{Heap before GC invocations=152 (full 1):
 def new generation   total 24768K, used 23621K [0x102e0000, 0x11dc0000, 0x1dce0000)
  eden space 22016K, 100% used [0x102e0000, 0x11860000, 0x11860000)
  from space 2752K,  58% used [0x11860000, 0x119f1740, 0x11b10000)
  to   space 2752K,   0% used [0x11b10000, 0x11b10000, 0x11dc0000)
 tenured generation   total 82316K, used 56918K [0x1dce0000, 0x22d43000, 0x46ae0000)
   the space 82316K,  69% used [0x1dce0000, 0x21475a98, 0x21475c00, 0x22d43000)
 compacting perm gen  total 36864K, used 36707K [0x46ae0000, 0x48ee0000, 0x4cae0000)
   the space 36864K,  99% used [0x46ae0000, 0x48eb8e28, 0x48eb9000, 0x48ee0000)
No shared spaces configured.
Event: 2007.201 GC heap after
Heap after GC invocations=153 (full 1):
 def new generation   total 24768K, used 1276K [0x102e0000, 0x11dc0000, 0x1dce0000)
  eden space 22016K,   0% used [0x102e0000, 0x102e0000, 0x11860000)
  from space 2752K,  46% used [0x11b10000, 0x11c4f310, 0x11dc0000)
  to   space 2752K,   0% used [0x11860000, 0x11860000, 0x11b10000)
 tenured generation   total 82316K, used 57229K [0x1dce0000, 0x22d43000, 0x46ae0000)
   the space 82316K,  69% used [0x1dce0000, 0x214c3480, 0x214c3600, 0x22d43000)
 compacting perm gen  total 36864K, used 36707K [0x46ae0000, 0x48ee0000, 0x4cae0000)
   the space 36864K,  99% used [0x46ae0000, 0x48eb8e28, 0x48eb9000, 0x48ee0000)
No shared spaces configured.
}
Event: 2029.490 GC heap before
{Heap before GC invocations=153 (full 1):
 def new generation   total 24768K, used 23292K [0x102e0000, 0x11dc0000, 0x1dce0000)
  eden space 22016K, 100% used [0x102e0000, 0x11860000, 0x11860000)
  from space 2752K,  46% used [0x11b10000, 0x11c4f310, 0x11dc0000)
  to   space 2752K,   0% used [0x11860000, 0x11860000, 0x11b10000)
 tenured generation   total 82316K, used 57229K [0x1dce0000, 0x22d43000, 0x46ae0000)
   the space 82316K,  69% used [0x1dce0000, 0x214c3480, 0x214c3600, 0x22d43000)
 compacting perm gen  total 36864K, used 36710K [0x46ae0000, 0x48ee0000, 0x4cae0000)
   the space 36864K,  99% used [0x46ae0000, 0x48eb9a28, 0x48eb9c00, 0x48ee0000)
No shared spaces configured.
Event: 2029.498 GC heap after
Heap after GC invocations=154 (full 1):
 def new generation   total 24768K, used 1683K [0x102e0000, 0x11dc0000, 0x1dce0000)
  eden space 22016K,   0% used [0x102e0000, 0x102e0000, 0x11860000)
  from space 2752K,  61% used [0x11860000, 0x11a04d00, 0x11b10000)
  to   space 2752K,   0% used [0x11b10000, 0x11b10000, 0x11dc0000)
 tenured generation   total 82316K, used 57229K [0x1dce0000, 0x22d43000, 0x46ae0000)
   the space 82316K,  69% used [0x1dce0000, 0x214c3480, 0x214c3600, 0x22d43000)
 compacting perm gen  total 36864K, used 36710K [0x46ae0000, 0x48ee0000, 0x4cae0000)
   the space 36864K,  99% used [0x46ae0000, 0x48eb9a28, 0x48eb9c00, 0x48ee0000)
No shared spaces configured.
}
Event: 2042.880 GC heap before
{Heap before GC invocations=154 (full 1):
 def new generation   total 24768K, used 23699K [0x102e0000, 0x11dc0000, 0x1dce0000)
  eden space 22016K, 100% used [0x102e0000, 0x11860000, 0x11860000)
  from space 2752K,  61% used [0x11860000, 0x11a04d00, 0x11b10000)
  to   space 2752K,   0% used [0x11b10000, 0x11b10000, 0x11dc0000)
 tenured generation   total 82316K, used 57229K [0x1dce0000, 0x22d43000, 0x46ae0000)
   the space 82316K,  69% used [0x1dce0000, 0x214c3480, 0x214c3600, 0x22d43000)
 compacting perm gen  total 36864K, used 36711K [0x46ae0000, 0x48ee0000, 0x4cae0000)
   the space 36864K,  99% used [0x46ae0000, 0x48eb9fd8, 0x48eba000, 0x48ee0000)
No shared spaces configured.
Event: 2042.884 GC heap after
Heap after GC invocations=155 (full 1):
 def new generation   total 24768K, used 1221K [0x102e0000, 0x11dc0000, 0x1dce0000)
  eden space 22016K,   0% used [0x102e0000, 0x102e0000, 0x11860000)
  from space 2752K,  44% used [0x11b10000, 0x11c417c8, 0x11dc0000)
  to   space 2752K,   0% used [0x11860000, 0x11860000, 0x11b10000)
 tenured generation   total 82316K, used 57714K [0x1dce0000, 0x22d43000, 0x46ae0000)
   the space 82316K,  70% used [0x1dce0000, 0x2153c9e0, 0x2153ca00, 0x22d43000)
 compacting perm gen  total 36864K, used 36711K [0x46ae0000, 0x48ee0000, 0x4cae0000)
   the space 36864K,  99% used [0x46ae0000, 0x48eb9fd8, 0x48eba000, 0x48ee0000)
No shared spaces configured.
}
Event: 2043.100 GC heap before
{Heap before GC invocations=155 (full 1):
 def new generation   total 24768K, used 23237K [0x102e0000, 0x11dc0000, 0x1dce0000)
  eden space 22016K, 100% used [0x102e0000, 0x11860000, 0x11860000)
  from space 2752K,  44% used [0x11b10000, 0x11c417c8, 0x11dc0000)
  to   space 2752K,   0% used [0x11860000, 0x11860000, 0x11b10000)
 tenured generation   total 82316K, used 57714K [0x1dce0000, 0x22d43000, 0x46ae0000)
   the space 82316K,  70% used [0x1dce0000, 0x2153c9e0, 0x2153ca00, 0x22d43000)
 compacting perm gen  total 36864K, used 36851K [0x46ae0000, 0x48ee0000, 0x4cae0000)
   the space 36864K,  99% used [0x46ae0000, 0x48edcea8, 0x48edd000, 0x48ee0000)
No shared spaces configured.
Event: 2043.104 GC heap after
Heap after GC invocations=156 (full 1):
 def new generation   total 24768K, used 1581K [0x102e0000, 0x11dc0000, 0x1dce0000)
  eden space 22016K,   0% used [0x102e0000, 0x102e0000, 0x11860000)
  from space 2752K,  57% used [0x11860000, 0x119eb708, 0x11b10000)
  to   space 2752K,   0% used [0x11b10000, 0x11b10000, 0x11dc0000)
 tenured generation   total 82316K, used 57714K [0x1dce0000, 0x22d43000, 0x46ae0000)
   the space 82316K,  70% used [0x1dce0000, 0x2153c9e0, 0x2153ca00, 0x22d43000)
 compacting perm gen  total 36864K, used 36851K [0x46ae0000, 0x48ee0000, 0x4cae0000)
   the space 36864K,  99% used [0x46ae0000, 0x48edcea8, 0x48edd000, 0x48ee0000)
No shared spaces configured.
}
Event: 2043.616 GC heap before
{Heap before GC invocations=156 (full 1):
 def new generation   total 24768K, used 23597K [0x102e0000, 0x11dc0000, 0x1dce0000)
  eden space 22016K, 100% used [0x102e0000, 0x11860000, 0x11860000)
  from space 2752K,  57% used [0x11860000, 0x119eb708, 0x11b10000)
  to   space 2752K,   0% used [0x11b10000, 0x11b10000, 0x11dc0000)
 tenured generation   total 82316K, used 57714K [0x1dce0000, 0x22d43000, 0x46ae0000)
   the space 82316K,  70% used [0x1dce0000, 0x2153c9e0, 0x2153ca00, 0x22d43000)
 compacting perm gen  total 37376K, used 37325K [0x46ae0000, 0x48f60000, 0x4cae0000)
   the space 37376K,  99% used [0x46ae0000, 0x48f537b0, 0x48f53800, 0x48f60000)
No shared spaces configured.
Event: 2043.624 GC heap after
Heap after GC invocations=157 (full 1):
 def new generation   total 24768K, used 2752K [0x102e0000, 0x11dc0000, 0x1dce0000)
  eden space 22016K,   0% used [0x102e0000, 0x102e0000, 0x11860000)
  from space 2752K, 100% used [0x11b10000, 0x11dc0000, 0x11dc0000)
  to   space 2752K,   0% used [0x11860000, 0x11860000, 0x11b10000)
 tenured generation   total 82316K, used 58951K [0x1dce0000, 0x22d43000, 0x46ae0000)
   the space 82316K,  71% used [0x1dce0000, 0x21671f28, 0x21672000, 0x22d43000)
 compacting perm gen  total 37376K, used 37325K [0x46ae0000, 0x48f60000, 0x4cae0000)
   the space 37376K,  99% used [0x46ae0000, 0x48f537b0, 0x48f53800, 0x48f60000)
No shared spaces configured.
}

