# JRE version: 7.0_11-b21
# Java VM: Java HotSpot(TM) Client VM (23.6-b04 mixed mode windows-x86 )
Heap
 def new generation   total 24704K, used 13937K [0x102e0000, 0x11da0000, 0x1dce0000)
  eden space 22016K,  56% used [0x102e0000, 0x10eefba0, 0x11860000)
  from space 2688K,  59% used [0x11b00000, 0x11c8c8e8, 0x11da0000)
  to   space 2688K,   0% used [0x11860000, 0x11860000, 0x11b00000)
 tenured generation   total 81996K, used 51396K [0x1dce0000, 0x22cf3000, 0x46ae0000)
   the space 81996K,  62% used [0x1dce0000, 0x20f11208, 0x20f11400, 0x22cf3000)
 compacting perm gen  total 38656K, used 38615K [0x46ae0000, 0x490a0000, 0x4cae0000)
   the space 38656K,  99% used [0x46ae0000, 0x49095e08, 0x49096000, 0x490a0000)
GC Heap History (10 events):
Event: 1272.567 GC heap before
{Heap before GC invocations=156 (full 2):
 def new generation   total 24704K, used 22952K [0x102e0000, 0x11da0000, 0x1dce0000)
  eden space 22016K, 100% used [0x102e0000, 0x11860000, 0x11860000)
  from space 2688K,  34% used [0x11860000, 0x1194a1d8, 0x11b00000)
  to   space 2688K,   0% used [0x11b00000, 0x11b00000, 0x11da0000)
 tenured generation   total 81996K, used 51094K [0x1dce0000, 0x22cf3000, 0x46ae0000)
   the space 81996K,  62% used [0x1dce0000, 0x20ec5818, 0x20ec5a00, 0x22cf3000)
 compacting perm gen  total 38656K, used 38590K [0x46ae0000, 0x490a0000, 0x4cae0000)
   the space 38656K,  99% used [0x46ae0000, 0x4908f9c8, 0x4908fa00, 0x490a0000)
No shared spaces configured.
Event: 1272.570 GC heap after
Heap after GC invocations=157 (full 2):
 def new generation   total 24704K, used 722K [0x102e0000, 0x11da0000, 0x1dce0000)
  eden space 22016K,   0% used [0x102e0000, 0x102e0000, 0x11860000)
  from space 2688K,  26% used [0x11b00000, 0x11bb4ae8, 0x11da0000)
  to   space 2688K,   0% used [0x11860000, 0x11860000, 0x11b00000)
 tenured generation   total 81996K, used 51094K [0x1dce0000, 0x22cf3000, 0x46ae0000)
   the space 81996K,  62% used [0x1dce0000, 0x20ec5818, 0x20ec5a00, 0x22cf3000)
 compacting perm gen  total 38656K, used 38590K [0x46ae0000, 0x490a0000, 0x4cae0000)
   the space 38656K,  99% used [0x46ae0000, 0x4908f9c8, 0x4908fa00, 0x490a0000)
No shared spaces configured.
}
Event: 1424.486 GC heap before
{Heap before GC invocations=157 (full 2):
 def new generation   total 24704K, used 22738K [0x102e0000, 0x11da0000, 0x1dce0000)
  eden space 22016K, 100% used [0x102e0000, 0x11860000, 0x11860000)
  from space 2688K,  26% used [0x11b00000, 0x11bb4ae8, 0x11da0000)
  to   space 2688K,   0% used [0x11860000, 0x11860000, 0x11b00000)
 tenured generation   total 81996K, used 51094K [0x1dce0000, 0x22cf3000, 0x46ae0000)
   the space 81996K,  62% used [0x1dce0000, 0x20ec5818, 0x20ec5a00, 0x22cf3000)
 compacting perm gen  total 38656K, used 38590K [0x46ae0000, 0x490a0000, 0x4cae0000)
   the space 38656K,  99% used [0x46ae0000, 0x4908f9c8, 0x4908fa00, 0x490a0000)
No shared spaces configured.
Event: 1424.489 GC heap after
Heap after GC invocations=158 (full 2):
 def new generation   total 24704K, used 903K [0x102e0000, 0x11da0000, 0x1dce0000)
  eden space 22016K,   0% used [0x102e0000, 0x102e0000, 0x11860000)
  from space 2688K,  33% used [0x11860000, 0x11941fa0, 0x11b00000)
  to   space 2688K,   0% used [0x11b00000, 0x11b00000, 0x11da0000)
 tenured generation   total 81996K, used 51094K [0x1dce0000, 0x22cf3000, 0x46ae0000)
   the space 81996K,  62% used [0x1dce0000, 0x20ec5818, 0x20ec5a00, 0x22cf3000)
 compacting perm gen  total 38656K, used 38590K [0x46ae0000, 0x490a0000, 0x4cae0000)
   the space 38656K,  99% used [0x46ae0000, 0x4908f9c8, 0x4908fa00, 0x490a0000)
No shared spaces configured.
}
Event: 1469.961 GC heap before
{Heap before GC invocations=158 (full 2):
 def new generation   total 24704K, used 22919K [0x102e0000, 0x11da0000, 0x1dce0000)
  eden space 22016K, 100% used [0x102e0000, 0x11860000, 0x11860000)
  from space 2688K,  33% used [0x11860000, 0x11941fa0, 0x11b00000)
  to   space 2688K,   0% used [0x11b00000, 0x11b00000, 0x11da0000)
 tenured generation   total 81996K, used 51094K [0x1dce0000, 0x22cf3000, 0x46ae0000)
   the space 81996K,  62% used [0x1dce0000, 0x20ec5818, 0x20ec5a00, 0x22cf3000)
 compacting perm gen  total 38656K, used 38590K [0x46ae0000, 0x490a0000, 0x4cae0000)
   the space 38656K,  99% used [0x46ae0000, 0x4908fa18, 0x4908fc00, 0x490a0000)
No shared spaces configured.
Event: 1469.966 GC heap after
Heap after GC invocations=159 (full 2):
 def new generation   total 24704K, used 833K [0x102e0000, 0x11da0000, 0x1dce0000)
  eden space 22016K,   0% used [0x102e0000, 0x102e0000, 0x11860000)
  from space 2688K,  31% used [0x11b00000, 0x11bd0658, 0x11da0000)
  to   space 2688K,   0% used [0x11860000, 0x11860000, 0x11b00000)
 tenured generation   total 81996K, used 51094K [0x1dce0000, 0x22cf3000, 0x46ae0000)
   the space 81996K,  62% used [0x1dce0000, 0x20ec5818, 0x20ec5a00, 0x22cf3000)
 compacting perm gen  total 38656K, used 38590K [0x46ae0000, 0x490a0000, 0x4cae0000)
   the space 38656K,  99% used [0x46ae0000, 0x4908fa18, 0x4908fc00, 0x490a0000)
No shared spaces configured.
}
Event: 1475.664 GC heap before
{Heap before GC invocations=159 (full 2):
 def new generation   total 24704K, used 22849K [0x102e0000, 0x11da0000, 0x1dce0000)
  eden space 22016K, 100% used [0x102e0000, 0x11860000, 0x11860000)
  from space 2688K,  31% used [0x11b00000, 0x11bd0658, 0x11da0000)
  to   space 2688K,   0% used [0x11860000, 0x11860000, 0x11b00000)
 tenured generation   total 81996K, used 51094K [0x1dce0000, 0x22cf3000, 0x46ae0000)
   the space 81996K,  62% used [0x1dce0000, 0x20ec5818, 0x20ec5a00, 0x22cf3000)
 compacting perm gen  total 38656K, used 38599K [0x46ae0000, 0x490a0000, 0x4cae0000)
   the space 38656K,  99% used [0x46ae0000, 0x49091e28, 0x49092000, 0x490a0000)
No shared spaces configured.
Event: 1475.667 GC heap after
Heap after GC invocations=160 (full 2):
 def new generation   total 24704K, used 1490K [0x102e0000, 0x11da0000, 0x1dce0000)
  eden space 22016K,   0% used [0x102e0000, 0x102e0000, 0x11860000)
  from space 2688K,  55% used [0x11860000, 0x119d4ae8, 0x11b00000)
  to   space 2688K,   0% used [0x11b00000, 0x11b00000, 0x11da0000)
 tenured generation   total 81996K, used 51094K [0x1dce0000, 0x22cf3000, 0x46ae0000)
   the space 81996K,  62% used [0x1dce0000, 0x20ec5818, 0x20ec5a00, 0x22cf3000)
 compacting perm gen  total 38656K, used 38599K [0x46ae0000, 0x490a0000, 0x4cae0000)
   the space 38656K,  99% used [0x46ae0000, 0x49091e28, 0x49092000, 0x490a0000)
No shared spaces configured.
}
Event: 1477.293 GC heap before
{Heap before GC invocations=160 (full 2):
 def new generation   total 24704K, used 23506K [0x102e0000, 0x11da0000, 0x1dce0000)
  eden space 22016K, 100% used [0x102e0000, 0x11860000, 0x11860000)
  from space 2688K,  55% used [0x11860000, 0x119d4ae8, 0x11b00000)
  to   space 2688K,   0% used [0x11b00000, 0x11b00000, 0x11da0000)
 tenured generation   total 81996K, used 51094K [0x1dce0000, 0x22cf3000, 0x46ae0000)
   the space 81996K,  62% used [0x1dce0000, 0x20ec5818, 0x20ec5a00, 0x22cf3000)
 compacting perm gen  total 38656K, used 38599K [0x46ae0000, 0x490a0000, 0x4cae0000)
   the space 38656K,  99% used [0x46ae0000, 0x49091e88, 0x49092000, 0x490a0000)
No shared spaces configured.
Event: 1477.300 GC heap after
Heap after GC invocations=161 (full 2):
 def new generation   total 24704K, used 1586K [0x102e0000, 0x11da0000, 0x1dce0000)
  eden space 22016K,   0% used [0x102e0000, 0x102e0000, 0x11860000)
  from space 2688K,  59% used [0x11b00000, 0x11c8c8e8, 0x11da0000)
  to   space 2688K,   0% used [0x11860000, 0x11860000, 0x11b00000)
 tenured generation   total 81996K, used 51396K [0x1dce0000, 0x22cf3000, 0x46ae0000)
   the space 81996K,  62% used [0x1dce0000, 0x20f11208, 0x20f11400, 0x22cf3000)
 compacting perm gen  total 38656K, used 38599K [0x46ae0000, 0x490a0000, 0x4cae0000)
   the space 38656K,  99% used [0x46ae0000, 0x49091e88, 0x49092000, 0x490a0000)
No shared spaces configured.
}

