# JRE version: 7.0_11-b21
# Java VM: Java HotSpot(TM) Client VM (23.6-b04 mixed mode windows-x86 )
Heap
 def new generation   total 32256K, used 23044K [0x102e0000, 0x125e0000, 0x1dce0000)
  eden space 28672K,  75% used [0x102e0000, 0x117ebd38, 0x11ee0000)
  from space 3584K,  41% used [0x12260000, 0x123d5678, 0x125e0000)
  to   space 3584K,   0% used [0x11ee0000, 0x11ee0000, 0x12260000)
 tenured generation   total 107368K, used 76861K [0x1dce0000, 0x245ba000, 0x46ae0000)
   the space 107368K,  71% used [0x1dce0000, 0x227ef528, 0x227ef600, 0x245ba000)
 compacting perm gen  total 41728K, used 41517K [0x46ae0000, 0x493a0000, 0x4cae0000)
   the space 41728K,  99% used [0x46ae0000, 0x4936b618, 0x4936b800, 0x493a0000)
GC Heap History (10 events):
Event: 21589.601 GC heap before
{Heap before GC invocations=532 (full 3):
 def new generation   total 32256K, used 30325K [0x102e0000, 0x125e0000, 0x1dce0000)
  eden space 28672K, 100% used [0x102e0000, 0x11ee0000, 0x11ee0000)
  from space 3584K,  46% used [0x11ee0000, 0x1207d440, 0x12260000)
  to   space 3584K,   0% used [0x12260000, 0x12260000, 0x125e0000)
 tenured generation   total 107368K, used 76589K [0x1dce0000, 0x245ba000, 0x46ae0000)
   the space 107368K,  71% used [0x1dce0000, 0x227ab670, 0x227ab800, 0x245ba000)
 compacting perm gen  total 41728K, used 41512K [0x46ae0000, 0x493a0000, 0x4cae0000)
   the space 41728K,  99% used [0x46ae0000, 0x4936a1a0, 0x4936a200, 0x493a0000)
No shared spaces configured.
Event: 21589.610 GC heap after
Heap after GC invocations=533 (full 3):
 def new generation   total 32256K, used 1826K [0x102e0000, 0x125e0000, 0x1dce0000)
  eden space 28672K,   0% used [0x102e0000, 0x102e0000, 0x11ee0000)
  from space 3584K,  50% used [0x12260000, 0x12428b78, 0x125e0000)
  to   space 3584K,   0% used [0x11ee0000, 0x11ee0000, 0x12260000)
 tenured generation   total 107368K, used 76589K [0x1dce0000, 0x245ba000, 0x46ae0000)
   the space 107368K,  71% used [0x1dce0000, 0x227ab670, 0x227ab800, 0x245ba000)
 compacting perm gen  total 41728K, used 41512K [0x46ae0000, 0x493a0000, 0x4cae0000)
   the space 41728K,  99% used [0x46ae0000, 0x4936a1a0, 0x4936a200, 0x493a0000)
No shared spaces configured.
}
Event: 21691.739 GC heap before
{Heap before GC invocations=533 (full 3):
 def new generation   total 32256K, used 30498K [0x102e0000, 0x125e0000, 0x1dce0000)
  eden space 28672K, 100% used [0x102e0000, 0x11ee0000, 0x11ee0000)
  from space 3584K,  50% used [0x12260000, 0x12428b78, 0x125e0000)
  to   space 3584K,   0% used [0x11ee0000, 0x11ee0000, 0x12260000)
 tenured generation   total 107368K, used 76589K [0x1dce0000, 0x245ba000, 0x46ae0000)
   the space 107368K,  71% used [0x1dce0000, 0x227ab670, 0x227ab800, 0x245ba000)
 compacting perm gen  total 41728K, used 41515K [0x46ae0000, 0x493a0000, 0x4cae0000)
   the space 41728K,  99% used [0x46ae0000, 0x4936afa8, 0x4936b000, 0x493a0000)
No shared spaces configured.
Event: 21691.745 GC heap after
Heap after GC invocations=534 (full 3):
 def new generation   total 32256K, used 1595K [0x102e0000, 0x125e0000, 0x1dce0000)
  eden space 28672K,   0% used [0x102e0000, 0x102e0000, 0x11ee0000)
  from space 3584K,  44% used [0x11ee0000, 0x1206ef18, 0x12260000)
  to   space 3584K,   0% used [0x12260000, 0x12260000, 0x125e0000)
 tenured generation   total 107368K, used 76861K [0x1dce0000, 0x245ba000, 0x46ae0000)
   the space 107368K,  71% used [0x1dce0000, 0x227ef528, 0x227ef600, 0x245ba000)
 compacting perm gen  total 41728K, used 41515K [0x46ae0000, 0x493a0000, 0x4cae0000)
   the space 41728K,  99% used [0x46ae0000, 0x4936afa8, 0x4936b000, 0x493a0000)
No shared spaces configured.
}
Event: 21692.093 GC heap before
{Heap before GC invocations=534 (full 3):
 def new generation   total 32256K, used 30267K [0x102e0000, 0x125e0000, 0x1dce0000)
  eden space 28672K, 100% used [0x102e0000, 0x11ee0000, 0x11ee0000)
  from space 3584K,  44% used [0x11ee0000, 0x1206ef18, 0x12260000)
  to   space 3584K,   0% used [0x12260000, 0x12260000, 0x125e0000)
 tenured generation   total 107368K, used 76861K [0x1dce0000, 0x245ba000, 0x46ae0000)
   the space 107368K,  71% used [0x1dce0000, 0x227ef528, 0x227ef600, 0x245ba000)
 compacting perm gen  total 41728K, used 41515K [0x46ae0000, 0x493a0000, 0x4cae0000)
   the space 41728K,  99% used [0x46ae0000, 0x4936afa8, 0x4936b000, 0x493a0000)
No shared spaces configured.
Event: 21692.098 GC heap after
Heap after GC invocations=535 (full 3):
 def new generation   total 32256K, used 1473K [0x102e0000, 0x125e0000, 0x1dce0000)
  eden space 28672K,   0% used [0x102e0000, 0x102e0000, 0x11ee0000)
  from space 3584K,  41% used [0x12260000, 0x123d05f8, 0x125e0000)
  to   space 3584K,   0% used [0x11ee0000, 0x11ee0000, 0x12260000)
 tenured generation   total 107368K, used 76861K [0x1dce0000, 0x245ba000, 0x46ae0000)
   the space 107368K,  71% used [0x1dce0000, 0x227ef528, 0x227ef600, 0x245ba000)
 compacting perm gen  total 41728K, used 41515K [0x46ae0000, 0x493a0000, 0x4cae0000)
   the space 41728K,  99% used [0x46ae0000, 0x4936afa8, 0x4936b000, 0x493a0000)
No shared spaces configured.
}
Event: 21692.419 GC heap before
{Heap before GC invocations=535 (full 3):
 def new generation   total 32256K, used 30145K [0x102e0000, 0x125e0000, 0x1dce0000)
  eden space 28672K, 100% used [0x102e0000, 0x11ee0000, 0x11ee0000)
  from space 3584K,  41% used [0x12260000, 0x123d05f8, 0x125e0000)
  to   space 3584K,   0% used [0x11ee0000, 0x11ee0000, 0x12260000)
 tenured generation   total 107368K, used 76861K [0x1dce0000, 0x245ba000, 0x46ae0000)
   the space 107368K,  71% used [0x1dce0000, 0x227ef528, 0x227ef600, 0x245ba000)
 compacting perm gen  total 41728K, used 41515K [0x46ae0000, 0x493a0000, 0x4cae0000)
   the space 41728K,  99% used [0x46ae0000, 0x4936afa8, 0x4936b000, 0x493a0000)
No shared spaces configured.
Event: 21692.424 GC heap after
Heap after GC invocations=536 (full 3):
 def new generation   total 32256K, used 1412K [0x102e0000, 0x125e0000, 0x1dce0000)
  eden space 28672K,   0% used [0x102e0000, 0x102e0000, 0x11ee0000)
  from space 3584K,  39% used [0x11ee0000, 0x120411f0, 0x12260000)
  to   space 3584K,   0% used [0x12260000, 0x12260000, 0x125e0000)
 tenured generation   total 107368K, used 76861K [0x1dce0000, 0x245ba000, 0x46ae0000)
   the space 107368K,  71% used [0x1dce0000, 0x227ef528, 0x227ef600, 0x245ba000)
 compacting perm gen  total 41728K, used 41515K [0x46ae0000, 0x493a0000, 0x4cae0000)
   the space 41728K,  99% used [0x46ae0000, 0x4936afa8, 0x4936b000, 0x493a0000)
No shared spaces configured.
}
Event: 21701.501 GC heap before
{Heap before GC invocations=536 (full 3):
 def new generation   total 32256K, used 30084K [0x102e0000, 0x125e0000, 0x1dce0000)
  eden space 28672K, 100% used [0x102e0000, 0x11ee0000, 0x11ee0000)
  from space 3584K,  39% used [0x11ee0000, 0x120411f0, 0x12260000)
  to   space 3584K,   0% used [0x12260000, 0x12260000, 0x125e0000)
 tenured generation   total 107368K, used 76861K [0x1dce0000, 0x245ba000, 0x46ae0000)
   the space 107368K,  71% used [0x1dce0000, 0x227ef528, 0x227ef600, 0x245ba000)
 compacting perm gen  total 41728K, used 41517K [0x46ae0000, 0x493a0000, 0x4cae0000)
   the space 41728K,  99% used [0x46ae0000, 0x4936b5f8, 0x4936b600, 0x493a0000)
No shared spaces configured.
Event: 21701.509 GC heap after
Heap after GC invocations=537 (full 3):
 def new generation   total 32256K, used 1493K [0x102e0000, 0x125e0000, 0x1dce0000)
  eden space 28672K,   0% used [0x102e0000, 0x102e0000, 0x11ee0000)
  from space 3584K,  41% used [0x12260000, 0x123d5678, 0x125e0000)
  to   space 3584K,   0% used [0x11ee0000, 0x11ee0000, 0x12260000)
 tenured generation   total 107368K, used 76861K [0x1dce0000, 0x245ba000, 0x46ae0000)
   the space 107368K,  71% used [0x1dce0000, 0x227ef528, 0x227ef600, 0x245ba000)
 compacting perm gen  total 41728K, used 41517K [0x46ae0000, 0x493a0000, 0x4cae0000)
   the space 41728K,  99% used [0x46ae0000, 0x4936b5f8, 0x4936b600, 0x493a0000)
No shared spaces configured.
}

