# JRE version: 7.0_11-b21
# Java VM: Java HotSpot(TM) Client VM (23.6-b04 mixed mode windows-x86 )
Heap
 def new generation   total 22912K, used 12224K [0x102e0000, 0x11bb0000, 0x1dce0000)
  eden space 20416K,  47% used [0x102e0000, 0x10c603e0, 0x116d0000)
  from space 2496K, 100% used [0x11940000, 0x11bb0000, 0x11bb0000)
  to   space 2496K,   0% used [0x116d0000, 0x116d0000, 0x11940000)
 tenured generation   total 75996K, used 49191K [0x1dce0000, 0x22717000, 0x46ae0000)
   the space 75996K,  64% used [0x1dce0000, 0x20ce9ed8, 0x20cea000, 0x22717000)
 compacting perm gen  total 38656K, used 38418K [0x46ae0000, 0x490a0000, 0x4cae0000)
   the space 38656K,  99% used [0x46ae0000, 0x49064b10, 0x49064c00, 0x490a0000)
GC Heap History (10 events):
Event: 916.222 GC heap before
{Heap before GC invocations=173 (full 2):
 def new generation   total 22912K, used 21308K [0x102e0000, 0x11bb0000, 0x1dce0000)
  eden space 20416K, 100% used [0x102e0000, 0x116d0000, 0x116d0000)
  from space 2496K,  35% used [0x116d0000, 0x117af030, 0x11940000)
  to   space 2496K,   0% used [0x11940000, 0x11940000, 0x11bb0000)
 tenured generation   total 75996K, used 47390K [0x1dce0000, 0x22717000, 0x46ae0000)
   the space 75996K,  62% used [0x1dce0000, 0x20b27838, 0x20b27a00, 0x22717000)
 compacting perm gen  total 37376K, used 37275K [0x46ae0000, 0x48f60000, 0x4cae0000)
   the space 37376K,  99% used [0x46ae0000, 0x48f46c90, 0x48f46e00, 0x48f60000)
No shared spaces configured.
Event: 916.225 GC heap after
Heap after GC invocations=174 (full 2):
 def new generation   total 22912K, used 1005K [0x102e0000, 0x11bb0000, 0x1dce0000)
  eden space 20416K,   0% used [0x102e0000, 0x102e0000, 0x116d0000)
  from space 2496K,  40% used [0x11940000, 0x11a3b650, 0x11bb0000)
  to   space 2496K,   0% used [0x116d0000, 0x116d0000, 0x11940000)
 tenured generation   total 75996K, used 47390K [0x1dce0000, 0x22717000, 0x46ae0000)
   the space 75996K,  62% used [0x1dce0000, 0x20b27838, 0x20b27a00, 0x22717000)
 compacting perm gen  total 37376K, used 37275K [0x46ae0000, 0x48f60000, 0x4cae0000)
   the space 37376K,  99% used [0x46ae0000, 0x48f46c90, 0x48f46e00, 0x48f60000)
No shared spaces configured.
}
Event: 947.821 GC heap before
{Heap before GC invocations=174 (full 2):
 def new generation   total 22912K, used 21421K [0x102e0000, 0x11bb0000, 0x1dce0000)
  eden space 20416K, 100% used [0x102e0000, 0x116d0000, 0x116d0000)
  from space 2496K,  40% used [0x11940000, 0x11a3b650, 0x11bb0000)
  to   space 2496K,   0% used [0x116d0000, 0x116d0000, 0x11940000)
 tenured generation   total 75996K, used 47390K [0x1dce0000, 0x22717000, 0x46ae0000)
   the space 75996K,  62% used [0x1dce0000, 0x20b27838, 0x20b27a00, 0x22717000)
 compacting perm gen  total 37376K, used 37286K [0x46ae0000, 0x48f60000, 0x4cae0000)
   the space 37376K,  99% used [0x46ae0000, 0x48f49a98, 0x48f49c00, 0x48f60000)
No shared spaces configured.
Event: 947.826 GC heap after
Heap after GC invocations=175 (full 2):
 def new generation   total 22912K, used 1147K [0x102e0000, 0x11bb0000, 0x1dce0000)
  eden space 20416K,   0% used [0x102e0000, 0x102e0000, 0x116d0000)
  from space 2496K,  45% used [0x116d0000, 0x117eed78, 0x11940000)
  to   space 2496K,   0% used [0x11940000, 0x11940000, 0x11bb0000)
 tenured generation   total 75996K, used 47390K [0x1dce0000, 0x22717000, 0x46ae0000)
   the space 75996K,  62% used [0x1dce0000, 0x20b27838, 0x20b27a00, 0x22717000)
 compacting perm gen  total 37376K, used 37286K [0x46ae0000, 0x48f60000, 0x4cae0000)
   the space 37376K,  99% used [0x46ae0000, 0x48f49a98, 0x48f49c00, 0x48f60000)
No shared spaces configured.
}
Event: 972.323 GC heap before
{Heap before GC invocations=175 (full 2):
 def new generation   total 22912K, used 21563K [0x102e0000, 0x11bb0000, 0x1dce0000)
  eden space 20416K, 100% used [0x102e0000, 0x116d0000, 0x116d0000)
  from space 2496K,  45% used [0x116d0000, 0x117eed78, 0x11940000)
  to   space 2496K,   0% used [0x11940000, 0x11940000, 0x11bb0000)
 tenured generation   total 75996K, used 47390K [0x1dce0000, 0x22717000, 0x46ae0000)
   the space 75996K,  62% used [0x1dce0000, 0x20b27838, 0x20b27a00, 0x22717000)
 compacting perm gen  total 37376K, used 37294K [0x46ae0000, 0x48f60000, 0x4cae0000)
   the space 37376K,  99% used [0x46ae0000, 0x48f4b9f8, 0x48f4ba00, 0x48f60000)
No shared spaces configured.
Event: 972.328 GC heap after
Heap after GC invocations=176 (full 2):
 def new generation   total 22912K, used 1307K [0x102e0000, 0x11bb0000, 0x1dce0000)
  eden space 20416K,   0% used [0x102e0000, 0x102e0000, 0x116d0000)
  from space 2496K,  52% used [0x11940000, 0x11a86ee0, 0x11bb0000)
  to   space 2496K,   0% used [0x116d0000, 0x116d0000, 0x11940000)
 tenured generation   total 75996K, used 47390K [0x1dce0000, 0x22717000, 0x46ae0000)
   the space 75996K,  62% used [0x1dce0000, 0x20b27838, 0x20b27a00, 0x22717000)
 compacting perm gen  total 37376K, used 37294K [0x46ae0000, 0x48f60000, 0x4cae0000)
   the space 37376K,  99% used [0x46ae0000, 0x48f4b9f8, 0x48f4ba00, 0x48f60000)
No shared spaces configured.
}
Event: 998.881 GC heap before
{Heap before GC invocations=176 (full 2):
 def new generation   total 22912K, used 21723K [0x102e0000, 0x11bb0000, 0x1dce0000)
  eden space 20416K, 100% used [0x102e0000, 0x116d0000, 0x116d0000)
  from space 2496K,  52% used [0x11940000, 0x11a86ee0, 0x11bb0000)
  to   space 2496K,   0% used [0x116d0000, 0x116d0000, 0x11940000)
 tenured generation   total 75996K, used 47390K [0x1dce0000, 0x22717000, 0x46ae0000)
   the space 75996K,  62% used [0x1dce0000, 0x20b27838, 0x20b27a00, 0x22717000)
 compacting perm gen  total 37632K, used 37529K [0x46ae0000, 0x48fa0000, 0x4cae0000)
   the space 37632K,  99% used [0x46ae0000, 0x48f86690, 0x48f86800, 0x48fa0000)
No shared spaces configured.
Event: 998.887 GC heap after
Heap after GC invocations=177 (full 2):
 def new generation   total 22912K, used 1415K [0x102e0000, 0x11bb0000, 0x1dce0000)
  eden space 20416K,   0% used [0x102e0000, 0x102e0000, 0x116d0000)
  from space 2496K,  56% used [0x116d0000, 0x11831ce0, 0x11940000)
  to   space 2496K,   0% used [0x11940000, 0x11940000, 0x11bb0000)
 tenured generation   total 75996K, used 47690K [0x1dce0000, 0x22717000, 0x46ae0000)
   the space 75996K,  62% used [0x1dce0000, 0x20b72bd8, 0x20b72c00, 0x22717000)
 compacting perm gen  total 37632K, used 37529K [0x46ae0000, 0x48fa0000, 0x4cae0000)
   the space 37632K,  99% used [0x46ae0000, 0x48f86690, 0x48f86800, 0x48fa0000)
No shared spaces configured.
}
Event: 999.253 GC heap before
{Heap before GC invocations=177 (full 2):
 def new generation   total 22912K, used 21831K [0x102e0000, 0x11bb0000, 0x1dce0000)
  eden space 20416K, 100% used [0x102e0000, 0x116d0000, 0x116d0000)
  from space 2496K,  56% used [0x116d0000, 0x11831ce0, 0x11940000)
  to   space 2496K,   0% used [0x11940000, 0x11940000, 0x11bb0000)
 tenured generation   total 75996K, used 47690K [0x1dce0000, 0x22717000, 0x46ae0000)
   the space 75996K,  62% used [0x1dce0000, 0x20b72bd8, 0x20b72c00, 0x22717000)
 compacting perm gen  total 38144K, used 37916K [0x46ae0000, 0x49020000, 0x4cae0000)
   the space 38144K,  99% used [0x46ae0000, 0x48fe72c8, 0x48fe7400, 0x49020000)
No shared spaces configured.
Event: 999.264 GC heap after
Heap after GC invocations=178 (full 2):
 def new generation   total 22912K, used 2496K [0x102e0000, 0x11bb0000, 0x1dce0000)
  eden space 20416K,   0% used [0x102e0000, 0x102e0000, 0x116d0000)
  from space 2496K, 100% used [0x11940000, 0x11bb0000, 0x11bb0000)
  to   space 2496K,   0% used [0x116d0000, 0x116d0000, 0x11940000)
 tenured generation   total 75996K, used 49191K [0x1dce0000, 0x22717000, 0x46ae0000)
   the space 75996K,  64% used [0x1dce0000, 0x20ce9ed8, 0x20cea000, 0x22717000)
 compacting perm gen  total 38144K, used 37916K [0x46ae0000, 0x49020000, 0x4cae0000)
   the space 38144K,  99% used [0x46ae0000, 0x48fe72c8, 0x48fe7400, 0x49020000)
No shared spaces configured.
}

