# JRE version: 7.0_11-b21
# Java VM: Java HotSpot(TM) Client VM (23.6-b04 mixed mode windows-x86 )
Heap
 def new generation   total 20288K, used 1906K [0x102e0000, 0x118e0000, 0x1dce0000)
  eden space 18048K,   3% used [0x102e0000, 0x1036e228, 0x11480000)
  from space 2240K,  59% used [0x11480000, 0x115ce828, 0x116b0000)
  to   space 2240K,   0% used [0x116b0000, 0x116b0000, 0x118e0000)
 tenured generation   total 67440K, used 44823K [0x1dce0000, 0x21ebc000, 0x46ae0000)
   the space 67440K,  66% used [0x1dce0000, 0x208a5ce8, 0x208a5e00, 0x21ebc000)
 compacting perm gen  total 37120K, used 37053K [0x46ae0000, 0x48f20000, 0x4cae0000)
   the space 37120K,  99% used [0x46ae0000, 0x48f0f5c0, 0x48f0f600, 0x48f20000)
GC Heap History (10 events):
Event: 468.985 GC heap before
{Heap before GC invocations=182 (full 2):
 def new generation   total 20288K, used 18357K [0x102e0000, 0x118e0000, 0x1dce0000)
  eden space 18048K, 100% used [0x102e0000, 0x11480000, 0x11480000)
  from space 2240K,  13% used [0x116b0000, 0x116fd538, 0x118e0000)
  to   space 2240K,   0% used [0x11480000, 0x11480000, 0x116b0000)
 tenured generation   total 67440K, used 40463K [0x1dce0000, 0x21ebc000, 0x46ae0000)
   the space 67440K,  59% used [0x1dce0000, 0x20463eb0, 0x20464000, 0x21ebc000)
 compacting perm gen  total 36096K, used 35916K [0x46ae0000, 0x48e20000, 0x4cae0000)
   the space 36096K,  99% used [0x46ae0000, 0x48df3150, 0x48df3200, 0x48e20000)
No shared spaces configured.
Event: 468.991 GC heap after
Heap after GC invocations=183 (full 2):
 def new generation   total 20288K, used 1432K [0x102e0000, 0x118e0000, 0x1dce0000)
  eden space 18048K,   0% used [0x102e0000, 0x102e0000, 0x11480000)
  from space 2240K,  63% used [0x11480000, 0x115e6030, 0x116b0000)
  to   space 2240K,   0% used [0x116b0000, 0x116b0000, 0x118e0000)
 tenured generation   total 67440K, used 40463K [0x1dce0000, 0x21ebc000, 0x46ae0000)
   the space 67440K,  59% used [0x1dce0000, 0x20463eb0, 0x20464000, 0x21ebc000)
 compacting perm gen  total 36096K, used 35916K [0x46ae0000, 0x48e20000, 0x4cae0000)
   the space 36096K,  99% used [0x46ae0000, 0x48df3150, 0x48df3200, 0x48e20000)
No shared spaces configured.
}
Event: 488.745 GC heap before
{Heap before GC invocations=183 (full 2):
 def new generation   total 20288K, used 19480K [0x102e0000, 0x118e0000, 0x1dce0000)
  eden space 18048K, 100% used [0x102e0000, 0x11480000, 0x11480000)
  from space 2240K,  63% used [0x11480000, 0x115e6030, 0x116b0000)
  to   space 2240K,   0% used [0x116b0000, 0x116b0000, 0x118e0000)
 tenured generation   total 67440K, used 40463K [0x1dce0000, 0x21ebc000, 0x46ae0000)
   the space 67440K,  59% used [0x1dce0000, 0x20463eb0, 0x20464000, 0x21ebc000)
 compacting perm gen  total 36096K, used 35923K [0x46ae0000, 0x48e20000, 0x4cae0000)
   the space 36096K,  99% used [0x46ae0000, 0x48df4cc0, 0x48df4e00, 0x48e20000)
No shared spaces configured.
Event: 488.748 GC heap after
Heap after GC invocations=184 (full 2):
 def new generation   total 20288K, used 415K [0x102e0000, 0x118e0000, 0x1dce0000)
  eden space 18048K,   0% used [0x102e0000, 0x102e0000, 0x11480000)
  from space 2240K,  18% used [0x116b0000, 0x11717f18, 0x118e0000)
  to   space 2240K,   0% used [0x11480000, 0x11480000, 0x116b0000)
 tenured generation   total 67440K, used 41597K [0x1dce0000, 0x21ebc000, 0x46ae0000)
   the space 67440K,  61% used [0x1dce0000, 0x2057f7f8, 0x2057f800, 0x21ebc000)
 compacting perm gen  total 36096K, used 35923K [0x46ae0000, 0x48e20000, 0x4cae0000)
   the space 36096K,  99% used [0x46ae0000, 0x48df4cc0, 0x48df4e00, 0x48e20000)
No shared spaces configured.
}
Event: 500.168 GC heap before
{Heap before GC invocations=184 (full 2):
 def new generation   total 20288K, used 18463K [0x102e0000, 0x118e0000, 0x1dce0000)
  eden space 18048K, 100% used [0x102e0000, 0x11480000, 0x11480000)
  from space 2240K,  18% used [0x116b0000, 0x11717f18, 0x118e0000)
  to   space 2240K,   0% used [0x11480000, 0x11480000, 0x116b0000)
 tenured generation   total 67440K, used 41597K [0x1dce0000, 0x21ebc000, 0x46ae0000)
   the space 67440K,  61% used [0x1dce0000, 0x2057f7f8, 0x2057f800, 0x21ebc000)
 compacting perm gen  total 36096K, used 35996K [0x46ae0000, 0x48e20000, 0x4cae0000)
   the space 36096K,  99% used [0x46ae0000, 0x48e07060, 0x48e07200, 0x48e20000)
No shared spaces configured.
Event: 500.171 GC heap after
Heap after GC invocations=185 (full 2):
 def new generation   total 20288K, used 613K [0x102e0000, 0x118e0000, 0x1dce0000)
  eden space 18048K,   0% used [0x102e0000, 0x102e0000, 0x11480000)
  from space 2240K,  27% used [0x11480000, 0x11519558, 0x116b0000)
  to   space 2240K,   0% used [0x116b0000, 0x116b0000, 0x118e0000)
 tenured generation   total 67440K, used 41597K [0x1dce0000, 0x21ebc000, 0x46ae0000)
   the space 67440K,  61% used [0x1dce0000, 0x2057f7f8, 0x2057f800, 0x21ebc000)
 compacting perm gen  total 36096K, used 35996K [0x46ae0000, 0x48e20000, 0x4cae0000)
   the space 36096K,  99% used [0x46ae0000, 0x48e07060, 0x48e07200, 0x48e20000)
No shared spaces configured.
}
Event: 501.602 GC heap before
{Heap before GC invocations=185 (full 2):
 def new generation   total 20288K, used 18661K [0x102e0000, 0x118e0000, 0x1dce0000)
  eden space 18048K, 100% used [0x102e0000, 0x11480000, 0x11480000)
  from space 2240K,  27% used [0x11480000, 0x11519558, 0x116b0000)
  to   space 2240K,   0% used [0x116b0000, 0x116b0000, 0x118e0000)
 tenured generation   total 67440K, used 41597K [0x1dce0000, 0x21ebc000, 0x46ae0000)
   the space 67440K,  61% used [0x1dce0000, 0x2057f7f8, 0x2057f800, 0x21ebc000)
 compacting perm gen  total 36352K, used 36274K [0x46ae0000, 0x48e60000, 0x4cae0000)
   the space 36352K,  99% used [0x46ae0000, 0x48e4ca28, 0x48e4cc00, 0x48e60000)
No shared spaces configured.
Event: 501.610 GC heap after
Heap after GC invocations=186 (full 2):
 def new generation   total 20288K, used 2240K [0x102e0000, 0x118e0000, 0x1dce0000)
  eden space 18048K,   0% used [0x102e0000, 0x102e0000, 0x11480000)
  from space 2240K, 100% used [0x116b0000, 0x118e0000, 0x118e0000)
  to   space 2240K,   0% used [0x11480000, 0x11480000, 0x116b0000)
 tenured generation   total 67440K, used 42584K [0x1dce0000, 0x21ebc000, 0x46ae0000)
   the space 67440K,  63% used [0x1dce0000, 0x20676380, 0x20676400, 0x21ebc000)
 compacting perm gen  total 36352K, used 36274K [0x46ae0000, 0x48e60000, 0x4cae0000)
   the space 36352K,  99% used [0x46ae0000, 0x48e4ca28, 0x48e4cc00, 0x48e60000)
No shared spaces configured.
}
Event: 502.062 GC heap before
{Heap before GC invocations=186 (full 2):
 def new generation   total 20288K, used 20288K [0x102e0000, 0x118e0000, 0x1dce0000)
  eden space 18048K, 100% used [0x102e0000, 0x11480000, 0x11480000)
  from space 2240K, 100% used [0x116b0000, 0x118e0000, 0x118e0000)
  to   space 2240K,   0% used [0x11480000, 0x11480000, 0x116b0000)
 tenured generation   total 67440K, used 42584K [0x1dce0000, 0x21ebc000, 0x46ae0000)
   the space 67440K,  63% used [0x1dce0000, 0x20676380, 0x20676400, 0x21ebc000)
 compacting perm gen  total 37120K, used 37053K [0x46ae0000, 0x48f20000, 0x4cae0000)
   the space 37120K,  99% used [0x46ae0000, 0x48f0f5c0, 0x48f0f600, 0x48f20000)
No shared spaces configured.
Event: 502.075 GC heap after
Heap after GC invocations=187 (full 2):
 def new generation   total 20288K, used 1338K [0x102e0000, 0x118e0000, 0x1dce0000)
  eden space 18048K,   0% used [0x102e0000, 0x102e0000, 0x11480000)
  from space 2240K,  59% used [0x11480000, 0x115ce828, 0x116b0000)
  to   space 2240K,   0% used [0x116b0000, 0x116b0000, 0x118e0000)
 tenured generation   total 67440K, used 44823K [0x1dce0000, 0x21ebc000, 0x46ae0000)
   the space 67440K,  66% used [0x1dce0000, 0x208a5ce8, 0x208a5e00, 0x21ebc000)
 compacting perm gen  total 37120K, used 37053K [0x46ae0000, 0x48f20000, 0x4cae0000)
   the space 37120K,  99% used [0x46ae0000, 0x48f0f5c0, 0x48f0f600, 0x48f20000)
No shared spaces configured.
}

