# JRE version: 7.0_11-b21
# Java VM: Java HotSpot(TM) Client VM (23.6-b04 mixed mode windows-x86 )
Heap
 def new generation   total 26368K, used 1177K [0x102e0000, 0x11f70000, 0x1dce0000)
  eden space 23488K,   0% used [0x102e0000, 0x102f5300, 0x119d0000)
  from space 2880K,  37% used [0x11ca0000, 0x11db13e8, 0x11f70000)
  to   space 2880K,   0% used [0x119d0000, 0x119d0000, 0x11ca0000)
 tenured generation   total 87504K, used 61311K [0x1dce0000, 0x23254000, 0x46ae0000)
   the space 87504K,  70% used [0x1dce0000, 0x218bffa8, 0x218c0000, 0x23254000)
 compacting perm gen  total 40448K, used 40220K [0x46ae0000, 0x49260000, 0x4cae0000)
   the space 40448K,  99% used [0x46ae0000, 0x492272d0, 0x49227400, 0x49260000)
GC Heap History (10 events):
Event: 898.576 GC heap before
{Heap before GC invocations=171 (full 2):
 def new generation   total 26368K, used 26238K [0x102e0000, 0x11f70000, 0x1dce0000)
  eden space 23488K, 100% used [0x102e0000, 0x119d0000, 0x119d0000)
  from space 2880K,  95% used [0x119d0000, 0x11c7fbc8, 0x11ca0000)
  to   space 2880K,   0% used [0x11ca0000, 0x11ca0000, 0x11f70000)
 tenured generation   total 87504K, used 55323K [0x1dce0000, 0x23254000, 0x46ae0000)
   the space 87504K,  63% used [0x1dce0000, 0x212e6f88, 0x212e7000, 0x23254000)
 compacting perm gen  total 38144K, used 37941K [0x46ae0000, 0x49020000, 0x4cae0000)
   the space 38144K,  99% used [0x46ae0000, 0x48fed7b0, 0x48fed800, 0x49020000)
No shared spaces configured.
Event: 898.593 GC heap after
Heap after GC invocations=172 (full 2):
 def new generation   total 26368K, used 2880K [0x102e0000, 0x11f70000, 0x1dce0000)
  eden space 23488K,   0% used [0x102e0000, 0x102e0000, 0x119d0000)
  from space 2880K, 100% used [0x11ca0000, 0x11f70000, 0x11f70000)
  to   space 2880K,   0% used [0x119d0000, 0x119d0000, 0x11ca0000)
 tenured generation   total 87504K, used 57601K [0x1dce0000, 0x23254000, 0x46ae0000)
   the space 87504K,  65% used [0x1dce0000, 0x21520438, 0x21520600, 0x23254000)
 compacting perm gen  total 38144K, used 37941K [0x46ae0000, 0x49020000, 0x4cae0000)
   the space 38144K,  99% used [0x46ae0000, 0x48fed7b0, 0x48fed800, 0x49020000)
No shared spaces configured.
}
Event: 899.267 GC heap before
{Heap before GC invocations=172 (full 2):
 def new generation   total 26368K, used 26368K [0x102e0000, 0x11f70000, 0x1dce0000)
  eden space 23488K, 100% used [0x102e0000, 0x119d0000, 0x119d0000)
  from space 2880K, 100% used [0x11ca0000, 0x11f70000, 0x11f70000)
  to   space 2880K,   0% used [0x119d0000, 0x119d0000, 0x11ca0000)
 tenured generation   total 87504K, used 57601K [0x1dce0000, 0x23254000, 0x46ae0000)
   the space 87504K,  65% used [0x1dce0000, 0x21520438, 0x21520600, 0x23254000)
 compacting perm gen  total 38656K, used 38603K [0x46ae0000, 0x490a0000, 0x4cae0000)
   the space 38656K,  99% used [0x46ae0000, 0x49092d78, 0x49092e00, 0x490a0000)
No shared spaces configured.
Event: 899.279 GC heap after
Heap after GC invocations=173 (full 2):
 def new generation   total 26368K, used 785K [0x102e0000, 0x11f70000, 0x1dce0000)
  eden space 23488K,   0% used [0x102e0000, 0x102e0000, 0x119d0000)
  from space 2880K,  27% used [0x119d0000, 0x11a946a0, 0x11ca0000)
  to   space 2880K,   0% used [0x11ca0000, 0x11ca0000, 0x11f70000)
 tenured generation   total 87504K, used 59796K [0x1dce0000, 0x23254000, 0x46ae0000)
   the space 87504K,  68% used [0x1dce0000, 0x217453d8, 0x21745400, 0x23254000)
 compacting perm gen  total 38656K, used 38603K [0x46ae0000, 0x490a0000, 0x4cae0000)
   the space 38656K,  99% used [0x46ae0000, 0x49092d78, 0x49092e00, 0x490a0000)
No shared spaces configured.
}
Event: 899.437 GC heap before
{Heap before GC invocations=173 (full 2):
 def new generation   total 26368K, used 24273K [0x102e0000, 0x11f70000, 0x1dce0000)
  eden space 23488K, 100% used [0x102e0000, 0x119d0000, 0x119d0000)
  from space 2880K,  27% used [0x119d0000, 0x11a946a0, 0x11ca0000)
  to   space 2880K,   0% used [0x11ca0000, 0x11ca0000, 0x11f70000)
 tenured generation   total 87504K, used 59796K [0x1dce0000, 0x23254000, 0x46ae0000)
   the space 87504K,  68% used [0x1dce0000, 0x217453d8, 0x21745400, 0x23254000)
 compacting perm gen  total 39168K, used 39159K [0x46ae0000, 0x49120000, 0x4cae0000)
   the space 39168K,  99% used [0x46ae0000, 0x4911de28, 0x4911e000, 0x49120000)
No shared spaces configured.
Event: 899.442 GC heap after
Heap after GC invocations=174 (full 2):
 def new generation   total 26368K, used 1527K [0x102e0000, 0x11f70000, 0x1dce0000)
  eden space 23488K,   0% used [0x102e0000, 0x102e0000, 0x119d0000)
  from space 2880K,  53% used [0x11ca0000, 0x11e1dcf0, 0x11f70000)
  to   space 2880K,   0% used [0x119d0000, 0x119d0000, 0x11ca0000)
 tenured generation   total 87504K, used 59796K [0x1dce0000, 0x23254000, 0x46ae0000)
   the space 87504K,  68% used [0x1dce0000, 0x217453d8, 0x21745400, 0x23254000)
 compacting perm gen  total 39168K, used 39159K [0x46ae0000, 0x49120000, 0x4cae0000)
   the space 39168K,  99% used [0x46ae0000, 0x4911de28, 0x4911e000, 0x49120000)
No shared spaces configured.
}
Event: 899.844 GC heap before
{Heap before GC invocations=174 (full 2):
 def new generation   total 26368K, used 25015K [0x102e0000, 0x11f70000, 0x1dce0000)
  eden space 23488K, 100% used [0x102e0000, 0x119d0000, 0x119d0000)
  from space 2880K,  53% used [0x11ca0000, 0x11e1dcf0, 0x11f70000)
  to   space 2880K,   0% used [0x119d0000, 0x119d0000, 0x11ca0000)
 tenured generation   total 87504K, used 59796K [0x1dce0000, 0x23254000, 0x46ae0000)
   the space 87504K,  68% used [0x1dce0000, 0x217453d8, 0x21745400, 0x23254000)
 compacting perm gen  total 39680K, used 39494K [0x46ae0000, 0x491a0000, 0x4cae0000)
   the space 39680K,  99% used [0x46ae0000, 0x49171958, 0x49171a00, 0x491a0000)
No shared spaces configured.
Event: 899.849 GC heap after
Heap after GC invocations=175 (full 2):
 def new generation   total 26368K, used 2318K [0x102e0000, 0x11f70000, 0x1dce0000)
  eden space 23488K,   0% used [0x102e0000, 0x102e0000, 0x119d0000)
  from space 2880K,  80% used [0x119d0000, 0x11c139d0, 0x11ca0000)
  to   space 2880K,   0% used [0x11ca0000, 0x11ca0000, 0x11f70000)
 tenured generation   total 87504K, used 60044K [0x1dce0000, 0x23254000, 0x46ae0000)
   the space 87504K,  68% used [0x1dce0000, 0x217832c8, 0x21783400, 0x23254000)
 compacting perm gen  total 39680K, used 39494K [0x46ae0000, 0x491a0000, 0x4cae0000)
   the space 39680K,  99% used [0x46ae0000, 0x49171958, 0x49171a00, 0x491a0000)
No shared spaces configured.
}
Event: 900.006 GC heap before
{Heap before GC invocations=175 (full 2):
 def new generation   total 26368K, used 25806K [0x102e0000, 0x11f70000, 0x1dce0000)
  eden space 23488K, 100% used [0x102e0000, 0x119d0000, 0x119d0000)
  from space 2880K,  80% used [0x119d0000, 0x11c139d0, 0x11ca0000)
  to   space 2880K,   0% used [0x11ca0000, 0x11ca0000, 0x11f70000)
 tenured generation   total 87504K, used 60044K [0x1dce0000, 0x23254000, 0x46ae0000)
   the space 87504K,  68% used [0x1dce0000, 0x217832c8, 0x21783400, 0x23254000)
 compacting perm gen  total 40448K, used 40218K [0x46ae0000, 0x49260000, 0x4cae0000)
   the space 40448K,  99% used [0x46ae0000, 0x49226848, 0x49226a00, 0x49260000)
No shared spaces configured.
Event: 900.011 GC heap after
Heap after GC invocations=176 (full 2):
 def new generation   total 26368K, used 1092K [0x102e0000, 0x11f70000, 0x1dce0000)
  eden space 23488K,   0% used [0x102e0000, 0x102e0000, 0x119d0000)
  from space 2880K,  37% used [0x11ca0000, 0x11db13e8, 0x11f70000)
  to   space 2880K,   0% used [0x119d0000, 0x119d0000, 0x11ca0000)
 tenured generation   total 87504K, used 61311K [0x1dce0000, 0x23254000, 0x46ae0000)
   the space 87504K,  70% used [0x1dce0000, 0x218bffa8, 0x218c0000, 0x23254000)
 compacting perm gen  total 40448K, used 40218K [0x46ae0000, 0x49260000, 0x4cae0000)
   the space 40448K,  99% used [0x46ae0000, 0x49226848, 0x49226a00, 0x49260000)
No shared spaces configured.
}

